2017.03.28 14:32:17.328 CEST INFO: *** SYSTEM START *** -- SystemUtilities.logSystemInfo()
2017.03.28 14:32:17.335 CEST CONFIG: Protege 3.5 Build 663, JVM 1.8.0_91-b14, memory=3817M, Mac OS X, encoding=UTF-8, language=en, country=US -- SystemUtilities.logSystemInfo()
2017.03.28 14:32:17.433 CEST CONFIG: Loaded plugin edu.stanford.smi.protegex.owl - OWL Plugin -- PluginUtilities.logClassLoaderInformation()
2017.03.28 14:32:17.946 CEST CONFIG: Loaded plugin ca.uvic.cs.chisel.jambalaya - Jambalaya -- PluginUtilities.logClassLoaderInformation()
2017.03.28 14:32:17.960 CEST CONFIG: Loaded plugin com.clarkparsia.protege3.database - Clark Parsia Database Backend -- PluginUtilities.logClassLoaderInformation()
2017.03.28 14:32:17.964 CEST WARNING: java.lang.ClassNotFoundException: com.clarkparsia.protege3.storage.database.owl.CreateCPOWLDatabaseProjectPlugin -- PluginUtilities.isLoadableClass()
2017.03.28 14:32:17.964 CEST CONFIG: Loaded plugin dfki.protege.ontoviz -- PluginUtilities.logClassLoaderInformation()
2017.03.28 14:32:17.970 CEST CONFIG: Loaded plugin edu.stanford.smi.protegex.standard_extensions - Graph Widget, Table Widget -- PluginUtilities.logClassLoaderInformation()
2017.03.28 14:32:18.033 CEST CONFIG: Loaded plugin edu.stanford.bmir.protegex.bp.ref - BioPortal Reference Plugin, BioPortal Import Plugin -- PluginUtilities.logClassLoaderInformation()
2017.03.28 14:32:18.048 CEST CONFIG: Loaded plugin edu.stanford.smi.protegex.rdf_backend - RDF Backend -- PluginUtilities.logClassLoaderInformation()
2017.03.28 14:32:18.061 CEST CONFIG: Loaded plugin edu.stanford.smi.protegex.changes - Changes tab -- PluginUtilities.logClassLoaderInformation()
2017.03.28 14:32:18.074 CEST CONFIG: Loaded plugin edu.stanford.smi.protegex.chatPlugin - Chat -- PluginUtilities.logClassLoaderInformation()
2017.03.28 14:32:18.077 CEST CONFIG: Loaded plugin edu.stanford.smi.protege.collab - Collaborative Protege -- PluginUtilities.logClassLoaderInformation()
2017.03.28 14:32:18.086 CEST CONFIG: Loaded plugin edu.stanford.smi.protege.script - Script Plugin -- PluginUtilities.logClassLoaderInformation()
2017.03.28 14:32:18.092 CEST CONFIG: Loaded plugin edu.stanford.smi.protege.stringsearch - String Search Tab -- PluginUtilities.logClassLoaderInformation()
2017.03.28 14:32:18.097 CEST CONFIG: Loaded plugin edu.stanford.smi.protegex.changeanalysis - Change Analysis Tab -- PluginUtilities.logClassLoaderInformation()
2017.03.28 14:32:18.161 CEST CONFIG: Loaded plugin edu.stanford.smi.protegex.datamaster - DataMaster Tab -- PluginUtilities.logClassLoaderInformation()
2017.03.28 14:32:18.165 CEST CONFIG: Loaded plugin edu.stanford.smi.protegex.pal_tabs - PAL Tabs -- PluginUtilities.logClassLoaderInformation()
2017.03.28 14:32:18.178 CEST CONFIG: Loaded plugin edu.stanford.smi.protegex.ezpal - EZPal Tab -- PluginUtilities.logClassLoaderInformation()
2017.03.28 14:32:18.180 CEST CONFIG: Loaded plugin edu.stanford.smi.protegex.facets_tab -- PluginUtilities.logClassLoaderInformation()
2017.03.28 14:32:18.183 CEST CONFIG: Loaded plugin edu.stanford.smi.protegex.instance_tree -- PluginUtilities.logClassLoaderInformation()
2017.03.28 14:32:18.192 CEST CONFIG: Loaded plugin edu.stanford.smi.protegex.prompt - PROMPT Tab -- PluginUtilities.logClassLoaderInformation()
2017.03.28 14:32:18.350 CEST CONFIG: Loaded plugin edu.stanford.smi.protegex.metaanalysis - MetaAnalysis Tab -- PluginUtilities.logClassLoaderInformation()
2017.03.28 14:32:18.361 CEST CONFIG: Loaded plugin edu.stanford.smi.protegex.owl.inference.pellet - Protege Pellet Reasoner -- PluginUtilities.logClassLoaderInformation()
2017.03.28 14:32:18.374 CEST CONFIG: Loaded plugin edu.stanford.smi.protegex.query.lucene - LuceneQueryTab -- PluginUtilities.logClassLoaderInformation()
2017.03.28 14:32:18.425 CEST CONFIG: Loaded plugin edu.stanford.smi.protegex.xml_tab - XML Tab -- PluginUtilities.logClassLoaderInformation()
2017.03.28 14:32:18.431 CEST CONFIG: Loaded plugin org.protege.owl.axiome - Axiome Plugin -- PluginUtilities.logClassLoaderInformation()
2017.03.28 14:32:18.447 CEST CONFIG: Loaded plugin org.protege.owl.mappingmaster - MappingMaster Plugin -- PluginUtilities.logClassLoaderInformation()
2017.03.28 14:32:18.452 CEST CONFIG: Loaded plugin se.liu.ida.JessTab - JessTab Plugin -- PluginUtilities.logClassLoaderInformation()
2017.03.28 14:32:18.461 CEST CONFIG: Loaded plugin UBBgYearWidget - UBBgYearWidget -- PluginUtilities.logClassLoaderInformation()
2017.03.28 14:32:18.463 CEST CONFIG: Loaded plugin ubbIdGeneratorSlotWidget - UBBIdGeneratorSlotWidget -- PluginUtilities.logClassLoaderInformation()
2017.03.28 14:32:18.472 CEST CONFIG: Loaded plugin uk.ac.iam.soton.akt.tgviztab - TGVizTab -- PluginUtilities.logClassLoaderInformation()
2017.03.28 14:32:18.482 CEST CONFIG: Loaded plugin uk.ac.man.cs.mig.coode.debugger -- PluginUtilities.logClassLoaderInformation()
2017.03.28 14:32:18.493 CEST CONFIG: Loaded plugin uk.ac.man.cs.mig.coode.manchesterowlsyntaxeditor -- PluginUtilities.logClassLoaderInformation()
2017.03.28 14:32:18.495 CEST CONFIG: Loaded plugin uk.ac.man.cs.mig.coode.owldoc -- PluginUtilities.logClassLoaderInformation()
2017.03.28 14:32:18.497 CEST CONFIG: Loaded plugin uk.ac.man.cs.mig.coode.owlindividualstab -- PluginUtilities.logClassLoaderInformation()
2017.03.28 14:32:18.501 CEST CONFIG: Loaded plugin uk.ac.man.cs.mig.coode.owlviz -- PluginUtilities.logClassLoaderInformation()
2017.03.28 14:32:18.509 CEST CONFIG: Loaded plugin uk.ac.man.cs.mig.coode.protege.wizard - Basic Wizards -- PluginUtilities.logClassLoaderInformation()
2017.03.28 14:32:18.511 CEST CONFIG: Loaded plugin uk.ac.man.cs.mig.coode.protege.wizard.owl - OWL Wizards -- PluginUtilities.logClassLoaderInformation()
2017.03.28 14:32:23.136 CEST INFO: Loading triples for: file:/Volumes/HEMED/SVNRepos/dst/projects/protege-projects/skeivt-arkiv/skeivt-arkiv-test.rdf-xml.owl -- ProtegeOWLParser.loadTriples()
2017.03.28 14:32:23.319 CEST INFO:     Completed triple loading after 181 ms -- ProtegeOWLParser.loadTriples()
2017.03.28 14:32:23.321 CEST INFO: Importing http://data.ub.uib.no/ontology/ubbont.owl from location: http://data.ub.uib.no/ontology/ubbont.owl -- AbstractOWLModel.loadImportedAssertions()
2017.03.28 14:32:23.326 CEST INFO: Loading triples for: http://data.ub.uib.no/ontology/ubbont.owl -- ProtegeOWLParser.loadTriples()
2017.03.28 14:32:23.411 CEST INFO:     Completed triple loading after 84 ms -- ProtegeOWLParser.loadTriples()
2017.03.28 14:32:23.411 CEST INFO: http://data.ub.uib.no/ontology/ubbont.owl already imported as triple store http://data.ub.uib.no/ontology/ubbont.owl -- AbstractOWLModel.loadImportedAssertions()
2017.03.28 14:32:23.413 CEST INFO: Postprocess: Process entities with incorrect Java type (28 entities) ...  -- TriplePostProcessor.processFramesWithWrongJavaType()
2017.03.28 14:32:23.414 CEST INFO: 1 ms
 -- TriplePostProcessor.processFramesWithWrongJavaType()
2017.03.28 14:32:23.414 CEST INFO: Postprocess: Process metaclasses (3 metaclasses) ...  -- TriplePostProcessor.processMetaclasses()
2017.03.28 14:32:23.414 CEST INFO: 0 ms
 -- TriplePostProcessor.processMetaclasses()
2017.03.28 14:32:23.414 CEST INFO: Postprocess: Process subclasses of rdf:List (1 classes) ...  -- TriplePostProcessor.processSubclassesOfRdfList()
2017.03.28 14:32:23.414 CEST INFO: 0 ms
 -- TriplePostProcessor.processSubclassesOfRdfList()
2017.03.28 14:32:23.415 CEST INFO: Postprocess: Instances with multiple types (113 instances) ...  -- TriplePostProcessor.processInstancesWithMultipleTypes()
2017.03.28 14:32:23.417 CEST INFO: 2 ms
 -- TriplePostProcessor.processInstancesWithMultipleTypes()
2017.03.28 14:32:23.418 CEST INFO: Postprocess: Add inferred superclasses ...  -- TriplePostProcessor.processInferredSuperclasses()
2017.03.28 14:32:23.419 CEST INFO: 0 ms
 -- TriplePostProcessor.processInferredSuperclasses()
2017.03.28 14:32:23.421 CEST INFO: Postprocess: Process orphan classes (144 classes) ...  -- TriplePostProcessor.processOrphanClses()
2017.03.28 14:32:23.423 CEST INFO: 1 ms
 -- TriplePostProcessor.processOrphanClses()
2017.03.28 14:32:23.423 CEST INFO: Postprocess: Generalized Concept Inclusion (0 axioms) ...  -- TriplePostProcessor.processGeneralizedConceptInclusions()
2017.03.28 14:32:23.423 CEST INFO: 0 ms
 -- TriplePostProcessor.processGeneralizedConceptInclusions()
2017.03.28 14:32:23.423 CEST INFO: Postprocess: Abstract classes...  -- TriplePostProcessor.processAbstractClasses()
2017.03.28 14:32:23.423 CEST INFO: 0 ms
 -- TriplePostProcessor.processAbstractClasses()
2017.03.28 14:32:23.423 CEST INFO: Postprocess: Domain and range of properties...  -- TriplePostProcessor.processDomainAndRange()
2017.03.28 14:32:23.439 CEST INFO: 16 ms
 -- TriplePostProcessor.processDomainAndRange()
2017.03.28 14:32:23.439 CEST INFO: Postprocess: Possibly typed entities (6 resources) ...  -- TriplePostProcessor.processPossiblyTypedResources()
2017.03.28 14:32:23.440 CEST INFO: 0 ms
 -- TriplePostProcessor.processPossiblyTypedResources()
2017.03.28 14:32:23.440 CEST INFO: Updating underlying frames model in 0 ms -- ProtegeOWLParser.doFinalPostProcessing()
2017.03.28 14:32:25.477 CEST INFO: Load time for file:/Volumes/HEMED/SVNRepos/dst/projects/protege-projects/skeivt-arkiv/skeivt-arkiv-test.rdf-xml.pprj = 1 sec (project) + 2 sec (ui) -- ProjectManager$3.run()
2017.03.28 14:35:12.817 CEST SEVERE: Uncaught Exception -- java.lang.IllegalArgumentException: null class
	at edu.stanford.smi.protege.model.framestore.ArgumentCheckingFrameStore.assertNotNull(ArgumentCheckingFrameStore.java:25)
	at edu.stanford.smi.protege.model.framestore.ArgumentCheckingFrameStore.checkCls(ArgumentCheckingFrameStore.java:38)
	at edu.stanford.smi.protege.model.framestore.ArgumentCheckingFrameStore.getTemplateFacetValues(ArgumentCheckingFrameStore.java:302)
	at edu.stanford.smi.protege.model.framestore.ModificationFrameStore.getTemplateFacetValues(ModificationFrameStore.java:162)
	at edu.stanford.smi.protege.model.framestore.FrameStoreAdapter.getTemplateFacetValues(FrameStoreAdapter.java:228)
	at edu.stanford.smi.protege.model.framestore.FrameStoreAdapter.getTemplateFacetValues(FrameStoreAdapter.java:228)
	at edu.stanford.smi.protege.model.framestore.FrameStoreAdapter.getTemplateFacetValues(FrameStoreAdapter.java:228)
	at edu.stanford.smi.protege.model.framestore.FrameStoreAdapter.getTemplateFacetValues(FrameStoreAdapter.java:228)
	at edu.stanford.smi.protege.model.framestore.FrameStoreAdapter.getTemplateFacetValues(FrameStoreAdapter.java:228)
	at edu.stanford.smi.protege.model.framestore.FrameStoreAdapter.getTemplateFacetValues(FrameStoreAdapter.java:228)
	at edu.stanford.smi.protege.model.framestore.FrameStoreAdapter.getTemplateFacetValues(FrameStoreAdapter.java:228)
	at edu.stanford.smi.protege.model.framestore.FrameStoreAdapter.getTemplateFacetValues(FrameStoreAdapter.java:228)
	at edu.stanford.smi.protege.model.framestore.FrameStoreAdapter.getTemplateFacetValues(FrameStoreAdapter.java:228)
	at edu.stanford.smi.protege.model.framestore.FrameStoreAdapter.getTemplateFacetValues(FrameStoreAdapter.java:228)
	at edu.stanford.smi.protege.model.DefaultKnowledgeBase.getTemplateFacetValues(DefaultKnowledgeBase.java:1307)
	at edu.stanford.smi.protege.model.DefaultKnowledgeBase.getTemplateFacetValue(DefaultKnowledgeBase.java:1302)
	at edu.stanford.smi.protege.model.DefaultKnowledgeBase.getTemplateSlotMaximumCardinality2(DefaultKnowledgeBase.java:1344)
	at edu.stanford.smi.protege.model.DefaultKnowledgeBase.getTemplateSlotAllowsMultipleValues(DefaultKnowledgeBase.java:1326)
	at edu.stanford.smi.protege.model.DefaultKnowledgeBase.getOwnSlotAllowsMultipleValues(DefaultKnowledgeBase.java:1100)
	at edu.stanford.smi.protege.model.DefaultFrame.getOwnSlotAllowsMultipleValues(DefaultFrame.java:258)
	at edu.stanford.smi.protege.widget.AbstractSlotWidget.setWidgetValues(AbstractSlotWidget.java:506)
	at edu.stanford.smi.protege.widget.AbstractSlotWidget.loadValues(AbstractSlotWidget.java:357)
	at edu.stanford.smi.protege.widget.AbstractSlotWidget.setInstance(AbstractSlotWidget.java:417)
	at edu.stanford.smi.protegex.owl.ui.widget.AbstractPropertyValuesWidget.setInstance(AbstractPropertyValuesWidget.java:99)
	at edu.stanford.smi.protege.widget.FormWidget.propagateSetInstanceToWidgets(FormWidget.java:789)
	at edu.stanford.smi.protege.widget.FormWidget.setInstance(FormWidget.java:1006)
	at edu.stanford.smi.protege.ui.InstanceDisplay.setInstance(InstanceDisplay.java:759)
	at edu.stanford.smi.protegex.owl.ui.resourcedisplay.ResourceDisplay.setInstance(ResourceDisplay.java:667)
	at edu.stanford.smi.protege.ui.InstanceDisplay.setInstance(InstanceDisplay.java:744)
	at edu.stanford.smi.protegex.owl.ui.resourcedisplay.ResourceDisplay.setInstance(ResourceDisplay.java:651)
	at edu.stanford.smi.protegex.owl.ui.resourcedisplay.ResourceDisplay.setResource(ResourceDisplay.java:673)
	at edu.stanford.smi.protegex.owl.ui.individuals.OWLIndividualsTab$1.selectionChanged(OWLIndividualsTab.java:120)
	at edu.stanford.smi.protege.util.SelectionEventDispatcher.postEvent(SelectionEventDispatcher.java:19)
	at edu.stanford.smi.protege.util.ListenerCollection.postEvent(ListenerCollection.java:72)
	at edu.stanford.smi.protege.util.ListenerCollection.postEvent(ListenerCollection.java:55)
	at edu.stanford.smi.protege.util.SelectableContainer.notifySelectionListeners(SelectableContainer.java:76)
	at edu.stanford.smi.protege.util.SelectableContainer$1.selectionChanged(SelectableContainer.java:22)
	at edu.stanford.smi.protege.util.SelectionEventDispatcher.postEvent(SelectionEventDispatcher.java:19)
	at edu.stanford.smi.protege.util.ListenerCollection.postEvent(ListenerCollection.java:72)
	at edu.stanford.smi.protege.util.ListenerCollection.postEvent(ListenerCollection.java:55)
	at edu.stanford.smi.protege.util.SelectableList.notifySelectionListeners(SelectableList.java:54)
	at edu.stanford.smi.protege.util.SelectableList$1.valueChanged(SelectableList.java:30)
	at javax.swing.JList.fireSelectionValueChanged(JList.java:1796)
	at javax.swing.JList$ListSelectionHandler.valueChanged(JList.java:1810)
	at javax.swing.DefaultListSelectionModel.fireValueChanged(DefaultListSelectionModel.java:184)
	at javax.swing.DefaultListSelectionModel.fireValueChanged(DefaultListSelectionModel.java:164)
	at javax.swing.DefaultListSelectionModel.fireValueChanged(DefaultListSelectionModel.java:211)
	at javax.swing.DefaultListSelectionModel.changeSelection(DefaultListSelectionModel.java:405)
	at javax.swing.DefaultListSelectionModel.changeSelection(DefaultListSelectionModel.java:415)
	at javax.swing.DefaultListSelectionModel.setSelectionInterval(DefaultListSelectionModel.java:459)
	at javax.swing.JList.setSelectedIndex(JList.java:2210)
	at javax.swing.JList.setSelectedValue(JList.java:2360)
	at edu.stanford.smi.protegex.owl.ui.individuals.AssertedInstancesListPanel$4.onCreate(AssertedInstancesListPanel.java:326)
	at edu.stanford.smi.protege.util.CreateAction.actionPerformed(CreateAction.java:32)
	at javax.swing.AbstractButton.fireActionPerformed(AbstractButton.java:2022)
	at javax.swing.AbstractButton$Handler.actionPerformed(AbstractButton.java:2348)
	at javax.swing.DefaultButtonModel.fireActionPerformed(DefaultButtonModel.java:402)
	at javax.swing.DefaultButtonModel.setPressed(DefaultButtonModel.java:259)
	at javax.swing.plaf.basic.BasicButtonListener.mouseReleased(BasicButtonListener.java:252)
	at java.awt.AWTEventMulticaster.mouseReleased(AWTEventMulticaster.java:289)
	at java.awt.Component.processMouseEvent(Component.java:6535)
	at javax.swing.JComponent.processMouseEvent(JComponent.java:3324)
	at java.awt.Component.processEvent(Component.java:6300)
	at java.awt.Container.processEvent(Container.java:2236)
	at java.awt.Component.dispatchEventImpl(Component.java:4891)
	at java.awt.Container.dispatchEventImpl(Container.java:2294)
	at java.awt.Component.dispatchEvent(Component.java:4713)
	at java.awt.LightweightDispatcher.retargetMouseEvent(Container.java:4888)
	at java.awt.LightweightDispatcher.processMouseEvent(Container.java:4525)
	at java.awt.LightweightDispatcher.dispatchEvent(Container.java:4466)
	at java.awt.Container.dispatchEventImpl(Container.java:2280)
	at java.awt.Window.dispatchEventImpl(Window.java:2750)
	at java.awt.Component.dispatchEvent(Component.java:4713)
	at java.awt.EventQueue.dispatchEventImpl(EventQueue.java:758)
	at java.awt.EventQueue.access$500(EventQueue.java:97)
	at java.awt.EventQueue$3.run(EventQueue.java:709)
	at java.awt.EventQueue$3.run(EventQueue.java:703)
	at java.security.AccessController.doPrivileged(Native Method)
	at java.security.ProtectionDomain$JavaSecurityAccessImpl.doIntersectionPrivilege(ProtectionDomain.java:76)
	at java.security.ProtectionDomain$JavaSecurityAccessImpl.doIntersectionPrivilege(ProtectionDomain.java:86)
	at java.awt.EventQueue$4.run(EventQueue.java:731)
	at java.awt.EventQueue$4.run(EventQueue.java:729)
	at java.security.AccessController.doPrivileged(Native Method)
	at java.security.ProtectionDomain$JavaSecurityAccessImpl.doIntersectionPrivilege(ProtectionDomain.java:76)
	at java.awt.EventQueue.dispatchEvent(EventQueue.java:728)
	at java.awt.EventDispatchThread.pumpOneEventForFilters(EventDispatchThread.java:201)
	at java.awt.EventDispatchThread.pumpEventsForFilter(EventDispatchThread.java:116)
	at java.awt.EventDispatchThread.pumpEventsForHierarchy(EventDispatchThread.java:105)
	at java.awt.EventDispatchThread.pumpEvents(EventDispatchThread.java:101)
	at java.awt.EventDispatchThread.pumpEvents(EventDispatchThread.java:93)
	at java.awt.EventDispatchThread.run(EventDispatchThread.java:82)

2017.03.28 14:35:16.542 CEST SEVERE: Uncaught Exception -- java.lang.IllegalArgumentException: null class
	at edu.stanford.smi.protege.model.framestore.ArgumentCheckingFrameStore.assertNotNull(ArgumentCheckingFrameStore.java:25)
	at edu.stanford.smi.protege.model.framestore.ArgumentCheckingFrameStore.checkCls(ArgumentCheckingFrameStore.java:38)
	at edu.stanford.smi.protege.model.framestore.ArgumentCheckingFrameStore.getTemplateFacetValues(ArgumentCheckingFrameStore.java:302)
	at edu.stanford.smi.protege.model.framestore.ModificationFrameStore.getTemplateFacetValues(ModificationFrameStore.java:162)
	at edu.stanford.smi.protege.model.framestore.FrameStoreAdapter.getTemplateFacetValues(FrameStoreAdapter.java:228)
	at edu.stanford.smi.protege.model.framestore.FrameStoreAdapter.getTemplateFacetValues(FrameStoreAdapter.java:228)
	at edu.stanford.smi.protege.model.framestore.FrameStoreAdapter.getTemplateFacetValues(FrameStoreAdapter.java:228)
	at edu.stanford.smi.protege.model.framestore.FrameStoreAdapter.getTemplateFacetValues(FrameStoreAdapter.java:228)
	at edu.stanford.smi.protege.model.framestore.FrameStoreAdapter.getTemplateFacetValues(FrameStoreAdapter.java:228)
	at edu.stanford.smi.protege.model.framestore.FrameStoreAdapter.getTemplateFacetValues(FrameStoreAdapter.java:228)
	at edu.stanford.smi.protege.model.framestore.FrameStoreAdapter.getTemplateFacetValues(FrameStoreAdapter.java:228)
	at edu.stanford.smi.protege.model.framestore.FrameStoreAdapter.getTemplateFacetValues(FrameStoreAdapter.java:228)
	at edu.stanford.smi.protege.model.framestore.FrameStoreAdapter.getTemplateFacetValues(FrameStoreAdapter.java:228)
	at edu.stanford.smi.protege.model.framestore.FrameStoreAdapter.getTemplateFacetValues(FrameStoreAdapter.java:228)
	at edu.stanford.smi.protege.model.DefaultKnowledgeBase.getTemplateFacetValues(DefaultKnowledgeBase.java:1307)
	at edu.stanford.smi.protege.model.DefaultKnowledgeBase.getTemplateFacetValue(DefaultKnowledgeBase.java:1302)
	at edu.stanford.smi.protege.model.DefaultKnowledgeBase.getTemplateSlotMaximumCardinality2(DefaultKnowledgeBase.java:1344)
	at edu.stanford.smi.protege.model.DefaultKnowledgeBase.getTemplateSlotAllowsMultipleValues(DefaultKnowledgeBase.java:1326)
	at edu.stanford.smi.protege.model.DefaultKnowledgeBase.getOwnSlotAllowsMultipleValues(DefaultKnowledgeBase.java:1100)
	at edu.stanford.smi.protege.model.DefaultFrame.getOwnSlotAllowsMultipleValues(DefaultFrame.java:258)
	at edu.stanford.smi.protege.widget.AbstractSlotWidget.setWidgetValues(AbstractSlotWidget.java:506)
	at edu.stanford.smi.protege.widget.AbstractSlotWidget.loadValues(AbstractSlotWidget.java:357)
	at edu.stanford.smi.protege.widget.AbstractSlotWidget.setInstance(AbstractSlotWidget.java:417)
	at edu.stanford.smi.protegex.owl.ui.widget.AbstractPropertyValuesWidget.setInstance(AbstractPropertyValuesWidget.java:99)
	at edu.stanford.smi.protege.widget.FormWidget.propagateSetInstanceToWidgets(FormWidget.java:789)
	at edu.stanford.smi.protege.widget.FormWidget.setInstance(FormWidget.java:1006)
	at edu.stanford.smi.protege.ui.InstanceDisplay.setInstance(InstanceDisplay.java:759)
	at edu.stanford.smi.protegex.owl.ui.resourcedisplay.ResourceDisplay.setInstance(ResourceDisplay.java:667)
	at edu.stanford.smi.protege.ui.InstanceDisplay.setInstance(InstanceDisplay.java:744)
	at edu.stanford.smi.protegex.owl.ui.resourcedisplay.ResourceDisplay.setInstance(ResourceDisplay.java:651)
	at edu.stanford.smi.protegex.owl.ui.resourcedisplay.ResourceDisplay.setResource(ResourceDisplay.java:673)
	at edu.stanford.smi.protegex.owl.ui.individuals.OWLIndividualsTab$1.selectionChanged(OWLIndividualsTab.java:120)
	at edu.stanford.smi.protege.util.SelectionEventDispatcher.postEvent(SelectionEventDispatcher.java:19)
	at edu.stanford.smi.protege.util.ListenerCollection.postEvent(ListenerCollection.java:72)
	at edu.stanford.smi.protege.util.ListenerCollection.postEvent(ListenerCollection.java:55)
	at edu.stanford.smi.protege.util.SelectableContainer.notifySelectionListeners(SelectableContainer.java:76)
	at edu.stanford.smi.protege.util.SelectableContainer$1.selectionChanged(SelectableContainer.java:22)
	at edu.stanford.smi.protege.util.SelectionEventDispatcher.postEvent(SelectionEventDispatcher.java:19)
	at edu.stanford.smi.protege.util.ListenerCollection.postEvent(ListenerCollection.java:72)
	at edu.stanford.smi.protege.util.ListenerCollection.postEvent(ListenerCollection.java:55)
	at edu.stanford.smi.protege.util.SelectableList.notifySelectionListeners(SelectableList.java:54)
	at edu.stanford.smi.protege.util.SelectableList$1.valueChanged(SelectableList.java:30)
	at javax.swing.JList.fireSelectionValueChanged(JList.java:1796)
	at javax.swing.JList$ListSelectionHandler.valueChanged(JList.java:1810)
	at javax.swing.DefaultListSelectionModel.fireValueChanged(DefaultListSelectionModel.java:184)
	at javax.swing.DefaultListSelectionModel.fireValueChanged(DefaultListSelectionModel.java:154)
	at javax.swing.DefaultListSelectionModel.setValueIsAdjusting(DefaultListSelectionModel.java:685)
	at javax.swing.JList.setValueIsAdjusting(JList.java:2140)
	at javax.swing.plaf.basic.BasicListUI$Handler.mouseReleased(BasicListUI.java:2796)
	at java.awt.AWTEventMulticaster.mouseReleased(AWTEventMulticaster.java:289)
	at java.awt.AWTEventMulticaster.mouseReleased(AWTEventMulticaster.java:289)
	at java.awt.AWTEventMulticaster.mouseReleased(AWTEventMulticaster.java:289)
	at java.awt.AWTEventMulticaster.mouseReleased(AWTEventMulticaster.java:289)
	at java.awt.AWTEventMulticaster.mouseReleased(AWTEventMulticaster.java:289)
	at java.awt.Component.processMouseEvent(Component.java:6535)
	at javax.swing.JComponent.processMouseEvent(JComponent.java:3324)
	at edu.stanford.smi.protege.util.SelectableList.processMouseEvent(SelectableList.java:76)
	at java.awt.Component.processEvent(Component.java:6300)
	at java.awt.Container.processEvent(Container.java:2236)
	at java.awt.Component.dispatchEventImpl(Component.java:4891)
	at java.awt.Container.dispatchEventImpl(Container.java:2294)
	at java.awt.Component.dispatchEvent(Component.java:4713)
	at java.awt.LightweightDispatcher.retargetMouseEvent(Container.java:4888)
	at java.awt.LightweightDispatcher.processMouseEvent(Container.java:4525)
	at java.awt.LightweightDispatcher.dispatchEvent(Container.java:4466)
	at java.awt.Container.dispatchEventImpl(Container.java:2280)
	at java.awt.Window.dispatchEventImpl(Window.java:2750)
	at java.awt.Component.dispatchEvent(Component.java:4713)
	at java.awt.EventQueue.dispatchEventImpl(EventQueue.java:758)
	at java.awt.EventQueue.access$500(EventQueue.java:97)
	at java.awt.EventQueue$3.run(EventQueue.java:709)
	at java.awt.EventQueue$3.run(EventQueue.java:703)
	at java.security.AccessController.doPrivileged(Native Method)
	at java.security.ProtectionDomain$JavaSecurityAccessImpl.doIntersectionPrivilege(ProtectionDomain.java:76)
	at java.security.ProtectionDomain$JavaSecurityAccessImpl.doIntersectionPrivilege(ProtectionDomain.java:86)
	at java.awt.EventQueue$4.run(EventQueue.java:731)
	at java.awt.EventQueue$4.run(EventQueue.java:729)
	at java.security.AccessController.doPrivileged(Native Method)
	at java.security.ProtectionDomain$JavaSecurityAccessImpl.doIntersectionPrivilege(ProtectionDomain.java:76)
	at java.awt.EventQueue.dispatchEvent(EventQueue.java:728)
	at java.awt.EventDispatchThread.pumpOneEventForFilters(EventDispatchThread.java:201)
	at java.awt.EventDispatchThread.pumpEventsForFilter(EventDispatchThread.java:116)
	at java.awt.EventDispatchThread.pumpEventsForHierarchy(EventDispatchThread.java:105)
	at java.awt.EventDispatchThread.pumpEvents(EventDispatchThread.java:101)
	at java.awt.EventDispatchThread.pumpEvents(EventDispatchThread.java:93)
	at java.awt.EventDispatchThread.run(EventDispatchThread.java:82)

2017.03.28 14:35:19.638 CEST SEVERE: Uncaught Exception -- java.lang.IllegalArgumentException: null class
	at edu.stanford.smi.protege.model.framestore.ArgumentCheckingFrameStore.assertNotNull(ArgumentCheckingFrameStore.java:25)
	at edu.stanford.smi.protege.model.framestore.ArgumentCheckingFrameStore.checkCls(ArgumentCheckingFrameStore.java:38)
	at edu.stanford.smi.protege.model.framestore.ArgumentCheckingFrameStore.getTemplateFacetValues(ArgumentCheckingFrameStore.java:302)
	at edu.stanford.smi.protege.model.framestore.ModificationFrameStore.getTemplateFacetValues(ModificationFrameStore.java:162)
	at edu.stanford.smi.protege.model.framestore.FrameStoreAdapter.getTemplateFacetValues(FrameStoreAdapter.java:228)
	at edu.stanford.smi.protege.model.framestore.FrameStoreAdapter.getTemplateFacetValues(FrameStoreAdapter.java:228)
	at edu.stanford.smi.protege.model.framestore.FrameStoreAdapter.getTemplateFacetValues(FrameStoreAdapter.java:228)
	at edu.stanford.smi.protege.model.framestore.FrameStoreAdapter.getTemplateFacetValues(FrameStoreAdapter.java:228)
	at edu.stanford.smi.protege.model.framestore.FrameStoreAdapter.getTemplateFacetValues(FrameStoreAdapter.java:228)
	at edu.stanford.smi.protege.model.framestore.FrameStoreAdapter.getTemplateFacetValues(FrameStoreAdapter.java:228)
	at edu.stanford.smi.protege.model.framestore.FrameStoreAdapter.getTemplateFacetValues(FrameStoreAdapter.java:228)
	at edu.stanford.smi.protege.model.framestore.FrameStoreAdapter.getTemplateFacetValues(FrameStoreAdapter.java:228)
	at edu.stanford.smi.protege.model.framestore.FrameStoreAdapter.getTemplateFacetValues(FrameStoreAdapter.java:228)
	at edu.stanford.smi.protege.model.framestore.FrameStoreAdapter.getTemplateFacetValues(FrameStoreAdapter.java:228)
	at edu.stanford.smi.protege.model.DefaultKnowledgeBase.getTemplateFacetValues(DefaultKnowledgeBase.java:1307)
	at edu.stanford.smi.protege.model.DefaultKnowledgeBase.getTemplateFacetValue(DefaultKnowledgeBase.java:1302)
	at edu.stanford.smi.protege.model.DefaultKnowledgeBase.getTemplateSlotMaximumCardinality2(DefaultKnowledgeBase.java:1344)
	at edu.stanford.smi.protege.model.DefaultKnowledgeBase.getTemplateSlotAllowsMultipleValues(DefaultKnowledgeBase.java:1326)
	at edu.stanford.smi.protege.model.DefaultKnowledgeBase.getOwnSlotAllowsMultipleValues(DefaultKnowledgeBase.java:1100)
	at edu.stanford.smi.protege.model.DefaultFrame.getOwnSlotAllowsMultipleValues(DefaultFrame.java:258)
	at edu.stanford.smi.protege.widget.AbstractSlotWidget.setWidgetValues(AbstractSlotWidget.java:506)
	at edu.stanford.smi.protege.widget.AbstractSlotWidget.loadValues(AbstractSlotWidget.java:357)
	at edu.stanford.smi.protege.widget.AbstractSlotWidget.setInstance(AbstractSlotWidget.java:417)
	at edu.stanford.smi.protegex.owl.ui.widget.AbstractPropertyValuesWidget.setInstance(AbstractPropertyValuesWidget.java:99)
	at edu.stanford.smi.protege.widget.FormWidget.propagateSetInstanceToWidgets(FormWidget.java:789)
	at edu.stanford.smi.protege.widget.FormWidget.setInstance(FormWidget.java:1006)
	at edu.stanford.smi.protege.ui.InstanceDisplay.setInstance(InstanceDisplay.java:759)
	at edu.stanford.smi.protegex.owl.ui.resourcedisplay.ResourceDisplay.setInstance(ResourceDisplay.java:667)
	at edu.stanford.smi.protege.ui.InstanceDisplay.setInstance(InstanceDisplay.java:744)
	at edu.stanford.smi.protegex.owl.ui.resourcedisplay.ResourceDisplay.setInstance(ResourceDisplay.java:651)
	at edu.stanford.smi.protegex.owl.ui.resourcedisplay.ResourceDisplay.setResource(ResourceDisplay.java:673)
	at edu.stanford.smi.protegex.owl.ui.individuals.OWLIndividualsTab$1.selectionChanged(OWLIndividualsTab.java:120)
	at edu.stanford.smi.protege.util.SelectionEventDispatcher.postEvent(SelectionEventDispatcher.java:19)
	at edu.stanford.smi.protege.util.ListenerCollection.postEvent(ListenerCollection.java:72)
	at edu.stanford.smi.protege.util.ListenerCollection.postEvent(ListenerCollection.java:55)
	at edu.stanford.smi.protege.util.SelectableContainer.notifySelectionListeners(SelectableContainer.java:76)
	at edu.stanford.smi.protege.util.SelectableContainer$1.selectionChanged(SelectableContainer.java:22)
	at edu.stanford.smi.protege.util.SelectionEventDispatcher.postEvent(SelectionEventDispatcher.java:19)
	at edu.stanford.smi.protege.util.ListenerCollection.postEvent(ListenerCollection.java:72)
	at edu.stanford.smi.protege.util.ListenerCollection.postEvent(ListenerCollection.java:55)
	at edu.stanford.smi.protege.util.SelectableList.notifySelectionListeners(SelectableList.java:54)
	at edu.stanford.smi.protege.util.SelectableList$1.valueChanged(SelectableList.java:30)
	at javax.swing.JList.fireSelectionValueChanged(JList.java:1796)
	at javax.swing.JList$ListSelectionHandler.valueChanged(JList.java:1810)
	at javax.swing.DefaultListSelectionModel.fireValueChanged(DefaultListSelectionModel.java:184)
	at javax.swing.DefaultListSelectionModel.fireValueChanged(DefaultListSelectionModel.java:154)
	at javax.swing.DefaultListSelectionModel.setValueIsAdjusting(DefaultListSelectionModel.java:685)
	at javax.swing.JList.setValueIsAdjusting(JList.java:2140)
	at javax.swing.plaf.basic.BasicListUI$Handler.mouseReleased(BasicListUI.java:2796)
	at java.awt.AWTEventMulticaster.mouseReleased(AWTEventMulticaster.java:289)
	at java.awt.AWTEventMulticaster.mouseReleased(AWTEventMulticaster.java:289)
	at java.awt.AWTEventMulticaster.mouseReleased(AWTEventMulticaster.java:289)
	at java.awt.AWTEventMulticaster.mouseReleased(AWTEventMulticaster.java:289)
	at java.awt.AWTEventMulticaster.mouseReleased(AWTEventMulticaster.java:289)
	at java.awt.Component.processMouseEvent(Component.java:6535)
	at javax.swing.JComponent.processMouseEvent(JComponent.java:3324)
	at edu.stanford.smi.protege.util.SelectableList.processMouseEvent(SelectableList.java:76)
	at java.awt.Component.processEvent(Component.java:6300)
	at java.awt.Container.processEvent(Container.java:2236)
	at java.awt.Component.dispatchEventImpl(Component.java:4891)
	at java.awt.Container.dispatchEventImpl(Container.java:2294)
	at java.awt.Component.dispatchEvent(Component.java:4713)
	at java.awt.LightweightDispatcher.retargetMouseEvent(Container.java:4888)
	at java.awt.LightweightDispatcher.processMouseEvent(Container.java:4525)
	at java.awt.LightweightDispatcher.dispatchEvent(Container.java:4466)
	at java.awt.Container.dispatchEventImpl(Container.java:2280)
	at java.awt.Window.dispatchEventImpl(Window.java:2750)
	at java.awt.Component.dispatchEvent(Component.java:4713)
	at java.awt.EventQueue.dispatchEventImpl(EventQueue.java:758)
	at java.awt.EventQueue.access$500(EventQueue.java:97)
	at java.awt.EventQueue$3.run(EventQueue.java:709)
	at java.awt.EventQueue$3.run(EventQueue.java:703)
	at java.security.AccessController.doPrivileged(Native Method)
	at java.security.ProtectionDomain$JavaSecurityAccessImpl.doIntersectionPrivilege(ProtectionDomain.java:76)
	at java.security.ProtectionDomain$JavaSecurityAccessImpl.doIntersectionPrivilege(ProtectionDomain.java:86)
	at java.awt.EventQueue$4.run(EventQueue.java:731)
	at java.awt.EventQueue$4.run(EventQueue.java:729)
	at java.security.AccessController.doPrivileged(Native Method)
	at java.security.ProtectionDomain$JavaSecurityAccessImpl.doIntersectionPrivilege(ProtectionDomain.java:76)
	at java.awt.EventQueue.dispatchEvent(EventQueue.java:728)
	at java.awt.EventDispatchThread.pumpOneEventForFilters(EventDispatchThread.java:201)
	at java.awt.EventDispatchThread.pumpEventsForFilter(EventDispatchThread.java:116)
	at java.awt.EventDispatchThread.pumpEventsForHierarchy(EventDispatchThread.java:105)
	at java.awt.EventDispatchThread.pumpEvents(EventDispatchThread.java:101)
	at java.awt.EventDispatchThread.pumpEvents(EventDispatchThread.java:93)
	at java.awt.EventDispatchThread.run(EventDispatchThread.java:82)

2017.03.28 14:36:19.262 CEST SEVERE: Uncaught Exception -- java.lang.IllegalArgumentException: null class
	at edu.stanford.smi.protege.model.framestore.ArgumentCheckingFrameStore.assertNotNull(ArgumentCheckingFrameStore.java:25)
	at edu.stanford.smi.protege.model.framestore.ArgumentCheckingFrameStore.checkCls(ArgumentCheckingFrameStore.java:38)
	at edu.stanford.smi.protege.model.framestore.ArgumentCheckingFrameStore.getTemplateFacetValues(ArgumentCheckingFrameStore.java:302)
	at edu.stanford.smi.protege.model.framestore.ModificationFrameStore.getTemplateFacetValues(ModificationFrameStore.java:162)
	at edu.stanford.smi.protege.model.framestore.FrameStoreAdapter.getTemplateFacetValues(FrameStoreAdapter.java:228)
	at edu.stanford.smi.protege.model.framestore.FrameStoreAdapter.getTemplateFacetValues(FrameStoreAdapter.java:228)
	at edu.stanford.smi.protege.model.framestore.FrameStoreAdapter.getTemplateFacetValues(FrameStoreAdapter.java:228)
	at edu.stanford.smi.protege.model.framestore.FrameStoreAdapter.getTemplateFacetValues(FrameStoreAdapter.java:228)
	at edu.stanford.smi.protege.model.framestore.FrameStoreAdapter.getTemplateFacetValues(FrameStoreAdapter.java:228)
	at edu.stanford.smi.protege.model.framestore.FrameStoreAdapter.getTemplateFacetValues(FrameStoreAdapter.java:228)
	at edu.stanford.smi.protege.model.framestore.FrameStoreAdapter.getTemplateFacetValues(FrameStoreAdapter.java:228)
	at edu.stanford.smi.protege.model.framestore.FrameStoreAdapter.getTemplateFacetValues(FrameStoreAdapter.java:228)
	at edu.stanford.smi.protege.model.framestore.FrameStoreAdapter.getTemplateFacetValues(FrameStoreAdapter.java:228)
	at edu.stanford.smi.protege.model.framestore.FrameStoreAdapter.getTemplateFacetValues(FrameStoreAdapter.java:228)
	at edu.stanford.smi.protege.model.DefaultKnowledgeBase.getTemplateFacetValues(DefaultKnowledgeBase.java:1307)
	at edu.stanford.smi.protege.model.DefaultKnowledgeBase.getTemplateFacetValue(DefaultKnowledgeBase.java:1302)
	at edu.stanford.smi.protege.model.DefaultKnowledgeBase.getTemplateSlotMaximumCardinality2(DefaultKnowledgeBase.java:1344)
	at edu.stanford.smi.protege.model.DefaultKnowledgeBase.getTemplateSlotAllowsMultipleValues(DefaultKnowledgeBase.java:1326)
	at edu.stanford.smi.protege.model.DefaultKnowledgeBase.getOwnSlotAllowsMultipleValues(DefaultKnowledgeBase.java:1100)
	at edu.stanford.smi.protege.model.DefaultFrame.getOwnSlotAllowsMultipleValues(DefaultFrame.java:258)
	at edu.stanford.smi.protege.widget.AbstractSlotWidget.setWidgetValues(AbstractSlotWidget.java:506)
	at edu.stanford.smi.protege.widget.AbstractSlotWidget.loadValues(AbstractSlotWidget.java:357)
	at edu.stanford.smi.protege.widget.AbstractSlotWidget.setInstance(AbstractSlotWidget.java:417)
	at edu.stanford.smi.protegex.owl.ui.widget.AbstractPropertyValuesWidget.setInstance(AbstractPropertyValuesWidget.java:99)
	at edu.stanford.smi.protege.widget.FormWidget.propagateSetInstanceToWidgets(FormWidget.java:789)
	at edu.stanford.smi.protege.widget.FormWidget.setInstance(FormWidget.java:1006)
	at edu.stanford.smi.protege.ui.InstanceDisplay.setInstance(InstanceDisplay.java:759)
	at edu.stanford.smi.protegex.owl.ui.resourcedisplay.ResourceDisplay.setInstance(ResourceDisplay.java:667)
	at edu.stanford.smi.protege.ui.InstanceDisplay.setInstance(InstanceDisplay.java:744)
	at edu.stanford.smi.protegex.owl.ui.resourcedisplay.ResourceDisplay.setInstance(ResourceDisplay.java:651)
	at edu.stanford.smi.protegex.owl.ui.resourcedisplay.ResourceDisplay.setResource(ResourceDisplay.java:673)
	at edu.stanford.smi.protegex.owl.ui.individuals.OWLIndividualsTab$1.selectionChanged(OWLIndividualsTab.java:120)
	at edu.stanford.smi.protege.util.SelectionEventDispatcher.postEvent(SelectionEventDispatcher.java:19)
	at edu.stanford.smi.protege.util.ListenerCollection.postEvent(ListenerCollection.java:72)
	at edu.stanford.smi.protege.util.ListenerCollection.postEvent(ListenerCollection.java:55)
	at edu.stanford.smi.protege.util.SelectableContainer.notifySelectionListeners(SelectableContainer.java:76)
	at edu.stanford.smi.protege.util.SelectableContainer$1.selectionChanged(SelectableContainer.java:22)
	at edu.stanford.smi.protege.util.SelectionEventDispatcher.postEvent(SelectionEventDispatcher.java:19)
	at edu.stanford.smi.protege.util.ListenerCollection.postEvent(ListenerCollection.java:72)
	at edu.stanford.smi.protege.util.ListenerCollection.postEvent(ListenerCollection.java:55)
	at edu.stanford.smi.protege.util.SelectableList.notifySelectionListeners(SelectableList.java:54)
	at edu.stanford.smi.protege.util.SelectableList$1.valueChanged(SelectableList.java:30)
	at javax.swing.JList.fireSelectionValueChanged(JList.java:1796)
	at javax.swing.JList$ListSelectionHandler.valueChanged(JList.java:1810)
	at javax.swing.DefaultListSelectionModel.fireValueChanged(DefaultListSelectionModel.java:184)
	at javax.swing.DefaultListSelectionModel.fireValueChanged(DefaultListSelectionModel.java:164)
	at javax.swing.DefaultListSelectionModel.fireValueChanged(DefaultListSelectionModel.java:211)
	at javax.swing.DefaultListSelectionModel.changeSelection(DefaultListSelectionModel.java:405)
	at javax.swing.DefaultListSelectionModel.changeSelection(DefaultListSelectionModel.java:415)
	at javax.swing.DefaultListSelectionModel.setSelectionInterval(DefaultListSelectionModel.java:459)
	at javax.swing.JList.setSelectedIndex(JList.java:2210)
	at javax.swing.JList.setSelectedValue(JList.java:2360)
	at edu.stanford.smi.protegex.owl.ui.individuals.AssertedInstancesListPanel$4.onCreate(AssertedInstancesListPanel.java:326)
	at edu.stanford.smi.protege.util.CreateAction.actionPerformed(CreateAction.java:32)
	at javax.swing.AbstractButton.fireActionPerformed(AbstractButton.java:2022)
	at javax.swing.AbstractButton$Handler.actionPerformed(AbstractButton.java:2348)
	at javax.swing.DefaultButtonModel.fireActionPerformed(DefaultButtonModel.java:402)
	at javax.swing.DefaultButtonModel.setPressed(DefaultButtonModel.java:259)
	at javax.swing.plaf.basic.BasicButtonListener.mouseReleased(BasicButtonListener.java:252)
	at java.awt.AWTEventMulticaster.mouseReleased(AWTEventMulticaster.java:289)
	at java.awt.Component.processMouseEvent(Component.java:6535)
	at javax.swing.JComponent.processMouseEvent(JComponent.java:3324)
	at java.awt.Component.processEvent(Component.java:6300)
	at java.awt.Container.processEvent(Container.java:2236)
	at java.awt.Component.dispatchEventImpl(Component.java:4891)
	at java.awt.Container.dispatchEventImpl(Container.java:2294)
	at java.awt.Component.dispatchEvent(Component.java:4713)
	at java.awt.LightweightDispatcher.retargetMouseEvent(Container.java:4888)
	at java.awt.LightweightDispatcher.processMouseEvent(Container.java:4525)
	at java.awt.LightweightDispatcher.dispatchEvent(Container.java:4466)
	at java.awt.Container.dispatchEventImpl(Container.java:2280)
	at java.awt.Window.dispatchEventImpl(Window.java:2750)
	at java.awt.Component.dispatchEvent(Component.java:4713)
	at java.awt.EventQueue.dispatchEventImpl(EventQueue.java:758)
	at java.awt.EventQueue.access$500(EventQueue.java:97)
	at java.awt.EventQueue$3.run(EventQueue.java:709)
	at java.awt.EventQueue$3.run(EventQueue.java:703)
	at java.security.AccessController.doPrivileged(Native Method)
	at java.security.ProtectionDomain$JavaSecurityAccessImpl.doIntersectionPrivilege(ProtectionDomain.java:76)
	at java.security.ProtectionDomain$JavaSecurityAccessImpl.doIntersectionPrivilege(ProtectionDomain.java:86)
	at java.awt.EventQueue$4.run(EventQueue.java:731)
	at java.awt.EventQueue$4.run(EventQueue.java:729)
	at java.security.AccessController.doPrivileged(Native Method)
	at java.security.ProtectionDomain$JavaSecurityAccessImpl.doIntersectionPrivilege(ProtectionDomain.java:76)
	at java.awt.EventQueue.dispatchEvent(EventQueue.java:728)
	at java.awt.EventDispatchThread.pumpOneEventForFilters(EventDispatchThread.java:201)
	at java.awt.EventDispatchThread.pumpEventsForFilter(EventDispatchThread.java:116)
	at java.awt.EventDispatchThread.pumpEventsForHierarchy(EventDispatchThread.java:105)
	at java.awt.EventDispatchThread.pumpEvents(EventDispatchThread.java:101)
	at java.awt.EventDispatchThread.pumpEvents(EventDispatchThread.java:93)
	at java.awt.EventDispatchThread.run(EventDispatchThread.java:82)

2017.03.28 14:36:22.116 CEST SEVERE: Uncaught Exception -- java.lang.IllegalArgumentException: null class
	at edu.stanford.smi.protege.model.framestore.ArgumentCheckingFrameStore.assertNotNull(ArgumentCheckingFrameStore.java:25)
	at edu.stanford.smi.protege.model.framestore.ArgumentCheckingFrameStore.checkCls(ArgumentCheckingFrameStore.java:38)
	at edu.stanford.smi.protege.model.framestore.ArgumentCheckingFrameStore.getTemplateFacetValues(ArgumentCheckingFrameStore.java:302)
	at edu.stanford.smi.protege.model.framestore.ModificationFrameStore.getTemplateFacetValues(ModificationFrameStore.java:162)
	at edu.stanford.smi.protege.model.framestore.FrameStoreAdapter.getTemplateFacetValues(FrameStoreAdapter.java:228)
	at edu.stanford.smi.protege.model.framestore.FrameStoreAdapter.getTemplateFacetValues(FrameStoreAdapter.java:228)
	at edu.stanford.smi.protege.model.framestore.FrameStoreAdapter.getTemplateFacetValues(FrameStoreAdapter.java:228)
	at edu.stanford.smi.protege.model.framestore.FrameStoreAdapter.getTemplateFacetValues(FrameStoreAdapter.java:228)
	at edu.stanford.smi.protege.model.framestore.FrameStoreAdapter.getTemplateFacetValues(FrameStoreAdapter.java:228)
	at edu.stanford.smi.protege.model.framestore.FrameStoreAdapter.getTemplateFacetValues(FrameStoreAdapter.java:228)
	at edu.stanford.smi.protege.model.framestore.FrameStoreAdapter.getTemplateFacetValues(FrameStoreAdapter.java:228)
	at edu.stanford.smi.protege.model.framestore.FrameStoreAdapter.getTemplateFacetValues(FrameStoreAdapter.java:228)
	at edu.stanford.smi.protege.model.framestore.FrameStoreAdapter.getTemplateFacetValues(FrameStoreAdapter.java:228)
	at edu.stanford.smi.protege.model.framestore.FrameStoreAdapter.getTemplateFacetValues(FrameStoreAdapter.java:228)
	at edu.stanford.smi.protege.model.DefaultKnowledgeBase.getTemplateFacetValues(DefaultKnowledgeBase.java:1307)
	at edu.stanford.smi.protege.model.DefaultKnowledgeBase.getTemplateFacetValue(DefaultKnowledgeBase.java:1302)
	at edu.stanford.smi.protege.model.DefaultKnowledgeBase.getTemplateSlotMaximumCardinality2(DefaultKnowledgeBase.java:1344)
	at edu.stanford.smi.protege.model.DefaultKnowledgeBase.getTemplateSlotAllowsMultipleValues(DefaultKnowledgeBase.java:1326)
	at edu.stanford.smi.protege.model.DefaultKnowledgeBase.getOwnSlotAllowsMultipleValues(DefaultKnowledgeBase.java:1100)
	at edu.stanford.smi.protege.model.DefaultFrame.getOwnSlotAllowsMultipleValues(DefaultFrame.java:258)
	at edu.stanford.smi.protege.widget.AbstractSlotWidget.setWidgetValues(AbstractSlotWidget.java:506)
	at edu.stanford.smi.protege.widget.AbstractSlotWidget.loadValues(AbstractSlotWidget.java:357)
	at edu.stanford.smi.protege.widget.AbstractSlotWidget.setInstance(AbstractSlotWidget.java:417)
	at edu.stanford.smi.protegex.owl.ui.widget.AbstractPropertyValuesWidget.setInstance(AbstractPropertyValuesWidget.java:99)
	at edu.stanford.smi.protege.widget.FormWidget.propagateSetInstanceToWidgets(FormWidget.java:789)
	at edu.stanford.smi.protege.widget.FormWidget.setInstance(FormWidget.java:1006)
	at edu.stanford.smi.protege.ui.InstanceDisplay.setInstance(InstanceDisplay.java:759)
	at edu.stanford.smi.protegex.owl.ui.resourcedisplay.ResourceDisplay.setInstance(ResourceDisplay.java:667)
	at edu.stanford.smi.protege.ui.InstanceDisplay.setInstance(InstanceDisplay.java:744)
	at edu.stanford.smi.protegex.owl.ui.resourcedisplay.ResourceDisplay.setInstance(ResourceDisplay.java:651)
	at edu.stanford.smi.protegex.owl.ui.resourcedisplay.ResourceDisplay.setResource(ResourceDisplay.java:673)
	at edu.stanford.smi.protegex.owl.ui.individuals.OWLIndividualsTab$1.selectionChanged(OWLIndividualsTab.java:120)
	at edu.stanford.smi.protege.util.SelectionEventDispatcher.postEvent(SelectionEventDispatcher.java:19)
	at edu.stanford.smi.protege.util.ListenerCollection.postEvent(ListenerCollection.java:72)
	at edu.stanford.smi.protege.util.ListenerCollection.postEvent(ListenerCollection.java:55)
	at edu.stanford.smi.protege.util.SelectableContainer.notifySelectionListeners(SelectableContainer.java:76)
	at edu.stanford.smi.protege.util.SelectableContainer$1.selectionChanged(SelectableContainer.java:22)
	at edu.stanford.smi.protege.util.SelectionEventDispatcher.postEvent(SelectionEventDispatcher.java:19)
	at edu.stanford.smi.protege.util.ListenerCollection.postEvent(ListenerCollection.java:72)
	at edu.stanford.smi.protege.util.ListenerCollection.postEvent(ListenerCollection.java:55)
	at edu.stanford.smi.protege.util.SelectableList.notifySelectionListeners(SelectableList.java:54)
	at edu.stanford.smi.protege.util.SelectableList$1.valueChanged(SelectableList.java:30)
	at javax.swing.JList.fireSelectionValueChanged(JList.java:1796)
	at javax.swing.JList$ListSelectionHandler.valueChanged(JList.java:1810)
	at javax.swing.DefaultListSelectionModel.fireValueChanged(DefaultListSelectionModel.java:184)
	at javax.swing.DefaultListSelectionModel.fireValueChanged(DefaultListSelectionModel.java:154)
	at javax.swing.DefaultListSelectionModel.setValueIsAdjusting(DefaultListSelectionModel.java:685)
	at javax.swing.JList.setValueIsAdjusting(JList.java:2140)
	at javax.swing.plaf.basic.BasicListUI$Handler.mouseReleased(BasicListUI.java:2796)
	at java.awt.AWTEventMulticaster.mouseReleased(AWTEventMulticaster.java:289)
	at java.awt.AWTEventMulticaster.mouseReleased(AWTEventMulticaster.java:289)
	at java.awt.AWTEventMulticaster.mouseReleased(AWTEventMulticaster.java:289)
	at java.awt.AWTEventMulticaster.mouseReleased(AWTEventMulticaster.java:289)
	at java.awt.AWTEventMulticaster.mouseReleased(AWTEventMulticaster.java:289)
	at java.awt.Component.processMouseEvent(Component.java:6535)
	at javax.swing.JComponent.processMouseEvent(JComponent.java:3324)
	at edu.stanford.smi.protege.util.SelectableList.processMouseEvent(SelectableList.java:76)
	at java.awt.Component.processEvent(Component.java:6300)
	at java.awt.Container.processEvent(Container.java:2236)
	at java.awt.Component.dispatchEventImpl(Component.java:4891)
	at java.awt.Container.dispatchEventImpl(Container.java:2294)
	at java.awt.Component.dispatchEvent(Component.java:4713)
	at java.awt.LightweightDispatcher.retargetMouseEvent(Container.java:4888)
	at java.awt.LightweightDispatcher.processMouseEvent(Container.java:4525)
	at java.awt.LightweightDispatcher.dispatchEvent(Container.java:4466)
	at java.awt.Container.dispatchEventImpl(Container.java:2280)
	at java.awt.Window.dispatchEventImpl(Window.java:2750)
	at java.awt.Component.dispatchEvent(Component.java:4713)
	at java.awt.EventQueue.dispatchEventImpl(EventQueue.java:758)
	at java.awt.EventQueue.access$500(EventQueue.java:97)
	at java.awt.EventQueue$3.run(EventQueue.java:709)
	at java.awt.EventQueue$3.run(EventQueue.java:703)
	at java.security.AccessController.doPrivileged(Native Method)
	at java.security.ProtectionDomain$JavaSecurityAccessImpl.doIntersectionPrivilege(ProtectionDomain.java:76)
	at java.security.ProtectionDomain$JavaSecurityAccessImpl.doIntersectionPrivilege(ProtectionDomain.java:86)
	at java.awt.EventQueue$4.run(EventQueue.java:731)
	at java.awt.EventQueue$4.run(EventQueue.java:729)
	at java.security.AccessController.doPrivileged(Native Method)
	at java.security.ProtectionDomain$JavaSecurityAccessImpl.doIntersectionPrivilege(ProtectionDomain.java:76)
	at java.awt.EventQueue.dispatchEvent(EventQueue.java:728)
	at java.awt.EventDispatchThread.pumpOneEventForFilters(EventDispatchThread.java:201)
	at java.awt.EventDispatchThread.pumpEventsForFilter(EventDispatchThread.java:116)
	at java.awt.EventDispatchThread.pumpEventsForHierarchy(EventDispatchThread.java:105)
	at java.awt.EventDispatchThread.pumpEvents(EventDispatchThread.java:101)
	at java.awt.EventDispatchThread.pumpEvents(EventDispatchThread.java:93)
	at java.awt.EventDispatchThread.run(EventDispatchThread.java:82)

2017.03.28 14:36:23.445 CEST SEVERE: Uncaught Exception -- java.lang.IllegalArgumentException: null class
	at edu.stanford.smi.protege.model.framestore.ArgumentCheckingFrameStore.assertNotNull(ArgumentCheckingFrameStore.java:25)
	at edu.stanford.smi.protege.model.framestore.ArgumentCheckingFrameStore.checkCls(ArgumentCheckingFrameStore.java:38)
	at edu.stanford.smi.protege.model.framestore.ArgumentCheckingFrameStore.getTemplateFacetValues(ArgumentCheckingFrameStore.java:302)
	at edu.stanford.smi.protege.model.framestore.ModificationFrameStore.getTemplateFacetValues(ModificationFrameStore.java:162)
	at edu.stanford.smi.protege.model.framestore.FrameStoreAdapter.getTemplateFacetValues(FrameStoreAdapter.java:228)
	at edu.stanford.smi.protege.model.framestore.FrameStoreAdapter.getTemplateFacetValues(FrameStoreAdapter.java:228)
	at edu.stanford.smi.protege.model.framestore.FrameStoreAdapter.getTemplateFacetValues(FrameStoreAdapter.java:228)
	at edu.stanford.smi.protege.model.framestore.FrameStoreAdapter.getTemplateFacetValues(FrameStoreAdapter.java:228)
	at edu.stanford.smi.protege.model.framestore.FrameStoreAdapter.getTemplateFacetValues(FrameStoreAdapter.java:228)
	at edu.stanford.smi.protege.model.framestore.FrameStoreAdapter.getTemplateFacetValues(FrameStoreAdapter.java:228)
	at edu.stanford.smi.protege.model.framestore.FrameStoreAdapter.getTemplateFacetValues(FrameStoreAdapter.java:228)
	at edu.stanford.smi.protege.model.framestore.FrameStoreAdapter.getTemplateFacetValues(FrameStoreAdapter.java:228)
	at edu.stanford.smi.protege.model.framestore.FrameStoreAdapter.getTemplateFacetValues(FrameStoreAdapter.java:228)
	at edu.stanford.smi.protege.model.framestore.FrameStoreAdapter.getTemplateFacetValues(FrameStoreAdapter.java:228)
	at edu.stanford.smi.protege.model.DefaultKnowledgeBase.getTemplateFacetValues(DefaultKnowledgeBase.java:1307)
	at edu.stanford.smi.protege.model.DefaultKnowledgeBase.getTemplateFacetValue(DefaultKnowledgeBase.java:1302)
	at edu.stanford.smi.protege.model.DefaultKnowledgeBase.getTemplateSlotMaximumCardinality2(DefaultKnowledgeBase.java:1344)
	at edu.stanford.smi.protege.model.DefaultKnowledgeBase.getTemplateSlotAllowsMultipleValues(DefaultKnowledgeBase.java:1326)
	at edu.stanford.smi.protege.model.DefaultKnowledgeBase.getOwnSlotAllowsMultipleValues(DefaultKnowledgeBase.java:1100)
	at edu.stanford.smi.protege.model.DefaultFrame.getOwnSlotAllowsMultipleValues(DefaultFrame.java:258)
	at edu.stanford.smi.protege.widget.AbstractSlotWidget.setWidgetValues(AbstractSlotWidget.java:506)
	at edu.stanford.smi.protege.widget.AbstractSlotWidget.loadValues(AbstractSlotWidget.java:357)
	at edu.stanford.smi.protege.widget.AbstractSlotWidget.setInstance(AbstractSlotWidget.java:417)
	at edu.stanford.smi.protegex.owl.ui.widget.AbstractPropertyValuesWidget.setInstance(AbstractPropertyValuesWidget.java:99)
	at edu.stanford.smi.protege.widget.FormWidget.propagateSetInstanceToWidgets(FormWidget.java:789)
	at edu.stanford.smi.protege.widget.FormWidget.setInstance(FormWidget.java:1006)
	at edu.stanford.smi.protege.ui.InstanceDisplay.setInstance(InstanceDisplay.java:759)
	at edu.stanford.smi.protegex.owl.ui.resourcedisplay.ResourceDisplay.setInstance(ResourceDisplay.java:667)
	at edu.stanford.smi.protege.ui.InstanceDisplay.setInstance(InstanceDisplay.java:744)
	at edu.stanford.smi.protegex.owl.ui.resourcedisplay.ResourceDisplay.setInstance(ResourceDisplay.java:651)
	at edu.stanford.smi.protegex.owl.ui.resourcedisplay.ResourceDisplay.setResource(ResourceDisplay.java:673)
	at edu.stanford.smi.protegex.owl.ui.individuals.OWLIndividualsTab$1.selectionChanged(OWLIndividualsTab.java:120)
	at edu.stanford.smi.protege.util.SelectionEventDispatcher.postEvent(SelectionEventDispatcher.java:19)
	at edu.stanford.smi.protege.util.ListenerCollection.postEvent(ListenerCollection.java:72)
	at edu.stanford.smi.protege.util.ListenerCollection.postEvent(ListenerCollection.java:55)
	at edu.stanford.smi.protege.util.SelectableContainer.notifySelectionListeners(SelectableContainer.java:76)
	at edu.stanford.smi.protege.util.SelectableContainer$1.selectionChanged(SelectableContainer.java:22)
	at edu.stanford.smi.protege.util.SelectionEventDispatcher.postEvent(SelectionEventDispatcher.java:19)
	at edu.stanford.smi.protege.util.ListenerCollection.postEvent(ListenerCollection.java:72)
	at edu.stanford.smi.protege.util.ListenerCollection.postEvent(ListenerCollection.java:55)
	at edu.stanford.smi.protege.util.SelectableList.notifySelectionListeners(SelectableList.java:54)
	at edu.stanford.smi.protege.util.SelectableList$1.valueChanged(SelectableList.java:30)
	at javax.swing.JList.fireSelectionValueChanged(JList.java:1796)
	at javax.swing.JList$ListSelectionHandler.valueChanged(JList.java:1810)
	at javax.swing.DefaultListSelectionModel.fireValueChanged(DefaultListSelectionModel.java:184)
	at javax.swing.DefaultListSelectionModel.fireValueChanged(DefaultListSelectionModel.java:154)
	at javax.swing.DefaultListSelectionModel.setValueIsAdjusting(DefaultListSelectionModel.java:685)
	at javax.swing.JList.setValueIsAdjusting(JList.java:2140)
	at javax.swing.plaf.basic.BasicListUI$Handler.mouseReleased(BasicListUI.java:2796)
	at java.awt.AWTEventMulticaster.mouseReleased(AWTEventMulticaster.java:289)
	at java.awt.AWTEventMulticaster.mouseReleased(AWTEventMulticaster.java:289)
	at java.awt.AWTEventMulticaster.mouseReleased(AWTEventMulticaster.java:289)
	at java.awt.AWTEventMulticaster.mouseReleased(AWTEventMulticaster.java:289)
	at java.awt.AWTEventMulticaster.mouseReleased(AWTEventMulticaster.java:289)
	at java.awt.Component.processMouseEvent(Component.java:6535)
	at javax.swing.JComponent.processMouseEvent(JComponent.java:3324)
	at edu.stanford.smi.protege.util.SelectableList.processMouseEvent(SelectableList.java:76)
	at java.awt.Component.processEvent(Component.java:6300)
	at java.awt.Container.processEvent(Container.java:2236)
	at java.awt.Component.dispatchEventImpl(Component.java:4891)
	at java.awt.Container.dispatchEventImpl(Container.java:2294)
	at java.awt.Component.dispatchEvent(Component.java:4713)
	at java.awt.LightweightDispatcher.retargetMouseEvent(Container.java:4888)
	at java.awt.LightweightDispatcher.processMouseEvent(Container.java:4525)
	at java.awt.LightweightDispatcher.dispatchEvent(Container.java:4466)
	at java.awt.Container.dispatchEventImpl(Container.java:2280)
	at java.awt.Window.dispatchEventImpl(Window.java:2750)
	at java.awt.Component.dispatchEvent(Component.java:4713)
	at java.awt.EventQueue.dispatchEventImpl(EventQueue.java:758)
	at java.awt.EventQueue.access$500(EventQueue.java:97)
	at java.awt.EventQueue$3.run(EventQueue.java:709)
	at java.awt.EventQueue$3.run(EventQueue.java:703)
	at java.security.AccessController.doPrivileged(Native Method)
	at java.security.ProtectionDomain$JavaSecurityAccessImpl.doIntersectionPrivilege(ProtectionDomain.java:76)
	at java.security.ProtectionDomain$JavaSecurityAccessImpl.doIntersectionPrivilege(ProtectionDomain.java:86)
	at java.awt.EventQueue$4.run(EventQueue.java:731)
	at java.awt.EventQueue$4.run(EventQueue.java:729)
	at java.security.AccessController.doPrivileged(Native Method)
	at java.security.ProtectionDomain$JavaSecurityAccessImpl.doIntersectionPrivilege(ProtectionDomain.java:76)
	at java.awt.EventQueue.dispatchEvent(EventQueue.java:728)
	at java.awt.EventDispatchThread.pumpOneEventForFilters(EventDispatchThread.java:201)
	at java.awt.EventDispatchThread.pumpEventsForFilter(EventDispatchThread.java:116)
	at java.awt.EventDispatchThread.pumpEventsForHierarchy(EventDispatchThread.java:105)
	at java.awt.EventDispatchThread.pumpEvents(EventDispatchThread.java:101)
	at java.awt.EventDispatchThread.pumpEvents(EventDispatchThread.java:93)
	at java.awt.EventDispatchThread.run(EventDispatchThread.java:82)

2017.03.28 14:36:36.990 CEST SEVERE: Uncaught Exception -- java.lang.IllegalArgumentException: null class
	at edu.stanford.smi.protege.model.framestore.ArgumentCheckingFrameStore.assertNotNull(ArgumentCheckingFrameStore.java:25)
	at edu.stanford.smi.protege.model.framestore.ArgumentCheckingFrameStore.checkCls(ArgumentCheckingFrameStore.java:38)
	at edu.stanford.smi.protege.model.framestore.ArgumentCheckingFrameStore.getTemplateFacetValues(ArgumentCheckingFrameStore.java:302)
	at edu.stanford.smi.protege.model.framestore.ModificationFrameStore.getTemplateFacetValues(ModificationFrameStore.java:162)
	at edu.stanford.smi.protege.model.framestore.FrameStoreAdapter.getTemplateFacetValues(FrameStoreAdapter.java:228)
	at edu.stanford.smi.protege.model.framestore.FrameStoreAdapter.getTemplateFacetValues(FrameStoreAdapter.java:228)
	at edu.stanford.smi.protege.model.framestore.FrameStoreAdapter.getTemplateFacetValues(FrameStoreAdapter.java:228)
	at edu.stanford.smi.protege.model.framestore.FrameStoreAdapter.getTemplateFacetValues(FrameStoreAdapter.java:228)
	at edu.stanford.smi.protege.model.framestore.FrameStoreAdapter.getTemplateFacetValues(FrameStoreAdapter.java:228)
	at edu.stanford.smi.protege.model.framestore.FrameStoreAdapter.getTemplateFacetValues(FrameStoreAdapter.java:228)
	at edu.stanford.smi.protege.model.framestore.FrameStoreAdapter.getTemplateFacetValues(FrameStoreAdapter.java:228)
	at edu.stanford.smi.protege.model.framestore.FrameStoreAdapter.getTemplateFacetValues(FrameStoreAdapter.java:228)
	at edu.stanford.smi.protege.model.framestore.FrameStoreAdapter.getTemplateFacetValues(FrameStoreAdapter.java:228)
	at edu.stanford.smi.protege.model.framestore.FrameStoreAdapter.getTemplateFacetValues(FrameStoreAdapter.java:228)
	at edu.stanford.smi.protege.model.DefaultKnowledgeBase.getTemplateFacetValues(DefaultKnowledgeBase.java:1307)
	at edu.stanford.smi.protege.model.DefaultKnowledgeBase.getTemplateFacetValue(DefaultKnowledgeBase.java:1302)
	at edu.stanford.smi.protege.model.DefaultKnowledgeBase.getTemplateSlotMaximumCardinality2(DefaultKnowledgeBase.java:1344)
	at edu.stanford.smi.protege.model.DefaultKnowledgeBase.getTemplateSlotAllowsMultipleValues(DefaultKnowledgeBase.java:1326)
	at edu.stanford.smi.protege.model.DefaultKnowledgeBase.getOwnSlotAllowsMultipleValues(DefaultKnowledgeBase.java:1100)
	at edu.stanford.smi.protege.model.DefaultFrame.getOwnSlotAllowsMultipleValues(DefaultFrame.java:258)
	at edu.stanford.smi.protege.widget.AbstractSlotWidget.setWidgetValues(AbstractSlotWidget.java:506)
	at edu.stanford.smi.protege.widget.AbstractSlotWidget.loadValues(AbstractSlotWidget.java:357)
	at edu.stanford.smi.protege.widget.AbstractSlotWidget.setInstance(AbstractSlotWidget.java:417)
	at edu.stanford.smi.protegex.owl.ui.widget.AbstractPropertyValuesWidget.setInstance(AbstractPropertyValuesWidget.java:99)
	at edu.stanford.smi.protege.widget.FormWidget.propagateSetInstanceToWidgets(FormWidget.java:789)
	at edu.stanford.smi.protege.widget.FormWidget.setInstance(FormWidget.java:1006)
	at edu.stanford.smi.protege.ui.InstanceDisplay.setInstance(InstanceDisplay.java:759)
	at edu.stanford.smi.protegex.owl.ui.resourcedisplay.ResourceDisplay.setInstance(ResourceDisplay.java:667)
	at edu.stanford.smi.protege.ui.InstanceDisplay.setInstance(InstanceDisplay.java:744)
	at edu.stanford.smi.protegex.owl.ui.resourcedisplay.ResourceDisplay.setInstance(ResourceDisplay.java:651)
	at edu.stanford.smi.protegex.owl.ui.resourcedisplay.ResourceDisplay.setResource(ResourceDisplay.java:673)
	at edu.stanford.smi.protegex.owl.ui.individuals.OWLIndividualsTab$1.selectionChanged(OWLIndividualsTab.java:120)
	at edu.stanford.smi.protege.util.SelectionEventDispatcher.postEvent(SelectionEventDispatcher.java:19)
	at edu.stanford.smi.protege.util.ListenerCollection.postEvent(ListenerCollection.java:72)
	at edu.stanford.smi.protege.util.ListenerCollection.postEvent(ListenerCollection.java:55)
	at edu.stanford.smi.protege.util.SelectableContainer.notifySelectionListeners(SelectableContainer.java:76)
	at edu.stanford.smi.protege.util.SelectableContainer$1.selectionChanged(SelectableContainer.java:22)
	at edu.stanford.smi.protege.util.SelectionEventDispatcher.postEvent(SelectionEventDispatcher.java:19)
	at edu.stanford.smi.protege.util.ListenerCollection.postEvent(ListenerCollection.java:72)
	at edu.stanford.smi.protege.util.ListenerCollection.postEvent(ListenerCollection.java:55)
	at edu.stanford.smi.protege.util.SelectableList.notifySelectionListeners(SelectableList.java:54)
	at edu.stanford.smi.protege.util.SelectableList$1.valueChanged(SelectableList.java:30)
	at javax.swing.JList.fireSelectionValueChanged(JList.java:1796)
	at javax.swing.JList$ListSelectionHandler.valueChanged(JList.java:1810)
	at javax.swing.DefaultListSelectionModel.fireValueChanged(DefaultListSelectionModel.java:184)
	at javax.swing.DefaultListSelectionModel.fireValueChanged(DefaultListSelectionModel.java:164)
	at javax.swing.DefaultListSelectionModel.fireValueChanged(DefaultListSelectionModel.java:211)
	at javax.swing.DefaultListSelectionModel.changeSelection(DefaultListSelectionModel.java:405)
	at javax.swing.DefaultListSelectionModel.changeSelection(DefaultListSelectionModel.java:415)
	at javax.swing.DefaultListSelectionModel.setSelectionInterval(DefaultListSelectionModel.java:459)
	at javax.swing.JList.setSelectedIndex(JList.java:2210)
	at javax.swing.JList.setSelectedValue(JList.java:2360)
	at edu.stanford.smi.protegex.owl.ui.individuals.AssertedInstancesListPanel$4.onCreate(AssertedInstancesListPanel.java:326)
	at edu.stanford.smi.protege.util.CreateAction.actionPerformed(CreateAction.java:32)
	at javax.swing.AbstractButton.fireActionPerformed(AbstractButton.java:2022)
	at javax.swing.AbstractButton$Handler.actionPerformed(AbstractButton.java:2348)
	at javax.swing.DefaultButtonModel.fireActionPerformed(DefaultButtonModel.java:402)
	at javax.swing.DefaultButtonModel.setPressed(DefaultButtonModel.java:259)
	at javax.swing.plaf.basic.BasicButtonListener.mouseReleased(BasicButtonListener.java:252)
	at java.awt.AWTEventMulticaster.mouseReleased(AWTEventMulticaster.java:289)
	at java.awt.Component.processMouseEvent(Component.java:6535)
	at javax.swing.JComponent.processMouseEvent(JComponent.java:3324)
	at java.awt.Component.processEvent(Component.java:6300)
	at java.awt.Container.processEvent(Container.java:2236)
	at java.awt.Component.dispatchEventImpl(Component.java:4891)
	at java.awt.Container.dispatchEventImpl(Container.java:2294)
	at java.awt.Component.dispatchEvent(Component.java:4713)
	at java.awt.LightweightDispatcher.retargetMouseEvent(Container.java:4888)
	at java.awt.LightweightDispatcher.processMouseEvent(Container.java:4525)
	at java.awt.LightweightDispatcher.dispatchEvent(Container.java:4466)
	at java.awt.Container.dispatchEventImpl(Container.java:2280)
	at java.awt.Window.dispatchEventImpl(Window.java:2750)
	at java.awt.Component.dispatchEvent(Component.java:4713)
	at java.awt.EventQueue.dispatchEventImpl(EventQueue.java:758)
	at java.awt.EventQueue.access$500(EventQueue.java:97)
	at java.awt.EventQueue$3.run(EventQueue.java:709)
	at java.awt.EventQueue$3.run(EventQueue.java:703)
	at java.security.AccessController.doPrivileged(Native Method)
	at java.security.ProtectionDomain$JavaSecurityAccessImpl.doIntersectionPrivilege(ProtectionDomain.java:76)
	at java.security.ProtectionDomain$JavaSecurityAccessImpl.doIntersectionPrivilege(ProtectionDomain.java:86)
	at java.awt.EventQueue$4.run(EventQueue.java:731)
	at java.awt.EventQueue$4.run(EventQueue.java:729)
	at java.security.AccessController.doPrivileged(Native Method)
	at java.security.ProtectionDomain$JavaSecurityAccessImpl.doIntersectionPrivilege(ProtectionDomain.java:76)
	at java.awt.EventQueue.dispatchEvent(EventQueue.java:728)
	at java.awt.EventDispatchThread.pumpOneEventForFilters(EventDispatchThread.java:201)
	at java.awt.EventDispatchThread.pumpEventsForFilter(EventDispatchThread.java:116)
	at java.awt.EventDispatchThread.pumpEventsForHierarchy(EventDispatchThread.java:105)
	at java.awt.EventDispatchThread.pumpEvents(EventDispatchThread.java:101)
	at java.awt.EventDispatchThread.pumpEvents(EventDispatchThread.java:93)
	at java.awt.EventDispatchThread.run(EventDispatchThread.java:82)

2017.03.28 14:36:38.821 CEST SEVERE: Uncaught Exception -- java.lang.IllegalArgumentException: null class
	at edu.stanford.smi.protege.model.framestore.ArgumentCheckingFrameStore.assertNotNull(ArgumentCheckingFrameStore.java:25)
	at edu.stanford.smi.protege.model.framestore.ArgumentCheckingFrameStore.checkCls(ArgumentCheckingFrameStore.java:38)
	at edu.stanford.smi.protege.model.framestore.ArgumentCheckingFrameStore.getTemplateFacetValues(ArgumentCheckingFrameStore.java:302)
	at edu.stanford.smi.protege.model.framestore.ModificationFrameStore.getTemplateFacetValues(ModificationFrameStore.java:162)
	at edu.stanford.smi.protege.model.framestore.FrameStoreAdapter.getTemplateFacetValues(FrameStoreAdapter.java:228)
	at edu.stanford.smi.protege.model.framestore.FrameStoreAdapter.getTemplateFacetValues(FrameStoreAdapter.java:228)
	at edu.stanford.smi.protege.model.framestore.FrameStoreAdapter.getTemplateFacetValues(FrameStoreAdapter.java:228)
	at edu.stanford.smi.protege.model.framestore.FrameStoreAdapter.getTemplateFacetValues(FrameStoreAdapter.java:228)
	at edu.stanford.smi.protege.model.framestore.FrameStoreAdapter.getTemplateFacetValues(FrameStoreAdapter.java:228)
	at edu.stanford.smi.protege.model.framestore.FrameStoreAdapter.getTemplateFacetValues(FrameStoreAdapter.java:228)
	at edu.stanford.smi.protege.model.framestore.FrameStoreAdapter.getTemplateFacetValues(FrameStoreAdapter.java:228)
	at edu.stanford.smi.protege.model.framestore.FrameStoreAdapter.getTemplateFacetValues(FrameStoreAdapter.java:228)
	at edu.stanford.smi.protege.model.framestore.FrameStoreAdapter.getTemplateFacetValues(FrameStoreAdapter.java:228)
	at edu.stanford.smi.protege.model.framestore.FrameStoreAdapter.getTemplateFacetValues(FrameStoreAdapter.java:228)
	at edu.stanford.smi.protege.model.DefaultKnowledgeBase.getTemplateFacetValues(DefaultKnowledgeBase.java:1307)
	at edu.stanford.smi.protege.model.DefaultKnowledgeBase.getTemplateFacetValue(DefaultKnowledgeBase.java:1302)
	at edu.stanford.smi.protege.model.DefaultKnowledgeBase.getTemplateSlotMaximumCardinality2(DefaultKnowledgeBase.java:1344)
	at edu.stanford.smi.protege.model.DefaultKnowledgeBase.getTemplateSlotAllowsMultipleValues(DefaultKnowledgeBase.java:1326)
	at edu.stanford.smi.protege.model.DefaultKnowledgeBase.getOwnSlotAllowsMultipleValues(DefaultKnowledgeBase.java:1100)
	at edu.stanford.smi.protege.model.DefaultFrame.getOwnSlotAllowsMultipleValues(DefaultFrame.java:258)
	at edu.stanford.smi.protege.widget.AbstractSlotWidget.setWidgetValues(AbstractSlotWidget.java:506)
	at edu.stanford.smi.protege.widget.AbstractSlotWidget.loadValues(AbstractSlotWidget.java:357)
	at edu.stanford.smi.protege.widget.AbstractSlotWidget.setInstance(AbstractSlotWidget.java:417)
	at edu.stanford.smi.protegex.owl.ui.widget.AbstractPropertyValuesWidget.setInstance(AbstractPropertyValuesWidget.java:99)
	at edu.stanford.smi.protege.widget.FormWidget.propagateSetInstanceToWidgets(FormWidget.java:789)
	at edu.stanford.smi.protege.widget.FormWidget.setInstance(FormWidget.java:1006)
	at edu.stanford.smi.protege.ui.InstanceDisplay.setInstance(InstanceDisplay.java:759)
	at edu.stanford.smi.protegex.owl.ui.resourcedisplay.ResourceDisplay.setInstance(ResourceDisplay.java:667)
	at edu.stanford.smi.protege.ui.InstanceDisplay.setInstance(InstanceDisplay.java:744)
	at edu.stanford.smi.protegex.owl.ui.resourcedisplay.ResourceDisplay.setInstance(ResourceDisplay.java:651)
	at edu.stanford.smi.protegex.owl.ui.resourcedisplay.ResourceDisplay.setResource(ResourceDisplay.java:673)
	at edu.stanford.smi.protegex.owl.ui.individuals.OWLIndividualsTab$1.selectionChanged(OWLIndividualsTab.java:120)
	at edu.stanford.smi.protege.util.SelectionEventDispatcher.postEvent(SelectionEventDispatcher.java:19)
	at edu.stanford.smi.protege.util.ListenerCollection.postEvent(ListenerCollection.java:72)
	at edu.stanford.smi.protege.util.ListenerCollection.postEvent(ListenerCollection.java:55)
	at edu.stanford.smi.protege.util.SelectableContainer.notifySelectionListeners(SelectableContainer.java:76)
	at edu.stanford.smi.protege.util.SelectableContainer$1.selectionChanged(SelectableContainer.java:22)
	at edu.stanford.smi.protege.util.SelectionEventDispatcher.postEvent(SelectionEventDispatcher.java:19)
	at edu.stanford.smi.protege.util.ListenerCollection.postEvent(ListenerCollection.java:72)
	at edu.stanford.smi.protege.util.ListenerCollection.postEvent(ListenerCollection.java:55)
	at edu.stanford.smi.protege.util.SelectableList.notifySelectionListeners(SelectableList.java:54)
	at edu.stanford.smi.protege.util.SelectableList$1.valueChanged(SelectableList.java:30)
	at javax.swing.JList.fireSelectionValueChanged(JList.java:1796)
	at javax.swing.JList$ListSelectionHandler.valueChanged(JList.java:1810)
	at javax.swing.DefaultListSelectionModel.fireValueChanged(DefaultListSelectionModel.java:184)
	at javax.swing.DefaultListSelectionModel.fireValueChanged(DefaultListSelectionModel.java:154)
	at javax.swing.DefaultListSelectionModel.setValueIsAdjusting(DefaultListSelectionModel.java:685)
	at javax.swing.JList.setValueIsAdjusting(JList.java:2140)
	at javax.swing.plaf.basic.BasicListUI$Handler.mouseReleased(BasicListUI.java:2796)
	at java.awt.AWTEventMulticaster.mouseReleased(AWTEventMulticaster.java:289)
	at java.awt.AWTEventMulticaster.mouseReleased(AWTEventMulticaster.java:289)
	at java.awt.AWTEventMulticaster.mouseReleased(AWTEventMulticaster.java:289)
	at java.awt.AWTEventMulticaster.mouseReleased(AWTEventMulticaster.java:289)
	at java.awt.AWTEventMulticaster.mouseReleased(AWTEventMulticaster.java:289)
	at java.awt.Component.processMouseEvent(Component.java:6535)
	at javax.swing.JComponent.processMouseEvent(JComponent.java:3324)
	at edu.stanford.smi.protege.util.SelectableList.processMouseEvent(SelectableList.java:76)
	at java.awt.Component.processEvent(Component.java:6300)
	at java.awt.Container.processEvent(Container.java:2236)
	at java.awt.Component.dispatchEventImpl(Component.java:4891)
	at java.awt.Container.dispatchEventImpl(Container.java:2294)
	at java.awt.Component.dispatchEvent(Component.java:4713)
	at java.awt.LightweightDispatcher.retargetMouseEvent(Container.java:4888)
	at java.awt.LightweightDispatcher.processMouseEvent(Container.java:4525)
	at java.awt.LightweightDispatcher.dispatchEvent(Container.java:4466)
	at java.awt.Container.dispatchEventImpl(Container.java:2280)
	at java.awt.Window.dispatchEventImpl(Window.java:2750)
	at java.awt.Component.dispatchEvent(Component.java:4713)
	at java.awt.EventQueue.dispatchEventImpl(EventQueue.java:758)
	at java.awt.EventQueue.access$500(EventQueue.java:97)
	at java.awt.EventQueue$3.run(EventQueue.java:709)
	at java.awt.EventQueue$3.run(EventQueue.java:703)
	at java.security.AccessController.doPrivileged(Native Method)
	at java.security.ProtectionDomain$JavaSecurityAccessImpl.doIntersectionPrivilege(ProtectionDomain.java:76)
	at java.security.ProtectionDomain$JavaSecurityAccessImpl.doIntersectionPrivilege(ProtectionDomain.java:86)
	at java.awt.EventQueue$4.run(EventQueue.java:731)
	at java.awt.EventQueue$4.run(EventQueue.java:729)
	at java.security.AccessController.doPrivileged(Native Method)
	at java.security.ProtectionDomain$JavaSecurityAccessImpl.doIntersectionPrivilege(ProtectionDomain.java:76)
	at java.awt.EventQueue.dispatchEvent(EventQueue.java:728)
	at java.awt.EventDispatchThread.pumpOneEventForFilters(EventDispatchThread.java:201)
	at java.awt.EventDispatchThread.pumpEventsForFilter(EventDispatchThread.java:116)
	at java.awt.EventDispatchThread.pumpEventsForHierarchy(EventDispatchThread.java:105)
	at java.awt.EventDispatchThread.pumpEvents(EventDispatchThread.java:101)
	at java.awt.EventDispatchThread.pumpEvents(EventDispatchThread.java:93)
	at java.awt.EventDispatchThread.run(EventDispatchThread.java:82)

2017.03.28 14:36:39.349 CEST SEVERE: Uncaught Exception -- java.lang.IllegalArgumentException: null class
	at edu.stanford.smi.protege.model.framestore.ArgumentCheckingFrameStore.assertNotNull(ArgumentCheckingFrameStore.java:25)
	at edu.stanford.smi.protege.model.framestore.ArgumentCheckingFrameStore.checkCls(ArgumentCheckingFrameStore.java:38)
	at edu.stanford.smi.protege.model.framestore.ArgumentCheckingFrameStore.getTemplateFacetValues(ArgumentCheckingFrameStore.java:302)
	at edu.stanford.smi.protege.model.framestore.ModificationFrameStore.getTemplateFacetValues(ModificationFrameStore.java:162)
	at edu.stanford.smi.protege.model.framestore.FrameStoreAdapter.getTemplateFacetValues(FrameStoreAdapter.java:228)
	at edu.stanford.smi.protege.model.framestore.FrameStoreAdapter.getTemplateFacetValues(FrameStoreAdapter.java:228)
	at edu.stanford.smi.protege.model.framestore.FrameStoreAdapter.getTemplateFacetValues(FrameStoreAdapter.java:228)
	at edu.stanford.smi.protege.model.framestore.FrameStoreAdapter.getTemplateFacetValues(FrameStoreAdapter.java:228)
	at edu.stanford.smi.protege.model.framestore.FrameStoreAdapter.getTemplateFacetValues(FrameStoreAdapter.java:228)
	at edu.stanford.smi.protege.model.framestore.FrameStoreAdapter.getTemplateFacetValues(FrameStoreAdapter.java:228)
	at edu.stanford.smi.protege.model.framestore.FrameStoreAdapter.getTemplateFacetValues(FrameStoreAdapter.java:228)
	at edu.stanford.smi.protege.model.framestore.FrameStoreAdapter.getTemplateFacetValues(FrameStoreAdapter.java:228)
	at edu.stanford.smi.protege.model.framestore.FrameStoreAdapter.getTemplateFacetValues(FrameStoreAdapter.java:228)
	at edu.stanford.smi.protege.model.framestore.FrameStoreAdapter.getTemplateFacetValues(FrameStoreAdapter.java:228)
	at edu.stanford.smi.protege.model.DefaultKnowledgeBase.getTemplateFacetValues(DefaultKnowledgeBase.java:1307)
	at edu.stanford.smi.protege.model.DefaultKnowledgeBase.getTemplateFacetValue(DefaultKnowledgeBase.java:1302)
	at edu.stanford.smi.protege.model.DefaultKnowledgeBase.getTemplateSlotMaximumCardinality2(DefaultKnowledgeBase.java:1344)
	at edu.stanford.smi.protege.model.DefaultKnowledgeBase.getTemplateSlotAllowsMultipleValues(DefaultKnowledgeBase.java:1326)
	at edu.stanford.smi.protege.model.DefaultKnowledgeBase.getOwnSlotAllowsMultipleValues(DefaultKnowledgeBase.java:1100)
	at edu.stanford.smi.protege.model.DefaultFrame.getOwnSlotAllowsMultipleValues(DefaultFrame.java:258)
	at edu.stanford.smi.protege.widget.AbstractSlotWidget.setWidgetValues(AbstractSlotWidget.java:506)
	at edu.stanford.smi.protege.widget.AbstractSlotWidget.loadValues(AbstractSlotWidget.java:357)
	at edu.stanford.smi.protege.widget.AbstractSlotWidget.setInstance(AbstractSlotWidget.java:417)
	at edu.stanford.smi.protegex.owl.ui.widget.AbstractPropertyValuesWidget.setInstance(AbstractPropertyValuesWidget.java:99)
	at edu.stanford.smi.protege.widget.FormWidget.propagateSetInstanceToWidgets(FormWidget.java:789)
	at edu.stanford.smi.protege.widget.FormWidget.setInstance(FormWidget.java:1006)
	at edu.stanford.smi.protege.ui.InstanceDisplay.setInstance(InstanceDisplay.java:759)
	at edu.stanford.smi.protegex.owl.ui.resourcedisplay.ResourceDisplay.setInstance(ResourceDisplay.java:667)
	at edu.stanford.smi.protege.ui.InstanceDisplay.setInstance(InstanceDisplay.java:744)
	at edu.stanford.smi.protegex.owl.ui.resourcedisplay.ResourceDisplay.setInstance(ResourceDisplay.java:651)
	at edu.stanford.smi.protegex.owl.ui.resourcedisplay.ResourceDisplay.setResource(ResourceDisplay.java:673)
	at edu.stanford.smi.protegex.owl.ui.individuals.OWLIndividualsTab$1.selectionChanged(OWLIndividualsTab.java:120)
	at edu.stanford.smi.protege.util.SelectionEventDispatcher.postEvent(SelectionEventDispatcher.java:19)
	at edu.stanford.smi.protege.util.ListenerCollection.postEvent(ListenerCollection.java:72)
	at edu.stanford.smi.protege.util.ListenerCollection.postEvent(ListenerCollection.java:55)
	at edu.stanford.smi.protege.util.SelectableContainer.notifySelectionListeners(SelectableContainer.java:76)
	at edu.stanford.smi.protege.util.SelectableContainer$1.selectionChanged(SelectableContainer.java:22)
	at edu.stanford.smi.protege.util.SelectionEventDispatcher.postEvent(SelectionEventDispatcher.java:19)
	at edu.stanford.smi.protege.util.ListenerCollection.postEvent(ListenerCollection.java:72)
	at edu.stanford.smi.protege.util.ListenerCollection.postEvent(ListenerCollection.java:55)
	at edu.stanford.smi.protege.util.SelectableList.notifySelectionListeners(SelectableList.java:54)
	at edu.stanford.smi.protege.util.SelectableList$1.valueChanged(SelectableList.java:30)
	at javax.swing.JList.fireSelectionValueChanged(JList.java:1796)
	at javax.swing.JList$ListSelectionHandler.valueChanged(JList.java:1810)
	at javax.swing.DefaultListSelectionModel.fireValueChanged(DefaultListSelectionModel.java:184)
	at javax.swing.DefaultListSelectionModel.fireValueChanged(DefaultListSelectionModel.java:154)
	at javax.swing.DefaultListSelectionModel.setValueIsAdjusting(DefaultListSelectionModel.java:685)
	at javax.swing.JList.setValueIsAdjusting(JList.java:2140)
	at javax.swing.plaf.basic.BasicListUI$Handler.mouseReleased(BasicListUI.java:2796)
	at java.awt.AWTEventMulticaster.mouseReleased(AWTEventMulticaster.java:289)
	at java.awt.AWTEventMulticaster.mouseReleased(AWTEventMulticaster.java:289)
	at java.awt.AWTEventMulticaster.mouseReleased(AWTEventMulticaster.java:289)
	at java.awt.AWTEventMulticaster.mouseReleased(AWTEventMulticaster.java:289)
	at java.awt.AWTEventMulticaster.mouseReleased(AWTEventMulticaster.java:289)
	at java.awt.Component.processMouseEvent(Component.java:6535)
	at javax.swing.JComponent.processMouseEvent(JComponent.java:3324)
	at edu.stanford.smi.protege.util.SelectableList.processMouseEvent(SelectableList.java:76)
	at java.awt.Component.processEvent(Component.java:6300)
	at java.awt.Container.processEvent(Container.java:2236)
	at java.awt.Component.dispatchEventImpl(Component.java:4891)
	at java.awt.Container.dispatchEventImpl(Container.java:2294)
	at java.awt.Component.dispatchEvent(Component.java:4713)
	at java.awt.LightweightDispatcher.retargetMouseEvent(Container.java:4888)
	at java.awt.LightweightDispatcher.processMouseEvent(Container.java:4525)
	at java.awt.LightweightDispatcher.dispatchEvent(Container.java:4466)
	at java.awt.Container.dispatchEventImpl(Container.java:2280)
	at java.awt.Window.dispatchEventImpl(Window.java:2750)
	at java.awt.Component.dispatchEvent(Component.java:4713)
	at java.awt.EventQueue.dispatchEventImpl(EventQueue.java:758)
	at java.awt.EventQueue.access$500(EventQueue.java:97)
	at java.awt.EventQueue$3.run(EventQueue.java:709)
	at java.awt.EventQueue$3.run(EventQueue.java:703)
	at java.security.AccessController.doPrivileged(Native Method)
	at java.security.ProtectionDomain$JavaSecurityAccessImpl.doIntersectionPrivilege(ProtectionDomain.java:76)
	at java.security.ProtectionDomain$JavaSecurityAccessImpl.doIntersectionPrivilege(ProtectionDomain.java:86)
	at java.awt.EventQueue$4.run(EventQueue.java:731)
	at java.awt.EventQueue$4.run(EventQueue.java:729)
	at java.security.AccessController.doPrivileged(Native Method)
	at java.security.ProtectionDomain$JavaSecurityAccessImpl.doIntersectionPrivilege(ProtectionDomain.java:76)
	at java.awt.EventQueue.dispatchEvent(EventQueue.java:728)
	at java.awt.EventDispatchThread.pumpOneEventForFilters(EventDispatchThread.java:201)
	at java.awt.EventDispatchThread.pumpEventsForFilter(EventDispatchThread.java:116)
	at java.awt.EventDispatchThread.pumpEventsForHierarchy(EventDispatchThread.java:105)
	at java.awt.EventDispatchThread.pumpEvents(EventDispatchThread.java:101)
	at java.awt.EventDispatchThread.pumpEvents(EventDispatchThread.java:93)
	at java.awt.EventDispatchThread.run(EventDispatchThread.java:82)

