2017.03.28 14:52:06.947 CEST INFO: *** SYSTEM START *** -- SystemUtilities.logSystemInfo()
2017.03.28 14:52:06.956 CEST CONFIG: Protege 3.5 Build 663, JVM 1.8.0_91-b14, memory=3817M, Mac OS X, encoding=UTF-8, language=en, country=US -- SystemUtilities.logSystemInfo()
2017.03.28 14:52:07.048 CEST CONFIG: Loaded plugin edu.stanford.smi.protegex.owl - OWL Plugin -- PluginUtilities.logClassLoaderInformation()
2017.03.28 14:52:07.870 CEST CONFIG: Loaded plugin ca.uvic.cs.chisel.jambalaya - Jambalaya -- PluginUtilities.logClassLoaderInformation()
2017.03.28 14:52:07.880 CEST CONFIG: Loaded plugin com.clarkparsia.protege3.database - Clark Parsia Database Backend -- PluginUtilities.logClassLoaderInformation()
2017.03.28 14:52:07.884 CEST WARNING: java.lang.ClassNotFoundException: com.clarkparsia.protege3.storage.database.owl.CreateCPOWLDatabaseProjectPlugin -- PluginUtilities.isLoadableClass()
2017.03.28 14:52:07.885 CEST CONFIG: Loaded plugin dfki.protege.ontoviz -- PluginUtilities.logClassLoaderInformation()
2017.03.28 14:52:07.891 CEST CONFIG: Loaded plugin edu.stanford.smi.protegex.standard_extensions - Graph Widget, Table Widget -- PluginUtilities.logClassLoaderInformation()
2017.03.28 14:52:07.964 CEST CONFIG: Loaded plugin edu.stanford.bmir.protegex.bp.ref - BioPortal Reference Plugin, BioPortal Import Plugin -- PluginUtilities.logClassLoaderInformation()
2017.03.28 14:52:08.019 CEST CONFIG: Loaded plugin edu.stanford.smi.protegex.rdf_backend - RDF Backend -- PluginUtilities.logClassLoaderInformation()
2017.03.28 14:52:08.034 CEST CONFIG: Loaded plugin edu.stanford.smi.protegex.changes - Changes tab -- PluginUtilities.logClassLoaderInformation()
2017.03.28 14:52:08.052 CEST CONFIG: Loaded plugin edu.stanford.smi.protegex.chatPlugin - Chat -- PluginUtilities.logClassLoaderInformation()
2017.03.28 14:52:08.055 CEST CONFIG: Loaded plugin edu.stanford.smi.protege.collab - Collaborative Protege -- PluginUtilities.logClassLoaderInformation()
2017.03.28 14:52:08.065 CEST CONFIG: Loaded plugin edu.stanford.smi.protege.script - Script Plugin -- PluginUtilities.logClassLoaderInformation()
2017.03.28 14:52:08.073 CEST CONFIG: Loaded plugin edu.stanford.smi.protege.stringsearch - String Search Tab -- PluginUtilities.logClassLoaderInformation()
2017.03.28 14:52:08.082 CEST CONFIG: Loaded plugin edu.stanford.smi.protegex.changeanalysis - Change Analysis Tab -- PluginUtilities.logClassLoaderInformation()
2017.03.28 14:52:08.322 CEST CONFIG: Loaded plugin edu.stanford.smi.protegex.datamaster - DataMaster Tab -- PluginUtilities.logClassLoaderInformation()
2017.03.28 14:52:08.336 CEST CONFIG: Loaded plugin edu.stanford.smi.protegex.pal_tabs - PAL Tabs -- PluginUtilities.logClassLoaderInformation()
2017.03.28 14:52:08.354 CEST CONFIG: Loaded plugin edu.stanford.smi.protegex.ezpal - EZPal Tab -- PluginUtilities.logClassLoaderInformation()
2017.03.28 14:52:08.365 CEST CONFIG: Loaded plugin edu.stanford.smi.protegex.facets_tab -- PluginUtilities.logClassLoaderInformation()
2017.03.28 14:52:08.369 CEST CONFIG: Loaded plugin edu.stanford.smi.protegex.instance_tree -- PluginUtilities.logClassLoaderInformation()
2017.03.28 14:52:08.375 CEST CONFIG: Loaded plugin edu.stanford.smi.protegex.prompt - PROMPT Tab -- PluginUtilities.logClassLoaderInformation()
2017.03.28 14:52:08.620 CEST CONFIG: Loaded plugin edu.stanford.smi.protegex.metaanalysis - MetaAnalysis Tab -- PluginUtilities.logClassLoaderInformation()
2017.03.28 14:52:08.638 CEST CONFIG: Loaded plugin edu.stanford.smi.protegex.owl.inference.pellet - Protege Pellet Reasoner -- PluginUtilities.logClassLoaderInformation()
2017.03.28 14:52:08.654 CEST CONFIG: Loaded plugin edu.stanford.smi.protegex.query.lucene - LuceneQueryTab -- PluginUtilities.logClassLoaderInformation()
2017.03.28 14:52:08.690 CEST CONFIG: Loaded plugin edu.stanford.smi.protegex.xml_tab - XML Tab -- PluginUtilities.logClassLoaderInformation()
2017.03.28 14:52:08.696 CEST CONFIG: Loaded plugin org.protege.owl.axiome - Axiome Plugin -- PluginUtilities.logClassLoaderInformation()
2017.03.28 14:52:08.705 CEST CONFIG: Loaded plugin org.protege.owl.mappingmaster - MappingMaster Plugin -- PluginUtilities.logClassLoaderInformation()
2017.03.28 14:52:08.713 CEST CONFIG: Loaded plugin se.liu.ida.JessTab - JessTab Plugin -- PluginUtilities.logClassLoaderInformation()
2017.03.28 14:52:08.725 CEST CONFIG: Loaded plugin UBBgYearWidget - UBBgYearWidget -- PluginUtilities.logClassLoaderInformation()
2017.03.28 14:52:08.728 CEST CONFIG: Loaded plugin ubbIdGeneratorSlotWidget - UBBIdGeneratorSlotWidget -- PluginUtilities.logClassLoaderInformation()
2017.03.28 14:52:08.733 CEST CONFIG: Loaded plugin uk.ac.iam.soton.akt.tgviztab - TGVizTab -- PluginUtilities.logClassLoaderInformation()
2017.03.28 14:52:08.743 CEST CONFIG: Loaded plugin uk.ac.man.cs.mig.coode.debugger -- PluginUtilities.logClassLoaderInformation()
2017.03.28 14:52:08.747 CEST CONFIG: Loaded plugin uk.ac.man.cs.mig.coode.manchesterowlsyntaxeditor -- PluginUtilities.logClassLoaderInformation()
2017.03.28 14:52:08.751 CEST CONFIG: Loaded plugin uk.ac.man.cs.mig.coode.owldoc -- PluginUtilities.logClassLoaderInformation()
2017.03.28 14:52:08.754 CEST CONFIG: Loaded plugin uk.ac.man.cs.mig.coode.owlindividualstab -- PluginUtilities.logClassLoaderInformation()
2017.03.28 14:52:08.759 CEST CONFIG: Loaded plugin uk.ac.man.cs.mig.coode.owlviz -- PluginUtilities.logClassLoaderInformation()
2017.03.28 14:52:08.768 CEST CONFIG: Loaded plugin uk.ac.man.cs.mig.coode.protege.wizard - Basic Wizards -- PluginUtilities.logClassLoaderInformation()
2017.03.28 14:52:08.772 CEST CONFIG: Loaded plugin uk.ac.man.cs.mig.coode.protege.wizard.owl - OWL Wizards -- PluginUtilities.logClassLoaderInformation()
2017.03.28 14:52:12.724 CEST INFO: Loading triples for: file:/Volumes/HEMED/SVNRepos/dst/projects/protege-projects/skeivt-arkiv/skeivt-arkiv-test.rdf-xml.owl -- ProtegeOWLParser.loadTriples()
2017.03.28 14:52:12.929 CEST INFO:     Completed triple loading after 203 ms -- ProtegeOWLParser.loadTriples()
2017.03.28 14:52:12.931 CEST INFO: Importing http://data.ub.uib.no/ontology/ubbont.owl from location: http://data.ub.uib.no/ontology/ubbont.owl -- AbstractOWLModel.loadImportedAssertions()
2017.03.28 14:52:12.940 CEST INFO: Loading triples for: http://data.ub.uib.no/ontology/ubbont.owl -- ProtegeOWLParser.loadTriples()
2017.03.28 14:52:13.034 CEST INFO:     Completed triple loading after 93 ms -- ProtegeOWLParser.loadTriples()
2017.03.28 14:52:13.035 CEST INFO: http://data.ub.uib.no/ontology/ubbont.owl already imported as triple store http://data.ub.uib.no/ontology/ubbont.owl -- AbstractOWLModel.loadImportedAssertions()
2017.03.28 14:52:13.037 CEST INFO: Postprocess: Process entities with incorrect Java type (28 entities) ...  -- TriplePostProcessor.processFramesWithWrongJavaType()
2017.03.28 14:52:13.038 CEST INFO: 1 ms
 -- TriplePostProcessor.processFramesWithWrongJavaType()
2017.03.28 14:52:13.038 CEST INFO: Postprocess: Process metaclasses (3 metaclasses) ...  -- TriplePostProcessor.processMetaclasses()
2017.03.28 14:52:13.038 CEST INFO: 0 ms
 -- TriplePostProcessor.processMetaclasses()
2017.03.28 14:52:13.038 CEST INFO: Postprocess: Process subclasses of rdf:List (1 classes) ...  -- TriplePostProcessor.processSubclassesOfRdfList()
2017.03.28 14:52:13.038 CEST INFO: 0 ms
 -- TriplePostProcessor.processSubclassesOfRdfList()
2017.03.28 14:52:13.039 CEST INFO: Postprocess: Instances with multiple types (113 instances) ...  -- TriplePostProcessor.processInstancesWithMultipleTypes()
2017.03.28 14:52:13.041 CEST INFO: 2 ms
 -- TriplePostProcessor.processInstancesWithMultipleTypes()
2017.03.28 14:52:13.043 CEST INFO: Postprocess: Add inferred superclasses ...  -- TriplePostProcessor.processInferredSuperclasses()
2017.03.28 14:52:13.044 CEST INFO: 0 ms
 -- TriplePostProcessor.processInferredSuperclasses()
2017.03.28 14:52:13.046 CEST INFO: Postprocess: Process orphan classes (144 classes) ...  -- TriplePostProcessor.processOrphanClses()
2017.03.28 14:52:13.048 CEST INFO: 2 ms
 -- TriplePostProcessor.processOrphanClses()
2017.03.28 14:52:13.048 CEST INFO: Postprocess: Generalized Concept Inclusion (0 axioms) ...  -- TriplePostProcessor.processGeneralizedConceptInclusions()
2017.03.28 14:52:13.048 CEST INFO: 0 ms
 -- TriplePostProcessor.processGeneralizedConceptInclusions()
2017.03.28 14:52:13.048 CEST INFO: Postprocess: Abstract classes...  -- TriplePostProcessor.processAbstractClasses()
2017.03.28 14:52:13.049 CEST INFO: 1 ms
 -- TriplePostProcessor.processAbstractClasses()
2017.03.28 14:52:13.049 CEST INFO: Postprocess: Domain and range of properties...  -- TriplePostProcessor.processDomainAndRange()
2017.03.28 14:52:13.067 CEST INFO: 18 ms
 -- TriplePostProcessor.processDomainAndRange()
2017.03.28 14:52:13.067 CEST INFO: Postprocess: Possibly typed entities (6 resources) ...  -- TriplePostProcessor.processPossiblyTypedResources()
2017.03.28 14:52:13.068 CEST INFO: 1 ms
 -- TriplePostProcessor.processPossiblyTypedResources()
2017.03.28 14:52:13.068 CEST INFO: Updating underlying frames model in 0 ms -- ProtegeOWLParser.doFinalPostProcessing()
2017.03.28 14:52:15.124 CEST INFO: Load time for file:/Volumes/HEMED/SVNRepos/dst/projects/protege-projects/skeivt-arkiv/skeivt-arkiv-test.rdf-xml.pprj = 1 sec (project) + 2 sec (ui) -- ProjectManager$3.run()
