2017.03.28 14:21:22.194 CEST INFO: *** SYSTEM START *** -- SystemUtilities.logSystemInfo()
2017.03.28 14:21:22.200 CEST CONFIG: Protege 3.5 Build 663, JVM 1.8.0_91-b14, memory=3817M, Mac OS X, encoding=UTF-8, language=en, country=US -- SystemUtilities.logSystemInfo()
2017.03.28 14:21:22.266 CEST CONFIG: Loaded plugin edu.stanford.smi.protegex.owl - OWL Plugin -- PluginUtilities.logClassLoaderInformation()
2017.03.28 14:21:22.678 CEST CONFIG: Loaded plugin ca.uvic.cs.chisel.jambalaya - Jambalaya -- PluginUtilities.logClassLoaderInformation()
2017.03.28 14:21:22.695 CEST CONFIG: Loaded plugin com.clarkparsia.protege3.database - Clark Parsia Database Backend -- PluginUtilities.logClassLoaderInformation()
2017.03.28 14:21:22.699 CEST WARNING: java.lang.ClassNotFoundException: com.clarkparsia.protege3.storage.database.owl.CreateCPOWLDatabaseProjectPlugin -- PluginUtilities.isLoadableClass()
2017.03.28 14:21:22.700 CEST CONFIG: Loaded plugin dfki.protege.ontoviz -- PluginUtilities.logClassLoaderInformation()
2017.03.28 14:21:22.708 CEST CONFIG: Loaded plugin edu.stanford.smi.protegex.standard_extensions - Graph Widget, Table Widget -- PluginUtilities.logClassLoaderInformation()
2017.03.28 14:21:22.761 CEST CONFIG: Loaded plugin edu.stanford.bmir.protegex.bp.ref - BioPortal Reference Plugin, BioPortal Import Plugin -- PluginUtilities.logClassLoaderInformation()
2017.03.28 14:21:22.782 CEST CONFIG: Loaded plugin edu.stanford.smi.protegex.rdf_backend - RDF Backend -- PluginUtilities.logClassLoaderInformation()
2017.03.28 14:21:22.796 CEST CONFIG: Loaded plugin edu.stanford.smi.protegex.changes - Changes tab -- PluginUtilities.logClassLoaderInformation()
2017.03.28 14:21:22.810 CEST CONFIG: Loaded plugin edu.stanford.smi.protegex.chatPlugin - Chat -- PluginUtilities.logClassLoaderInformation()
2017.03.28 14:21:22.813 CEST CONFIG: Loaded plugin edu.stanford.smi.protege.collab - Collaborative Protege -- PluginUtilities.logClassLoaderInformation()
2017.03.28 14:21:22.822 CEST CONFIG: Loaded plugin edu.stanford.smi.protege.script - Script Plugin -- PluginUtilities.logClassLoaderInformation()
2017.03.28 14:21:22.829 CEST CONFIG: Loaded plugin edu.stanford.smi.protege.stringsearch - String Search Tab -- PluginUtilities.logClassLoaderInformation()
2017.03.28 14:21:22.833 CEST CONFIG: Loaded plugin edu.stanford.smi.protegex.changeanalysis - Change Analysis Tab -- PluginUtilities.logClassLoaderInformation()
2017.03.28 14:21:22.877 CEST CONFIG: Loaded plugin edu.stanford.smi.protegex.datamaster - DataMaster Tab -- PluginUtilities.logClassLoaderInformation()
2017.03.28 14:21:22.882 CEST CONFIG: Loaded plugin edu.stanford.smi.protegex.pal_tabs - PAL Tabs -- PluginUtilities.logClassLoaderInformation()
2017.03.28 14:21:22.893 CEST CONFIG: Loaded plugin edu.stanford.smi.protegex.ezpal - EZPal Tab -- PluginUtilities.logClassLoaderInformation()
2017.03.28 14:21:22.899 CEST CONFIG: Loaded plugin edu.stanford.smi.protegex.facets_tab -- PluginUtilities.logClassLoaderInformation()
2017.03.28 14:21:22.904 CEST CONFIG: Loaded plugin edu.stanford.smi.protegex.instance_tree -- PluginUtilities.logClassLoaderInformation()
2017.03.28 14:21:22.935 CEST CONFIG: Loaded plugin edu.stanford.smi.protegex.prompt - PROMPT Tab -- PluginUtilities.logClassLoaderInformation()
2017.03.28 14:21:23.155 CEST CONFIG: Loaded plugin edu.stanford.smi.protegex.metaanalysis - MetaAnalysis Tab -- PluginUtilities.logClassLoaderInformation()
2017.03.28 14:21:23.168 CEST CONFIG: Loaded plugin edu.stanford.smi.protegex.owl.inference.pellet - Protege Pellet Reasoner -- PluginUtilities.logClassLoaderInformation()
2017.03.28 14:21:23.177 CEST CONFIG: Loaded plugin edu.stanford.smi.protegex.query.lucene - LuceneQueryTab -- PluginUtilities.logClassLoaderInformation()
2017.03.28 14:21:23.187 CEST CONFIG: Loaded plugin edu.stanford.smi.protegex.xml_tab - XML Tab -- PluginUtilities.logClassLoaderInformation()
2017.03.28 14:21:23.189 CEST CONFIG: Loaded plugin org.protege.owl.axiome - Axiome Plugin -- PluginUtilities.logClassLoaderInformation()
2017.03.28 14:21:23.197 CEST CONFIG: Loaded plugin org.protege.owl.mappingmaster - MappingMaster Plugin -- PluginUtilities.logClassLoaderInformation()
2017.03.28 14:21:23.206 CEST CONFIG: Loaded plugin se.liu.ida.JessTab - JessTab Plugin -- PluginUtilities.logClassLoaderInformation()
2017.03.28 14:21:23.216 CEST CONFIG: Loaded plugin UBBgYearWidget - UBBgYearWidget -- PluginUtilities.logClassLoaderInformation()
2017.03.28 14:21:23.221 CEST CONFIG: Loaded plugin ubbIdGeneratorSlotWidget - UBBIdGeneratorSlotWidget -- PluginUtilities.logClassLoaderInformation()
2017.03.28 14:21:23.223 CEST CONFIG: Loaded plugin uk.ac.iam.soton.akt.tgviztab - TGVizTab -- PluginUtilities.logClassLoaderInformation()
2017.03.28 14:21:23.233 CEST CONFIG: Loaded plugin uk.ac.man.cs.mig.coode.debugger -- PluginUtilities.logClassLoaderInformation()
2017.03.28 14:21:23.241 CEST CONFIG: Loaded plugin uk.ac.man.cs.mig.coode.manchesterowlsyntaxeditor -- PluginUtilities.logClassLoaderInformation()
2017.03.28 14:21:23.244 CEST CONFIG: Loaded plugin uk.ac.man.cs.mig.coode.owldoc -- PluginUtilities.logClassLoaderInformation()
2017.03.28 14:21:23.246 CEST CONFIG: Loaded plugin uk.ac.man.cs.mig.coode.owlindividualstab -- PluginUtilities.logClassLoaderInformation()
2017.03.28 14:21:23.249 CEST CONFIG: Loaded plugin uk.ac.man.cs.mig.coode.owlviz -- PluginUtilities.logClassLoaderInformation()
2017.03.28 14:21:23.257 CEST CONFIG: Loaded plugin uk.ac.man.cs.mig.coode.protege.wizard - Basic Wizards -- PluginUtilities.logClassLoaderInformation()
2017.03.28 14:21:23.260 CEST CONFIG: Loaded plugin uk.ac.man.cs.mig.coode.protege.wizard.owl - OWL Wizards -- PluginUtilities.logClassLoaderInformation()
2017.03.28 14:21:26.634 CEST INFO: Loading triples for: file:/Volumes/HEMED/SVNRepos/dst/projects/protege-projects/skeivt-arkiv/skeivt-arkiv-test.rdf-xml.owl -- ProtegeOWLParser.loadTriples()
2017.03.28 14:21:26.835 CEST INFO:     Completed triple loading after 200 ms -- ProtegeOWLParser.loadTriples()
2017.03.28 14:21:26.836 CEST INFO: Importing http://data.ub.uib.no/ontology/ubbont.owl from location: http://data.ub.uib.no/ontology/ubbont.owl -- AbstractOWLModel.loadImportedAssertions()
2017.03.28 14:21:26.845 CEST INFO: Loading triples for: http://data.ub.uib.no/ontology/ubbont.owl -- ProtegeOWLParser.loadTriples()
2017.03.28 14:21:26.962 CEST INFO:     Completed triple loading after 116 ms -- ProtegeOWLParser.loadTriples()
2017.03.28 14:21:26.962 CEST INFO: http://data.ub.uib.no/ontology/ubbont.owl already imported as triple store http://data.ub.uib.no/ontology/ubbont.owl -- AbstractOWLModel.loadImportedAssertions()
2017.03.28 14:21:26.967 CEST INFO: Postprocess: Process entities with incorrect Java type (28 entities) ...  -- TriplePostProcessor.processFramesWithWrongJavaType()
2017.03.28 14:21:26.968 CEST INFO: 0 ms
 -- TriplePostProcessor.processFramesWithWrongJavaType()
2017.03.28 14:21:26.968 CEST INFO: Postprocess: Process metaclasses (3 metaclasses) ...  -- TriplePostProcessor.processMetaclasses()
2017.03.28 14:21:26.968 CEST INFO: 0 ms
 -- TriplePostProcessor.processMetaclasses()
2017.03.28 14:21:26.968 CEST INFO: Postprocess: Process subclasses of rdf:List (1 classes) ...  -- TriplePostProcessor.processSubclassesOfRdfList()
2017.03.28 14:21:26.969 CEST INFO: 0 ms
 -- TriplePostProcessor.processSubclassesOfRdfList()
2017.03.28 14:21:26.969 CEST INFO: Postprocess: Instances with multiple types (113 instances) ...  -- TriplePostProcessor.processInstancesWithMultipleTypes()
2017.03.28 14:21:26.974 CEST INFO: 5 ms
 -- TriplePostProcessor.processInstancesWithMultipleTypes()
2017.03.28 14:21:26.976 CEST INFO: Postprocess: Add inferred superclasses ...  -- TriplePostProcessor.processInferredSuperclasses()
2017.03.28 14:21:26.976 CEST INFO: 0 ms
 -- TriplePostProcessor.processInferredSuperclasses()
2017.03.28 14:21:26.977 CEST INFO: Postprocess: Process orphan classes (144 classes) ...  -- TriplePostProcessor.processOrphanClses()
2017.03.28 14:21:26.983 CEST INFO: 6 ms
 -- TriplePostProcessor.processOrphanClses()
2017.03.28 14:21:26.983 CEST INFO: Postprocess: Generalized Concept Inclusion (0 axioms) ...  -- TriplePostProcessor.processGeneralizedConceptInclusions()
2017.03.28 14:21:26.983 CEST INFO: 0 ms
 -- TriplePostProcessor.processGeneralizedConceptInclusions()
2017.03.28 14:21:26.983 CEST INFO: Postprocess: Abstract classes...  -- TriplePostProcessor.processAbstractClasses()
2017.03.28 14:21:26.983 CEST INFO: 0 ms
 -- TriplePostProcessor.processAbstractClasses()
2017.03.28 14:21:26.983 CEST INFO: Postprocess: Domain and range of properties...  -- TriplePostProcessor.processDomainAndRange()
2017.03.28 14:21:27.009 CEST INFO: 26 ms
 -- TriplePostProcessor.processDomainAndRange()
2017.03.28 14:21:27.009 CEST INFO: Postprocess: Possibly typed entities (6 resources) ...  -- TriplePostProcessor.processPossiblyTypedResources()
2017.03.28 14:21:27.009 CEST INFO: 0 ms
 -- TriplePostProcessor.processPossiblyTypedResources()
2017.03.28 14:21:27.010 CEST INFO: Updating underlying frames model in 1 ms -- ProtegeOWLParser.doFinalPostProcessing()
2017.03.28 14:21:29.162 CEST INFO: Load time for file:/Volumes/HEMED/SVNRepos/dst/projects/protege-projects/skeivt-arkiv/skeivt-arkiv-test.rdf-xml.pprj = 1 sec (project) + 2 sec (ui) -- ProjectManager$3.run()
2017.03.28 14:22:00.427 CEST WARNING: Exception caught by default exception handler -- java.lang.IllegalArgumentException: null class
	at edu.stanford.smi.protege.model.framestore.ArgumentCheckingFrameStore.assertNotNull(ArgumentCheckingFrameStore.java:25)
	at edu.stanford.smi.protege.model.framestore.ArgumentCheckingFrameStore.checkCls(ArgumentCheckingFrameStore.java:38)
	at edu.stanford.smi.protege.model.framestore.ArgumentCheckingFrameStore.getTemplateFacetValues(ArgumentCheckingFrameStore.java:302)
	at edu.stanford.smi.protege.model.framestore.ModificationFrameStore.getTemplateFacetValues(ModificationFrameStore.java:162)
	at edu.stanford.smi.protege.model.framestore.FrameStoreAdapter.getTemplateFacetValues(FrameStoreAdapter.java:228)
	at edu.stanford.smi.protege.model.framestore.FrameStoreAdapter.getTemplateFacetValues(FrameStoreAdapter.java:228)
	at edu.stanford.smi.protege.model.framestore.FrameStoreAdapter.getTemplateFacetValues(FrameStoreAdapter.java:228)
	at edu.stanford.smi.protege.model.framestore.FrameStoreAdapter.getTemplateFacetValues(FrameStoreAdapter.java:228)
	at edu.stanford.smi.protege.model.framestore.FrameStoreAdapter.getTemplateFacetValues(FrameStoreAdapter.java:228)
	at edu.stanford.smi.protege.model.framestore.FrameStoreAdapter.getTemplateFacetValues(FrameStoreAdapter.java:228)
	at edu.stanford.smi.protege.model.framestore.FrameStoreAdapter.getTemplateFacetValues(FrameStoreAdapter.java:228)
	at edu.stanford.smi.protege.model.framestore.FrameStoreAdapter.getTemplateFacetValues(FrameStoreAdapter.java:228)
	at edu.stanford.smi.protege.model.framestore.FrameStoreAdapter.getTemplateFacetValues(FrameStoreAdapter.java:228)
	at edu.stanford.smi.protege.model.framestore.FrameStoreAdapter.getTemplateFacetValues(FrameStoreAdapter.java:228)
	at edu.stanford.smi.protege.model.DefaultKnowledgeBase.getTemplateFacetValues(DefaultKnowledgeBase.java:1307)
	at edu.stanford.smi.protege.model.DefaultKnowledgeBase.getTemplateFacetValue(DefaultKnowledgeBase.java:1302)
	at edu.stanford.smi.protege.model.DefaultKnowledgeBase.getTemplateSlotMaximumCardinality2(DefaultKnowledgeBase.java:1344)
	at edu.stanford.smi.protege.model.DefaultKnowledgeBase.getTemplateSlotAllowsMultipleValues(DefaultKnowledgeBase.java:1326)
	at edu.stanford.smi.protege.model.DefaultKnowledgeBase.getOwnSlotAllowsMultipleValues(DefaultKnowledgeBase.java:1100)
	at edu.stanford.smi.protege.model.DefaultFrame.getOwnSlotAllowsMultipleValues(DefaultFrame.java:258)
	at edu.stanford.smi.protege.widget.AbstractSlotWidget.setWidgetValues(AbstractSlotWidget.java:506)
	at edu.stanford.smi.protege.widget.AbstractSlotWidget.loadValues(AbstractSlotWidget.java:357)
	at edu.stanford.smi.protege.widget.AbstractSlotWidget.setInstance(AbstractSlotWidget.java:417)
	at edu.stanford.smi.protegex.owl.ui.widget.AbstractPropertyValuesWidget.setInstance(AbstractPropertyValuesWidget.java:99)
	at edu.stanford.smi.protege.widget.FormWidget.propagateSetInstanceToWidgets(FormWidget.java:789)
	at edu.stanford.smi.protege.widget.FormWidget.setInstance(FormWidget.java:1006)
	at edu.stanford.smi.protege.model.Project.createRuntimeClsWidget(Project.java:577)
	at edu.stanford.smi.protege.ui.InstanceDisplay.getWidget(InstanceDisplay.java:308)
	at edu.stanford.smi.protegex.owl.ui.resourcedisplay.ResourceDisplay.getWidget(ResourceDisplay.java:352)
	at edu.stanford.smi.protege.ui.InstanceDisplay.addRuntimeWidgets(InstanceDisplay.java:290)
	at edu.stanford.smi.protege.ui.InstanceDisplay.setInstance(InstanceDisplay.java:755)
	at edu.stanford.smi.protegex.owl.ui.resourcedisplay.ResourceDisplay.setInstance(ResourceDisplay.java:667)
	at edu.stanford.smi.protege.ui.InstanceDisplay.setInstance(InstanceDisplay.java:744)
	at edu.stanford.smi.protegex.owl.ui.resourcedisplay.ResourceDisplay.setInstance(ResourceDisplay.java:651)
	at edu.stanford.smi.protegex.owl.ui.resourcedisplay.ResourceDisplay.setResource(ResourceDisplay.java:673)
	at edu.stanford.smi.protegex.owl.ui.individuals.OWLIndividualsTab$1.selectionChanged(OWLIndividualsTab.java:120)
	at edu.stanford.smi.protege.util.SelectionEventDispatcher.postEvent(SelectionEventDispatcher.java:19)
	at edu.stanford.smi.protege.util.ListenerCollection.postEvent(ListenerCollection.java:72)
	at edu.stanford.smi.protege.util.ListenerCollection.postEvent(ListenerCollection.java:55)
	at edu.stanford.smi.protege.util.SelectableContainer.notifySelectionListeners(SelectableContainer.java:76)
	at edu.stanford.smi.protege.util.SelectableContainer$1.selectionChanged(SelectableContainer.java:22)
	at edu.stanford.smi.protege.util.SelectionEventDispatcher.postEvent(SelectionEventDispatcher.java:19)
	at edu.stanford.smi.protege.util.ListenerCollection.postEvent(ListenerCollection.java:72)
	at edu.stanford.smi.protege.util.ListenerCollection.postEvent(ListenerCollection.java:55)
	at edu.stanford.smi.protege.util.SelectableList.notifySelectionListeners(SelectableList.java:54)
	at edu.stanford.smi.protege.util.SelectableList$1.valueChanged(SelectableList.java:30)
	at javax.swing.JList.fireSelectionValueChanged(JList.java:1796)
	at javax.swing.JList$ListSelectionHandler.valueChanged(JList.java:1810)
	at javax.swing.DefaultListSelectionModel.fireValueChanged(DefaultListSelectionModel.java:184)
	at javax.swing.DefaultListSelectionModel.fireValueChanged(DefaultListSelectionModel.java:164)
	at javax.swing.DefaultListSelectionModel.fireValueChanged(DefaultListSelectionModel.java:211)
	at javax.swing.DefaultListSelectionModel.changeSelection(DefaultListSelectionModel.java:405)
	at javax.swing.DefaultListSelectionModel.changeSelection(DefaultListSelectionModel.java:415)
	at javax.swing.DefaultListSelectionModel.setSelectionInterval(DefaultListSelectionModel.java:459)
	at javax.swing.JList.setSelectedIndex(JList.java:2210)
	at javax.swing.JList.setSelectedValue(JList.java:2360)
	at edu.stanford.smi.protegex.owl.ui.individuals.AssertedInstancesListPanel$4.onCreate(AssertedInstancesListPanel.java:326)
	at edu.stanford.smi.protege.util.CreateAction.actionPerformed(CreateAction.java:32)
	at javax.swing.AbstractButton.fireActionPerformed(AbstractButton.java:2022)
	at javax.swing.AbstractButton$Handler.actionPerformed(AbstractButton.java:2348)
	at javax.swing.DefaultButtonModel.fireActionPerformed(DefaultButtonModel.java:402)
	at javax.swing.DefaultButtonModel.setPressed(DefaultButtonModel.java:259)
	at javax.swing.plaf.basic.BasicButtonListener.mouseReleased(BasicButtonListener.java:252)
	at java.awt.AWTEventMulticaster.mouseReleased(AWTEventMulticaster.java:289)
	at java.awt.Component.processMouseEvent(Component.java:6535)
	at javax.swing.JComponent.processMouseEvent(JComponent.java:3324)
	at java.awt.Component.processEvent(Component.java:6300)
	at java.awt.Container.processEvent(Container.java:2236)
	at java.awt.Component.dispatchEventImpl(Component.java:4891)
	at java.awt.Container.dispatchEventImpl(Container.java:2294)
	at java.awt.Component.dispatchEvent(Component.java:4713)
	at java.awt.LightweightDispatcher.retargetMouseEvent(Container.java:4888)
	at java.awt.LightweightDispatcher.processMouseEvent(Container.java:4525)
	at java.awt.LightweightDispatcher.dispatchEvent(Container.java:4466)
	at java.awt.Container.dispatchEventImpl(Container.java:2280)
	at java.awt.Window.dispatchEventImpl(Window.java:2750)
	at java.awt.Component.dispatchEvent(Component.java:4713)
	at java.awt.EventQueue.dispatchEventImpl(EventQueue.java:758)
	at java.awt.EventQueue.access$500(EventQueue.java:97)
	at java.awt.EventQueue$3.run(EventQueue.java:709)
	at java.awt.EventQueue$3.run(EventQueue.java:703)
	at java.security.AccessController.doPrivileged(Native Method)
	at java.security.ProtectionDomain$JavaSecurityAccessImpl.doIntersectionPrivilege(ProtectionDomain.java:76)
	at java.security.ProtectionDomain$JavaSecurityAccessImpl.doIntersectionPrivilege(ProtectionDomain.java:86)
	at java.awt.EventQueue$4.run(EventQueue.java:731)
	at java.awt.EventQueue$4.run(EventQueue.java:729)
	at java.security.AccessController.doPrivileged(Native Method)
	at java.security.ProtectionDomain$JavaSecurityAccessImpl.doIntersectionPrivilege(ProtectionDomain.java:76)
	at java.awt.EventQueue.dispatchEvent(EventQueue.java:728)
	at java.awt.EventDispatchThread.pumpOneEventForFilters(EventDispatchThread.java:201)
	at java.awt.EventDispatchThread.pumpEventsForFilter(EventDispatchThread.java:116)
	at java.awt.EventDispatchThread.pumpEventsForHierarchy(EventDispatchThread.java:105)
	at java.awt.EventDispatchThread.pumpEvents(EventDispatchThread.java:101)
	at java.awt.EventDispatchThread.pumpEvents(EventDispatchThread.java:93)
	at java.awt.EventDispatchThread.run(EventDispatchThread.java:82)

2017.03.28 14:22:32.093 CEST WARNING: Exception caught by default exception handler -- java.lang.IllegalArgumentException: null class
	at edu.stanford.smi.protege.model.framestore.ArgumentCheckingFrameStore.assertNotNull(ArgumentCheckingFrameStore.java:25)
	at edu.stanford.smi.protege.model.framestore.ArgumentCheckingFrameStore.checkCls(ArgumentCheckingFrameStore.java:38)
	at edu.stanford.smi.protege.model.framestore.ArgumentCheckingFrameStore.getTemplateFacetValues(ArgumentCheckingFrameStore.java:302)
	at edu.stanford.smi.protege.model.framestore.ModificationFrameStore.getTemplateFacetValues(ModificationFrameStore.java:162)
	at edu.stanford.smi.protege.model.framestore.FrameStoreAdapter.getTemplateFacetValues(FrameStoreAdapter.java:228)
	at edu.stanford.smi.protege.model.framestore.FrameStoreAdapter.getTemplateFacetValues(FrameStoreAdapter.java:228)
	at edu.stanford.smi.protege.model.framestore.FrameStoreAdapter.getTemplateFacetValues(FrameStoreAdapter.java:228)
	at edu.stanford.smi.protege.model.framestore.FrameStoreAdapter.getTemplateFacetValues(FrameStoreAdapter.java:228)
	at edu.stanford.smi.protege.model.framestore.FrameStoreAdapter.getTemplateFacetValues(FrameStoreAdapter.java:228)
	at edu.stanford.smi.protege.model.framestore.FrameStoreAdapter.getTemplateFacetValues(FrameStoreAdapter.java:228)
	at edu.stanford.smi.protege.model.framestore.FrameStoreAdapter.getTemplateFacetValues(FrameStoreAdapter.java:228)
	at edu.stanford.smi.protege.model.framestore.FrameStoreAdapter.getTemplateFacetValues(FrameStoreAdapter.java:228)
	at edu.stanford.smi.protege.model.framestore.FrameStoreAdapter.getTemplateFacetValues(FrameStoreAdapter.java:228)
	at edu.stanford.smi.protege.model.framestore.FrameStoreAdapter.getTemplateFacetValues(FrameStoreAdapter.java:228)
	at edu.stanford.smi.protege.model.DefaultKnowledgeBase.getTemplateFacetValues(DefaultKnowledgeBase.java:1307)
	at edu.stanford.smi.protege.model.DefaultKnowledgeBase.getTemplateFacetValue(DefaultKnowledgeBase.java:1302)
	at edu.stanford.smi.protege.model.DefaultKnowledgeBase.getTemplateSlotMaximumCardinality2(DefaultKnowledgeBase.java:1344)
	at edu.stanford.smi.protege.model.DefaultKnowledgeBase.getTemplateSlotAllowsMultipleValues(DefaultKnowledgeBase.java:1326)
	at edu.stanford.smi.protege.model.DefaultKnowledgeBase.getOwnSlotAllowsMultipleValues(DefaultKnowledgeBase.java:1100)
	at edu.stanford.smi.protege.model.DefaultFrame.getOwnSlotAllowsMultipleValues(DefaultFrame.java:258)
	at edu.stanford.smi.protege.widget.AbstractSlotWidget.setWidgetValues(AbstractSlotWidget.java:506)
	at edu.stanford.smi.protege.widget.AbstractSlotWidget.loadValues(AbstractSlotWidget.java:357)
	at edu.stanford.smi.protege.widget.AbstractSlotWidget.setInstance(AbstractSlotWidget.java:417)
	at edu.stanford.smi.protegex.owl.ui.widget.AbstractPropertyValuesWidget.setInstance(AbstractPropertyValuesWidget.java:99)
	at edu.stanford.smi.protege.widget.FormWidget.propagateSetInstanceToWidgets(FormWidget.java:789)
	at edu.stanford.smi.protege.widget.FormWidget.setInstance(FormWidget.java:1006)
	at edu.stanford.smi.protege.ui.InstanceDisplay.setInstance(InstanceDisplay.java:759)
	at edu.stanford.smi.protegex.owl.ui.resourcedisplay.ResourceDisplay.setInstance(ResourceDisplay.java:667)
	at edu.stanford.smi.protege.ui.InstanceDisplay.setInstance(InstanceDisplay.java:744)
	at edu.stanford.smi.protegex.owl.ui.resourcedisplay.ResourceDisplay.setInstance(ResourceDisplay.java:651)
	at edu.stanford.smi.protegex.owl.ui.resourcedisplay.ResourceDisplay.setResource(ResourceDisplay.java:673)
	at edu.stanford.smi.protegex.owl.ui.individuals.OWLIndividualsTab$1.selectionChanged(OWLIndividualsTab.java:120)
	at edu.stanford.smi.protege.util.SelectionEventDispatcher.postEvent(SelectionEventDispatcher.java:19)
	at edu.stanford.smi.protege.util.ListenerCollection.postEvent(ListenerCollection.java:72)
	at edu.stanford.smi.protege.util.ListenerCollection.postEvent(ListenerCollection.java:55)
	at edu.stanford.smi.protege.util.SelectableContainer.notifySelectionListeners(SelectableContainer.java:76)
	at edu.stanford.smi.protege.util.SelectableContainer$1.selectionChanged(SelectableContainer.java:22)
	at edu.stanford.smi.protege.util.SelectionEventDispatcher.postEvent(SelectionEventDispatcher.java:19)
	at edu.stanford.smi.protege.util.ListenerCollection.postEvent(ListenerCollection.java:72)
	at edu.stanford.smi.protege.util.ListenerCollection.postEvent(ListenerCollection.java:55)
	at edu.stanford.smi.protege.util.SelectableList.notifySelectionListeners(SelectableList.java:54)
	at edu.stanford.smi.protege.util.SelectableList$1.valueChanged(SelectableList.java:30)
	at javax.swing.JList.fireSelectionValueChanged(JList.java:1796)
	at javax.swing.JList$ListSelectionHandler.valueChanged(JList.java:1810)
	at javax.swing.DefaultListSelectionModel.fireValueChanged(DefaultListSelectionModel.java:184)
	at javax.swing.DefaultListSelectionModel.fireValueChanged(DefaultListSelectionModel.java:154)
	at javax.swing.DefaultListSelectionModel.setValueIsAdjusting(DefaultListSelectionModel.java:685)
	at javax.swing.JList.setValueIsAdjusting(JList.java:2140)
	at javax.swing.plaf.basic.BasicListUI$Handler.mouseReleased(BasicListUI.java:2796)
	at java.awt.AWTEventMulticaster.mouseReleased(AWTEventMulticaster.java:289)
	at java.awt.AWTEventMulticaster.mouseReleased(AWTEventMulticaster.java:289)
	at java.awt.AWTEventMulticaster.mouseReleased(AWTEventMulticaster.java:289)
	at java.awt.AWTEventMulticaster.mouseReleased(AWTEventMulticaster.java:289)
	at java.awt.AWTEventMulticaster.mouseReleased(AWTEventMulticaster.java:289)
	at java.awt.Component.processMouseEvent(Component.java:6535)
	at javax.swing.JComponent.processMouseEvent(JComponent.java:3324)
	at edu.stanford.smi.protege.util.SelectableList.processMouseEvent(SelectableList.java:76)
	at java.awt.Component.processEvent(Component.java:6300)
	at java.awt.Container.processEvent(Container.java:2236)
	at java.awt.Component.dispatchEventImpl(Component.java:4891)
	at java.awt.Container.dispatchEventImpl(Container.java:2294)
	at java.awt.Component.dispatchEvent(Component.java:4713)
	at java.awt.LightweightDispatcher.retargetMouseEvent(Container.java:4888)
	at java.awt.LightweightDispatcher.processMouseEvent(Container.java:4525)
	at java.awt.LightweightDispatcher.dispatchEvent(Container.java:4466)
	at java.awt.Container.dispatchEventImpl(Container.java:2280)
	at java.awt.Window.dispatchEventImpl(Window.java:2750)
	at java.awt.Component.dispatchEvent(Component.java:4713)
	at java.awt.EventQueue.dispatchEventImpl(EventQueue.java:758)
	at java.awt.EventQueue.access$500(EventQueue.java:97)
	at java.awt.EventQueue$3.run(EventQueue.java:709)
	at java.awt.EventQueue$3.run(EventQueue.java:703)
	at java.security.AccessController.doPrivileged(Native Method)
	at java.security.ProtectionDomain$JavaSecurityAccessImpl.doIntersectionPrivilege(ProtectionDomain.java:76)
	at java.security.ProtectionDomain$JavaSecurityAccessImpl.doIntersectionPrivilege(ProtectionDomain.java:86)
	at java.awt.EventQueue$4.run(EventQueue.java:731)
	at java.awt.EventQueue$4.run(EventQueue.java:729)
	at java.security.AccessController.doPrivileged(Native Method)
	at java.security.ProtectionDomain$JavaSecurityAccessImpl.doIntersectionPrivilege(ProtectionDomain.java:76)
	at java.awt.EventQueue.dispatchEvent(EventQueue.java:728)
	at java.awt.EventDispatchThread.pumpOneEventForFilters(EventDispatchThread.java:201)
	at java.awt.EventDispatchThread.pumpEventsForFilter(EventDispatchThread.java:116)
	at java.awt.EventDispatchThread.pumpEventsForHierarchy(EventDispatchThread.java:105)
	at java.awt.EventDispatchThread.pumpEvents(EventDispatchThread.java:101)
	at java.awt.EventDispatchThread.pumpEvents(EventDispatchThread.java:93)
	at java.awt.EventDispatchThread.run(EventDispatchThread.java:82)

2017.03.28 14:22:35.004 CEST WARNING: Exception caught by default exception handler -- java.lang.IllegalArgumentException: null class
	at edu.stanford.smi.protege.model.framestore.ArgumentCheckingFrameStore.assertNotNull(ArgumentCheckingFrameStore.java:25)
	at edu.stanford.smi.protege.model.framestore.ArgumentCheckingFrameStore.checkCls(ArgumentCheckingFrameStore.java:38)
	at edu.stanford.smi.protege.model.framestore.ArgumentCheckingFrameStore.getTemplateFacetValues(ArgumentCheckingFrameStore.java:302)
	at edu.stanford.smi.protege.model.framestore.ModificationFrameStore.getTemplateFacetValues(ModificationFrameStore.java:162)
	at edu.stanford.smi.protege.model.framestore.FrameStoreAdapter.getTemplateFacetValues(FrameStoreAdapter.java:228)
	at edu.stanford.smi.protege.model.framestore.FrameStoreAdapter.getTemplateFacetValues(FrameStoreAdapter.java:228)
	at edu.stanford.smi.protege.model.framestore.FrameStoreAdapter.getTemplateFacetValues(FrameStoreAdapter.java:228)
	at edu.stanford.smi.protege.model.framestore.FrameStoreAdapter.getTemplateFacetValues(FrameStoreAdapter.java:228)
	at edu.stanford.smi.protege.model.framestore.FrameStoreAdapter.getTemplateFacetValues(FrameStoreAdapter.java:228)
	at edu.stanford.smi.protege.model.framestore.FrameStoreAdapter.getTemplateFacetValues(FrameStoreAdapter.java:228)
	at edu.stanford.smi.protege.model.framestore.FrameStoreAdapter.getTemplateFacetValues(FrameStoreAdapter.java:228)
	at edu.stanford.smi.protege.model.framestore.FrameStoreAdapter.getTemplateFacetValues(FrameStoreAdapter.java:228)
	at edu.stanford.smi.protege.model.framestore.FrameStoreAdapter.getTemplateFacetValues(FrameStoreAdapter.java:228)
	at edu.stanford.smi.protege.model.framestore.FrameStoreAdapter.getTemplateFacetValues(FrameStoreAdapter.java:228)
	at edu.stanford.smi.protege.model.DefaultKnowledgeBase.getTemplateFacetValues(DefaultKnowledgeBase.java:1307)
	at edu.stanford.smi.protege.model.DefaultKnowledgeBase.getTemplateFacetValue(DefaultKnowledgeBase.java:1302)
	at edu.stanford.smi.protege.model.DefaultKnowledgeBase.getTemplateSlotMaximumCardinality2(DefaultKnowledgeBase.java:1344)
	at edu.stanford.smi.protege.model.DefaultKnowledgeBase.getTemplateSlotAllowsMultipleValues(DefaultKnowledgeBase.java:1326)
	at edu.stanford.smi.protege.model.DefaultKnowledgeBase.getOwnSlotAllowsMultipleValues(DefaultKnowledgeBase.java:1100)
	at edu.stanford.smi.protege.model.DefaultFrame.getOwnSlotAllowsMultipleValues(DefaultFrame.java:258)
	at edu.stanford.smi.protege.widget.AbstractSlotWidget.setWidgetValues(AbstractSlotWidget.java:506)
	at edu.stanford.smi.protege.widget.AbstractSlotWidget.loadValues(AbstractSlotWidget.java:357)
	at edu.stanford.smi.protege.widget.AbstractSlotWidget.setInstance(AbstractSlotWidget.java:417)
	at edu.stanford.smi.protegex.owl.ui.widget.AbstractPropertyValuesWidget.setInstance(AbstractPropertyValuesWidget.java:99)
	at edu.stanford.smi.protege.widget.FormWidget.propagateSetInstanceToWidgets(FormWidget.java:789)
	at edu.stanford.smi.protege.widget.FormWidget.setInstance(FormWidget.java:1006)
	at edu.stanford.smi.protege.ui.InstanceDisplay.setInstance(InstanceDisplay.java:759)
	at edu.stanford.smi.protegex.owl.ui.resourcedisplay.ResourceDisplay.setInstance(ResourceDisplay.java:667)
	at edu.stanford.smi.protege.ui.InstanceDisplay.setInstance(InstanceDisplay.java:744)
	at edu.stanford.smi.protegex.owl.ui.resourcedisplay.ResourceDisplay.setInstance(ResourceDisplay.java:651)
	at edu.stanford.smi.protegex.owl.ui.resourcedisplay.ResourceDisplay.setResource(ResourceDisplay.java:673)
	at edu.stanford.smi.protegex.owl.ui.individuals.OWLIndividualsTab$1.selectionChanged(OWLIndividualsTab.java:120)
	at edu.stanford.smi.protege.util.SelectionEventDispatcher.postEvent(SelectionEventDispatcher.java:19)
	at edu.stanford.smi.protege.util.ListenerCollection.postEvent(ListenerCollection.java:72)
	at edu.stanford.smi.protege.util.ListenerCollection.postEvent(ListenerCollection.java:55)
	at edu.stanford.smi.protege.util.SelectableContainer.notifySelectionListeners(SelectableContainer.java:76)
	at edu.stanford.smi.protege.util.SelectableContainer$1.selectionChanged(SelectableContainer.java:22)
	at edu.stanford.smi.protege.util.SelectionEventDispatcher.postEvent(SelectionEventDispatcher.java:19)
	at edu.stanford.smi.protege.util.ListenerCollection.postEvent(ListenerCollection.java:72)
	at edu.stanford.smi.protege.util.ListenerCollection.postEvent(ListenerCollection.java:55)
	at edu.stanford.smi.protege.util.SelectableList.notifySelectionListeners(SelectableList.java:54)
	at edu.stanford.smi.protege.util.SelectableList$1.valueChanged(SelectableList.java:30)
	at javax.swing.JList.fireSelectionValueChanged(JList.java:1796)
	at javax.swing.JList$ListSelectionHandler.valueChanged(JList.java:1810)
	at javax.swing.DefaultListSelectionModel.fireValueChanged(DefaultListSelectionModel.java:184)
	at javax.swing.DefaultListSelectionModel.fireValueChanged(DefaultListSelectionModel.java:154)
	at javax.swing.DefaultListSelectionModel.setValueIsAdjusting(DefaultListSelectionModel.java:685)
	at javax.swing.JList.setValueIsAdjusting(JList.java:2140)
	at javax.swing.plaf.basic.BasicListUI$Handler.mouseReleased(BasicListUI.java:2796)
	at java.awt.AWTEventMulticaster.mouseReleased(AWTEventMulticaster.java:289)
	at java.awt.AWTEventMulticaster.mouseReleased(AWTEventMulticaster.java:289)
	at java.awt.AWTEventMulticaster.mouseReleased(AWTEventMulticaster.java:289)
	at java.awt.AWTEventMulticaster.mouseReleased(AWTEventMulticaster.java:289)
	at java.awt.AWTEventMulticaster.mouseReleased(AWTEventMulticaster.java:289)
	at java.awt.Component.processMouseEvent(Component.java:6535)
	at javax.swing.JComponent.processMouseEvent(JComponent.java:3324)
	at edu.stanford.smi.protege.util.SelectableList.processMouseEvent(SelectableList.java:76)
	at java.awt.Component.processEvent(Component.java:6300)
	at java.awt.Container.processEvent(Container.java:2236)
	at java.awt.Component.dispatchEventImpl(Component.java:4891)
	at java.awt.Container.dispatchEventImpl(Container.java:2294)
	at java.awt.Component.dispatchEvent(Component.java:4713)
	at java.awt.LightweightDispatcher.retargetMouseEvent(Container.java:4888)
	at java.awt.LightweightDispatcher.processMouseEvent(Container.java:4525)
	at java.awt.LightweightDispatcher.dispatchEvent(Container.java:4466)
	at java.awt.Container.dispatchEventImpl(Container.java:2280)
	at java.awt.Window.dispatchEventImpl(Window.java:2750)
	at java.awt.Component.dispatchEvent(Component.java:4713)
	at java.awt.EventQueue.dispatchEventImpl(EventQueue.java:758)
	at java.awt.EventQueue.access$500(EventQueue.java:97)
	at java.awt.EventQueue$3.run(EventQueue.java:709)
	at java.awt.EventQueue$3.run(EventQueue.java:703)
	at java.security.AccessController.doPrivileged(Native Method)
	at java.security.ProtectionDomain$JavaSecurityAccessImpl.doIntersectionPrivilege(ProtectionDomain.java:76)
	at java.security.ProtectionDomain$JavaSecurityAccessImpl.doIntersectionPrivilege(ProtectionDomain.java:86)
	at java.awt.EventQueue$4.run(EventQueue.java:731)
	at java.awt.EventQueue$4.run(EventQueue.java:729)
	at java.security.AccessController.doPrivileged(Native Method)
	at java.security.ProtectionDomain$JavaSecurityAccessImpl.doIntersectionPrivilege(ProtectionDomain.java:76)
	at java.awt.EventQueue.dispatchEvent(EventQueue.java:728)
	at java.awt.EventDispatchThread.pumpOneEventForFilters(EventDispatchThread.java:201)
	at java.awt.EventDispatchThread.pumpEventsForFilter(EventDispatchThread.java:116)
	at java.awt.EventDispatchThread.pumpEventsForHierarchy(EventDispatchThread.java:105)
	at java.awt.EventDispatchThread.pumpEvents(EventDispatchThread.java:101)
	at java.awt.EventDispatchThread.pumpEvents(EventDispatchThread.java:93)
	at java.awt.EventDispatchThread.run(EventDispatchThread.java:82)

2017.03.28 14:22:36.343 CEST WARNING: Exception caught by default exception handler -- java.lang.IllegalArgumentException: null class
	at edu.stanford.smi.protege.model.framestore.ArgumentCheckingFrameStore.assertNotNull(ArgumentCheckingFrameStore.java:25)
	at edu.stanford.smi.protege.model.framestore.ArgumentCheckingFrameStore.checkCls(ArgumentCheckingFrameStore.java:38)
	at edu.stanford.smi.protege.model.framestore.ArgumentCheckingFrameStore.getTemplateFacetValues(ArgumentCheckingFrameStore.java:302)
	at edu.stanford.smi.protege.model.framestore.ModificationFrameStore.getTemplateFacetValues(ModificationFrameStore.java:162)
	at edu.stanford.smi.protege.model.framestore.FrameStoreAdapter.getTemplateFacetValues(FrameStoreAdapter.java:228)
	at edu.stanford.smi.protege.model.framestore.FrameStoreAdapter.getTemplateFacetValues(FrameStoreAdapter.java:228)
	at edu.stanford.smi.protege.model.framestore.FrameStoreAdapter.getTemplateFacetValues(FrameStoreAdapter.java:228)
	at edu.stanford.smi.protege.model.framestore.FrameStoreAdapter.getTemplateFacetValues(FrameStoreAdapter.java:228)
	at edu.stanford.smi.protege.model.framestore.FrameStoreAdapter.getTemplateFacetValues(FrameStoreAdapter.java:228)
	at edu.stanford.smi.protege.model.framestore.FrameStoreAdapter.getTemplateFacetValues(FrameStoreAdapter.java:228)
	at edu.stanford.smi.protege.model.framestore.FrameStoreAdapter.getTemplateFacetValues(FrameStoreAdapter.java:228)
	at edu.stanford.smi.protege.model.framestore.FrameStoreAdapter.getTemplateFacetValues(FrameStoreAdapter.java:228)
	at edu.stanford.smi.protege.model.framestore.FrameStoreAdapter.getTemplateFacetValues(FrameStoreAdapter.java:228)
	at edu.stanford.smi.protege.model.framestore.FrameStoreAdapter.getTemplateFacetValues(FrameStoreAdapter.java:228)
	at edu.stanford.smi.protege.model.DefaultKnowledgeBase.getTemplateFacetValues(DefaultKnowledgeBase.java:1307)
	at edu.stanford.smi.protege.model.DefaultKnowledgeBase.getTemplateFacetValue(DefaultKnowledgeBase.java:1302)
	at edu.stanford.smi.protege.model.DefaultKnowledgeBase.getTemplateSlotMaximumCardinality2(DefaultKnowledgeBase.java:1344)
	at edu.stanford.smi.protege.model.DefaultKnowledgeBase.getTemplateSlotAllowsMultipleValues(DefaultKnowledgeBase.java:1326)
	at edu.stanford.smi.protege.model.DefaultKnowledgeBase.getOwnSlotAllowsMultipleValues(DefaultKnowledgeBase.java:1100)
	at edu.stanford.smi.protege.model.DefaultFrame.getOwnSlotAllowsMultipleValues(DefaultFrame.java:258)
	at edu.stanford.smi.protege.widget.AbstractSlotWidget.setWidgetValues(AbstractSlotWidget.java:506)
	at edu.stanford.smi.protege.widget.AbstractSlotWidget.loadValues(AbstractSlotWidget.java:357)
	at edu.stanford.smi.protege.widget.AbstractSlotWidget.setInstance(AbstractSlotWidget.java:417)
	at edu.stanford.smi.protegex.owl.ui.widget.AbstractPropertyValuesWidget.setInstance(AbstractPropertyValuesWidget.java:99)
	at edu.stanford.smi.protege.widget.FormWidget.propagateSetInstanceToWidgets(FormWidget.java:789)
	at edu.stanford.smi.protege.widget.FormWidget.setInstance(FormWidget.java:1006)
	at edu.stanford.smi.protege.ui.InstanceDisplay.setInstance(InstanceDisplay.java:759)
	at edu.stanford.smi.protegex.owl.ui.resourcedisplay.ResourceDisplay.setInstance(ResourceDisplay.java:667)
	at edu.stanford.smi.protege.ui.InstanceDisplay.setInstance(InstanceDisplay.java:744)
	at edu.stanford.smi.protegex.owl.ui.resourcedisplay.ResourceDisplay.setInstance(ResourceDisplay.java:651)
	at edu.stanford.smi.protegex.owl.ui.resourcedisplay.ResourceDisplay.setResource(ResourceDisplay.java:673)
	at edu.stanford.smi.protegex.owl.ui.individuals.OWLIndividualsTab$1.selectionChanged(OWLIndividualsTab.java:120)
	at edu.stanford.smi.protege.util.SelectionEventDispatcher.postEvent(SelectionEventDispatcher.java:19)
	at edu.stanford.smi.protege.util.ListenerCollection.postEvent(ListenerCollection.java:72)
	at edu.stanford.smi.protege.util.ListenerCollection.postEvent(ListenerCollection.java:55)
	at edu.stanford.smi.protege.util.SelectableContainer.notifySelectionListeners(SelectableContainer.java:76)
	at edu.stanford.smi.protege.util.SelectableContainer$1.selectionChanged(SelectableContainer.java:22)
	at edu.stanford.smi.protege.util.SelectionEventDispatcher.postEvent(SelectionEventDispatcher.java:19)
	at edu.stanford.smi.protege.util.ListenerCollection.postEvent(ListenerCollection.java:72)
	at edu.stanford.smi.protege.util.ListenerCollection.postEvent(ListenerCollection.java:55)
	at edu.stanford.smi.protege.util.SelectableList.notifySelectionListeners(SelectableList.java:54)
	at edu.stanford.smi.protege.util.SelectableList$1.valueChanged(SelectableList.java:30)
	at javax.swing.JList.fireSelectionValueChanged(JList.java:1796)
	at javax.swing.JList$ListSelectionHandler.valueChanged(JList.java:1810)
	at javax.swing.DefaultListSelectionModel.fireValueChanged(DefaultListSelectionModel.java:184)
	at javax.swing.DefaultListSelectionModel.fireValueChanged(DefaultListSelectionModel.java:164)
	at javax.swing.DefaultListSelectionModel.fireValueChanged(DefaultListSelectionModel.java:211)
	at javax.swing.DefaultListSelectionModel.changeSelection(DefaultListSelectionModel.java:405)
	at javax.swing.DefaultListSelectionModel.changeSelection(DefaultListSelectionModel.java:415)
	at javax.swing.DefaultListSelectionModel.setSelectionInterval(DefaultListSelectionModel.java:459)
	at javax.swing.JList.setSelectedIndex(JList.java:2210)
	at javax.swing.JList.setSelectedValue(JList.java:2360)
	at edu.stanford.smi.protegex.owl.ui.individuals.AssertedInstancesListPanel$4.onCreate(AssertedInstancesListPanel.java:326)
	at edu.stanford.smi.protege.util.CreateAction.actionPerformed(CreateAction.java:32)
	at javax.swing.AbstractButton.fireActionPerformed(AbstractButton.java:2022)
	at javax.swing.AbstractButton$Handler.actionPerformed(AbstractButton.java:2348)
	at javax.swing.DefaultButtonModel.fireActionPerformed(DefaultButtonModel.java:402)
	at javax.swing.DefaultButtonModel.setPressed(DefaultButtonModel.java:259)
	at javax.swing.plaf.basic.BasicButtonListener.mouseReleased(BasicButtonListener.java:252)
	at java.awt.AWTEventMulticaster.mouseReleased(AWTEventMulticaster.java:289)
	at java.awt.Component.processMouseEvent(Component.java:6535)
	at javax.swing.JComponent.processMouseEvent(JComponent.java:3324)
	at java.awt.Component.processEvent(Component.java:6300)
	at java.awt.Container.processEvent(Container.java:2236)
	at java.awt.Component.dispatchEventImpl(Component.java:4891)
	at java.awt.Container.dispatchEventImpl(Container.java:2294)
	at java.awt.Component.dispatchEvent(Component.java:4713)
	at java.awt.LightweightDispatcher.retargetMouseEvent(Container.java:4888)
	at java.awt.LightweightDispatcher.processMouseEvent(Container.java:4525)
	at java.awt.LightweightDispatcher.dispatchEvent(Container.java:4466)
	at java.awt.Container.dispatchEventImpl(Container.java:2280)
	at java.awt.Window.dispatchEventImpl(Window.java:2750)
	at java.awt.Component.dispatchEvent(Component.java:4713)
	at java.awt.EventQueue.dispatchEventImpl(EventQueue.java:758)
	at java.awt.EventQueue.access$500(EventQueue.java:97)
	at java.awt.EventQueue$3.run(EventQueue.java:709)
	at java.awt.EventQueue$3.run(EventQueue.java:703)
	at java.security.AccessController.doPrivileged(Native Method)
	at java.security.ProtectionDomain$JavaSecurityAccessImpl.doIntersectionPrivilege(ProtectionDomain.java:76)
	at java.security.ProtectionDomain$JavaSecurityAccessImpl.doIntersectionPrivilege(ProtectionDomain.java:86)
	at java.awt.EventQueue$4.run(EventQueue.java:731)
	at java.awt.EventQueue$4.run(EventQueue.java:729)
	at java.security.AccessController.doPrivileged(Native Method)
	at java.security.ProtectionDomain$JavaSecurityAccessImpl.doIntersectionPrivilege(ProtectionDomain.java:76)
	at java.awt.EventQueue.dispatchEvent(EventQueue.java:728)
	at java.awt.EventDispatchThread.pumpOneEventForFilters(EventDispatchThread.java:201)
	at java.awt.EventDispatchThread.pumpEventsForFilter(EventDispatchThread.java:116)
	at java.awt.EventDispatchThread.pumpEventsForHierarchy(EventDispatchThread.java:105)
	at java.awt.EventDispatchThread.pumpEvents(EventDispatchThread.java:101)
	at java.awt.EventDispatchThread.pumpEvents(EventDispatchThread.java:93)
	at java.awt.EventDispatchThread.run(EventDispatchThread.java:82)

2017.03.28 14:22:38.355 CEST WARNING: Exception caught by default exception handler -- java.lang.IllegalArgumentException: null class
	at edu.stanford.smi.protege.model.framestore.ArgumentCheckingFrameStore.assertNotNull(ArgumentCheckingFrameStore.java:25)
	at edu.stanford.smi.protege.model.framestore.ArgumentCheckingFrameStore.checkCls(ArgumentCheckingFrameStore.java:38)
	at edu.stanford.smi.protege.model.framestore.ArgumentCheckingFrameStore.getTemplateFacetValues(ArgumentCheckingFrameStore.java:302)
	at edu.stanford.smi.protege.model.framestore.ModificationFrameStore.getTemplateFacetValues(ModificationFrameStore.java:162)
	at edu.stanford.smi.protege.model.framestore.FrameStoreAdapter.getTemplateFacetValues(FrameStoreAdapter.java:228)
	at edu.stanford.smi.protege.model.framestore.FrameStoreAdapter.getTemplateFacetValues(FrameStoreAdapter.java:228)
	at edu.stanford.smi.protege.model.framestore.FrameStoreAdapter.getTemplateFacetValues(FrameStoreAdapter.java:228)
	at edu.stanford.smi.protege.model.framestore.FrameStoreAdapter.getTemplateFacetValues(FrameStoreAdapter.java:228)
	at edu.stanford.smi.protege.model.framestore.FrameStoreAdapter.getTemplateFacetValues(FrameStoreAdapter.java:228)
	at edu.stanford.smi.protege.model.framestore.FrameStoreAdapter.getTemplateFacetValues(FrameStoreAdapter.java:228)
	at edu.stanford.smi.protege.model.framestore.FrameStoreAdapter.getTemplateFacetValues(FrameStoreAdapter.java:228)
	at edu.stanford.smi.protege.model.framestore.FrameStoreAdapter.getTemplateFacetValues(FrameStoreAdapter.java:228)
	at edu.stanford.smi.protege.model.framestore.FrameStoreAdapter.getTemplateFacetValues(FrameStoreAdapter.java:228)
	at edu.stanford.smi.protege.model.framestore.FrameStoreAdapter.getTemplateFacetValues(FrameStoreAdapter.java:228)
	at edu.stanford.smi.protege.model.DefaultKnowledgeBase.getTemplateFacetValues(DefaultKnowledgeBase.java:1307)
	at edu.stanford.smi.protege.model.DefaultKnowledgeBase.getTemplateFacetValue(DefaultKnowledgeBase.java:1302)
	at edu.stanford.smi.protege.model.DefaultKnowledgeBase.getTemplateSlotMaximumCardinality2(DefaultKnowledgeBase.java:1344)
	at edu.stanford.smi.protege.model.DefaultKnowledgeBase.getTemplateSlotAllowsMultipleValues(DefaultKnowledgeBase.java:1326)
	at edu.stanford.smi.protege.model.DefaultKnowledgeBase.getOwnSlotAllowsMultipleValues(DefaultKnowledgeBase.java:1100)
	at edu.stanford.smi.protege.model.DefaultFrame.getOwnSlotAllowsMultipleValues(DefaultFrame.java:258)
	at edu.stanford.smi.protege.widget.AbstractSlotWidget.setWidgetValues(AbstractSlotWidget.java:506)
	at edu.stanford.smi.protege.widget.AbstractSlotWidget.loadValues(AbstractSlotWidget.java:357)
	at edu.stanford.smi.protege.widget.AbstractSlotWidget.setInstance(AbstractSlotWidget.java:417)
	at edu.stanford.smi.protegex.owl.ui.widget.AbstractPropertyValuesWidget.setInstance(AbstractPropertyValuesWidget.java:99)
	at edu.stanford.smi.protege.widget.FormWidget.propagateSetInstanceToWidgets(FormWidget.java:789)
	at edu.stanford.smi.protege.widget.FormWidget.setInstance(FormWidget.java:1006)
	at edu.stanford.smi.protege.ui.InstanceDisplay.setInstance(InstanceDisplay.java:759)
	at edu.stanford.smi.protegex.owl.ui.resourcedisplay.ResourceDisplay.setInstance(ResourceDisplay.java:667)
	at edu.stanford.smi.protege.ui.InstanceDisplay.setInstance(InstanceDisplay.java:744)
	at edu.stanford.smi.protegex.owl.ui.resourcedisplay.ResourceDisplay.setInstance(ResourceDisplay.java:651)
	at edu.stanford.smi.protegex.owl.ui.resourcedisplay.ResourceDisplay.setResource(ResourceDisplay.java:673)
	at edu.stanford.smi.protegex.owl.ui.individuals.OWLIndividualsTab$1.selectionChanged(OWLIndividualsTab.java:120)
	at edu.stanford.smi.protege.util.SelectionEventDispatcher.postEvent(SelectionEventDispatcher.java:19)
	at edu.stanford.smi.protege.util.ListenerCollection.postEvent(ListenerCollection.java:72)
	at edu.stanford.smi.protege.util.ListenerCollection.postEvent(ListenerCollection.java:55)
	at edu.stanford.smi.protege.util.SelectableContainer.notifySelectionListeners(SelectableContainer.java:76)
	at edu.stanford.smi.protege.util.SelectableContainer$1.selectionChanged(SelectableContainer.java:22)
	at edu.stanford.smi.protege.util.SelectionEventDispatcher.postEvent(SelectionEventDispatcher.java:19)
	at edu.stanford.smi.protege.util.ListenerCollection.postEvent(ListenerCollection.java:72)
	at edu.stanford.smi.protege.util.ListenerCollection.postEvent(ListenerCollection.java:55)
	at edu.stanford.smi.protege.util.SelectableList.notifySelectionListeners(SelectableList.java:54)
	at edu.stanford.smi.protege.util.SelectableList$1.valueChanged(SelectableList.java:30)
	at javax.swing.JList.fireSelectionValueChanged(JList.java:1796)
	at javax.swing.JList$ListSelectionHandler.valueChanged(JList.java:1810)
	at javax.swing.DefaultListSelectionModel.fireValueChanged(DefaultListSelectionModel.java:184)
	at javax.swing.DefaultListSelectionModel.fireValueChanged(DefaultListSelectionModel.java:154)
	at javax.swing.DefaultListSelectionModel.setValueIsAdjusting(DefaultListSelectionModel.java:685)
	at javax.swing.JList.setValueIsAdjusting(JList.java:2140)
	at javax.swing.plaf.basic.BasicListUI$Handler.mouseReleased(BasicListUI.java:2796)
	at java.awt.AWTEventMulticaster.mouseReleased(AWTEventMulticaster.java:289)
	at java.awt.AWTEventMulticaster.mouseReleased(AWTEventMulticaster.java:289)
	at java.awt.AWTEventMulticaster.mouseReleased(AWTEventMulticaster.java:289)
	at java.awt.AWTEventMulticaster.mouseReleased(AWTEventMulticaster.java:289)
	at java.awt.AWTEventMulticaster.mouseReleased(AWTEventMulticaster.java:289)
	at java.awt.Component.processMouseEvent(Component.java:6535)
	at javax.swing.JComponent.processMouseEvent(JComponent.java:3324)
	at edu.stanford.smi.protege.util.SelectableList.processMouseEvent(SelectableList.java:76)
	at java.awt.Component.processEvent(Component.java:6300)
	at java.awt.Container.processEvent(Container.java:2236)
	at java.awt.Component.dispatchEventImpl(Component.java:4891)
	at java.awt.Container.dispatchEventImpl(Container.java:2294)
	at java.awt.Component.dispatchEvent(Component.java:4713)
	at java.awt.LightweightDispatcher.retargetMouseEvent(Container.java:4888)
	at java.awt.LightweightDispatcher.processMouseEvent(Container.java:4525)
	at java.awt.LightweightDispatcher.dispatchEvent(Container.java:4466)
	at java.awt.Container.dispatchEventImpl(Container.java:2280)
	at java.awt.Window.dispatchEventImpl(Window.java:2750)
	at java.awt.Component.dispatchEvent(Component.java:4713)
	at java.awt.EventQueue.dispatchEventImpl(EventQueue.java:758)
	at java.awt.EventQueue.access$500(EventQueue.java:97)
	at java.awt.EventQueue$3.run(EventQueue.java:709)
	at java.awt.EventQueue$3.run(EventQueue.java:703)
	at java.security.AccessController.doPrivileged(Native Method)
	at java.security.ProtectionDomain$JavaSecurityAccessImpl.doIntersectionPrivilege(ProtectionDomain.java:76)
	at java.security.ProtectionDomain$JavaSecurityAccessImpl.doIntersectionPrivilege(ProtectionDomain.java:86)
	at java.awt.EventQueue$4.run(EventQueue.java:731)
	at java.awt.EventQueue$4.run(EventQueue.java:729)
	at java.security.AccessController.doPrivileged(Native Method)
	at java.security.ProtectionDomain$JavaSecurityAccessImpl.doIntersectionPrivilege(ProtectionDomain.java:76)
	at java.awt.EventQueue.dispatchEvent(EventQueue.java:728)
	at java.awt.EventDispatchThread.pumpOneEventForFilters(EventDispatchThread.java:201)
	at java.awt.EventDispatchThread.pumpEventsForFilter(EventDispatchThread.java:116)
	at java.awt.EventDispatchThread.pumpEventsForHierarchy(EventDispatchThread.java:105)
	at java.awt.EventDispatchThread.pumpEvents(EventDispatchThread.java:101)
	at java.awt.EventDispatchThread.pumpEvents(EventDispatchThread.java:93)
	at java.awt.EventDispatchThread.run(EventDispatchThread.java:82)

2017.03.28 14:22:39.371 CEST WARNING: Exception caught by default exception handler -- java.lang.IllegalArgumentException: null class
	at edu.stanford.smi.protege.model.framestore.ArgumentCheckingFrameStore.assertNotNull(ArgumentCheckingFrameStore.java:25)
	at edu.stanford.smi.protege.model.framestore.ArgumentCheckingFrameStore.checkCls(ArgumentCheckingFrameStore.java:38)
	at edu.stanford.smi.protege.model.framestore.ArgumentCheckingFrameStore.getTemplateFacetValues(ArgumentCheckingFrameStore.java:302)
	at edu.stanford.smi.protege.model.framestore.ModificationFrameStore.getTemplateFacetValues(ModificationFrameStore.java:162)
	at edu.stanford.smi.protege.model.framestore.FrameStoreAdapter.getTemplateFacetValues(FrameStoreAdapter.java:228)
	at edu.stanford.smi.protege.model.framestore.FrameStoreAdapter.getTemplateFacetValues(FrameStoreAdapter.java:228)
	at edu.stanford.smi.protege.model.framestore.FrameStoreAdapter.getTemplateFacetValues(FrameStoreAdapter.java:228)
	at edu.stanford.smi.protege.model.framestore.FrameStoreAdapter.getTemplateFacetValues(FrameStoreAdapter.java:228)
	at edu.stanford.smi.protege.model.framestore.FrameStoreAdapter.getTemplateFacetValues(FrameStoreAdapter.java:228)
	at edu.stanford.smi.protege.model.framestore.FrameStoreAdapter.getTemplateFacetValues(FrameStoreAdapter.java:228)
	at edu.stanford.smi.protege.model.framestore.FrameStoreAdapter.getTemplateFacetValues(FrameStoreAdapter.java:228)
	at edu.stanford.smi.protege.model.framestore.FrameStoreAdapter.getTemplateFacetValues(FrameStoreAdapter.java:228)
	at edu.stanford.smi.protege.model.framestore.FrameStoreAdapter.getTemplateFacetValues(FrameStoreAdapter.java:228)
	at edu.stanford.smi.protege.model.framestore.FrameStoreAdapter.getTemplateFacetValues(FrameStoreAdapter.java:228)
	at edu.stanford.smi.protege.model.DefaultKnowledgeBase.getTemplateFacetValues(DefaultKnowledgeBase.java:1307)
	at edu.stanford.smi.protege.model.DefaultKnowledgeBase.getTemplateFacetValue(DefaultKnowledgeBase.java:1302)
	at edu.stanford.smi.protege.model.DefaultKnowledgeBase.getTemplateSlotMaximumCardinality2(DefaultKnowledgeBase.java:1344)
	at edu.stanford.smi.protege.model.DefaultKnowledgeBase.getTemplateSlotAllowsMultipleValues(DefaultKnowledgeBase.java:1326)
	at edu.stanford.smi.protege.model.DefaultKnowledgeBase.getOwnSlotAllowsMultipleValues(DefaultKnowledgeBase.java:1100)
	at edu.stanford.smi.protege.model.DefaultFrame.getOwnSlotAllowsMultipleValues(DefaultFrame.java:258)
	at edu.stanford.smi.protege.widget.AbstractSlotWidget.setWidgetValues(AbstractSlotWidget.java:506)
	at edu.stanford.smi.protege.widget.AbstractSlotWidget.loadValues(AbstractSlotWidget.java:357)
	at edu.stanford.smi.protege.widget.AbstractSlotWidget.setInstance(AbstractSlotWidget.java:417)
	at edu.stanford.smi.protegex.owl.ui.widget.AbstractPropertyValuesWidget.setInstance(AbstractPropertyValuesWidget.java:99)
	at edu.stanford.smi.protege.widget.FormWidget.propagateSetInstanceToWidgets(FormWidget.java:789)
	at edu.stanford.smi.protege.widget.FormWidget.setInstance(FormWidget.java:1006)
	at edu.stanford.smi.protege.ui.InstanceDisplay.setInstance(InstanceDisplay.java:759)
	at edu.stanford.smi.protegex.owl.ui.resourcedisplay.ResourceDisplay.setInstance(ResourceDisplay.java:667)
	at edu.stanford.smi.protege.ui.InstanceDisplay.setInstance(InstanceDisplay.java:744)
	at edu.stanford.smi.protegex.owl.ui.resourcedisplay.ResourceDisplay.setInstance(ResourceDisplay.java:651)
	at edu.stanford.smi.protegex.owl.ui.resourcedisplay.ResourceDisplay.setResource(ResourceDisplay.java:673)
	at edu.stanford.smi.protegex.owl.ui.individuals.OWLIndividualsTab$1.selectionChanged(OWLIndividualsTab.java:120)
	at edu.stanford.smi.protege.util.SelectionEventDispatcher.postEvent(SelectionEventDispatcher.java:19)
	at edu.stanford.smi.protege.util.ListenerCollection.postEvent(ListenerCollection.java:72)
	at edu.stanford.smi.protege.util.ListenerCollection.postEvent(ListenerCollection.java:55)
	at edu.stanford.smi.protege.util.SelectableContainer.notifySelectionListeners(SelectableContainer.java:76)
	at edu.stanford.smi.protege.util.SelectableContainer$1.selectionChanged(SelectableContainer.java:22)
	at edu.stanford.smi.protege.util.SelectionEventDispatcher.postEvent(SelectionEventDispatcher.java:19)
	at edu.stanford.smi.protege.util.ListenerCollection.postEvent(ListenerCollection.java:72)
	at edu.stanford.smi.protege.util.ListenerCollection.postEvent(ListenerCollection.java:55)
	at edu.stanford.smi.protege.util.SelectableList.notifySelectionListeners(SelectableList.java:54)
	at edu.stanford.smi.protege.util.SelectableList$1.valueChanged(SelectableList.java:30)
	at javax.swing.JList.fireSelectionValueChanged(JList.java:1796)
	at javax.swing.JList$ListSelectionHandler.valueChanged(JList.java:1810)
	at javax.swing.DefaultListSelectionModel.fireValueChanged(DefaultListSelectionModel.java:184)
	at javax.swing.DefaultListSelectionModel.fireValueChanged(DefaultListSelectionModel.java:154)
	at javax.swing.DefaultListSelectionModel.setValueIsAdjusting(DefaultListSelectionModel.java:685)
	at javax.swing.JList.setValueIsAdjusting(JList.java:2140)
	at javax.swing.plaf.basic.BasicListUI$Handler.mouseReleased(BasicListUI.java:2796)
	at java.awt.AWTEventMulticaster.mouseReleased(AWTEventMulticaster.java:289)
	at java.awt.AWTEventMulticaster.mouseReleased(AWTEventMulticaster.java:289)
	at java.awt.AWTEventMulticaster.mouseReleased(AWTEventMulticaster.java:289)
	at java.awt.AWTEventMulticaster.mouseReleased(AWTEventMulticaster.java:289)
	at java.awt.AWTEventMulticaster.mouseReleased(AWTEventMulticaster.java:289)
	at java.awt.Component.processMouseEvent(Component.java:6535)
	at javax.swing.JComponent.processMouseEvent(JComponent.java:3324)
	at edu.stanford.smi.protege.util.SelectableList.processMouseEvent(SelectableList.java:76)
	at java.awt.Component.processEvent(Component.java:6300)
	at java.awt.Container.processEvent(Container.java:2236)
	at java.awt.Component.dispatchEventImpl(Component.java:4891)
	at java.awt.Container.dispatchEventImpl(Container.java:2294)
	at java.awt.Component.dispatchEvent(Component.java:4713)
	at java.awt.LightweightDispatcher.retargetMouseEvent(Container.java:4888)
	at java.awt.LightweightDispatcher.processMouseEvent(Container.java:4525)
	at java.awt.LightweightDispatcher.dispatchEvent(Container.java:4466)
	at java.awt.Container.dispatchEventImpl(Container.java:2280)
	at java.awt.Window.dispatchEventImpl(Window.java:2750)
	at java.awt.Component.dispatchEvent(Component.java:4713)
	at java.awt.EventQueue.dispatchEventImpl(EventQueue.java:758)
	at java.awt.EventQueue.access$500(EventQueue.java:97)
	at java.awt.EventQueue$3.run(EventQueue.java:709)
	at java.awt.EventQueue$3.run(EventQueue.java:703)
	at java.security.AccessController.doPrivileged(Native Method)
	at java.security.ProtectionDomain$JavaSecurityAccessImpl.doIntersectionPrivilege(ProtectionDomain.java:76)
	at java.security.ProtectionDomain$JavaSecurityAccessImpl.doIntersectionPrivilege(ProtectionDomain.java:86)
	at java.awt.EventQueue$4.run(EventQueue.java:731)
	at java.awt.EventQueue$4.run(EventQueue.java:729)
	at java.security.AccessController.doPrivileged(Native Method)
	at java.security.ProtectionDomain$JavaSecurityAccessImpl.doIntersectionPrivilege(ProtectionDomain.java:76)
	at java.awt.EventQueue.dispatchEvent(EventQueue.java:728)
	at java.awt.EventDispatchThread.pumpOneEventForFilters(EventDispatchThread.java:201)
	at java.awt.EventDispatchThread.pumpEventsForFilter(EventDispatchThread.java:116)
	at java.awt.EventDispatchThread.pumpEventsForHierarchy(EventDispatchThread.java:105)
	at java.awt.EventDispatchThread.pumpEvents(EventDispatchThread.java:101)
	at java.awt.EventDispatchThread.pumpEvents(EventDispatchThread.java:93)
	at java.awt.EventDispatchThread.run(EventDispatchThread.java:82)

2017.03.28 14:22:40.787 CEST WARNING: Exception caught by default exception handler -- java.lang.IllegalArgumentException: null class
	at edu.stanford.smi.protege.model.framestore.ArgumentCheckingFrameStore.assertNotNull(ArgumentCheckingFrameStore.java:25)
	at edu.stanford.smi.protege.model.framestore.ArgumentCheckingFrameStore.checkCls(ArgumentCheckingFrameStore.java:38)
	at edu.stanford.smi.protege.model.framestore.ArgumentCheckingFrameStore.getTemplateFacetValues(ArgumentCheckingFrameStore.java:302)
	at edu.stanford.smi.protege.model.framestore.ModificationFrameStore.getTemplateFacetValues(ModificationFrameStore.java:162)
	at edu.stanford.smi.protege.model.framestore.FrameStoreAdapter.getTemplateFacetValues(FrameStoreAdapter.java:228)
	at edu.stanford.smi.protege.model.framestore.FrameStoreAdapter.getTemplateFacetValues(FrameStoreAdapter.java:228)
	at edu.stanford.smi.protege.model.framestore.FrameStoreAdapter.getTemplateFacetValues(FrameStoreAdapter.java:228)
	at edu.stanford.smi.protege.model.framestore.FrameStoreAdapter.getTemplateFacetValues(FrameStoreAdapter.java:228)
	at edu.stanford.smi.protege.model.framestore.FrameStoreAdapter.getTemplateFacetValues(FrameStoreAdapter.java:228)
	at edu.stanford.smi.protege.model.framestore.FrameStoreAdapter.getTemplateFacetValues(FrameStoreAdapter.java:228)
	at edu.stanford.smi.protege.model.framestore.FrameStoreAdapter.getTemplateFacetValues(FrameStoreAdapter.java:228)
	at edu.stanford.smi.protege.model.framestore.FrameStoreAdapter.getTemplateFacetValues(FrameStoreAdapter.java:228)
	at edu.stanford.smi.protege.model.framestore.FrameStoreAdapter.getTemplateFacetValues(FrameStoreAdapter.java:228)
	at edu.stanford.smi.protege.model.framestore.FrameStoreAdapter.getTemplateFacetValues(FrameStoreAdapter.java:228)
	at edu.stanford.smi.protege.model.DefaultKnowledgeBase.getTemplateFacetValues(DefaultKnowledgeBase.java:1307)
	at edu.stanford.smi.protege.model.DefaultKnowledgeBase.getTemplateFacetValue(DefaultKnowledgeBase.java:1302)
	at edu.stanford.smi.protege.model.DefaultKnowledgeBase.getTemplateSlotMaximumCardinality2(DefaultKnowledgeBase.java:1344)
	at edu.stanford.smi.protege.model.DefaultKnowledgeBase.getTemplateSlotAllowsMultipleValues(DefaultKnowledgeBase.java:1326)
	at edu.stanford.smi.protege.model.DefaultKnowledgeBase.getOwnSlotAllowsMultipleValues(DefaultKnowledgeBase.java:1100)
	at edu.stanford.smi.protege.model.DefaultFrame.getOwnSlotAllowsMultipleValues(DefaultFrame.java:258)
	at edu.stanford.smi.protege.widget.AbstractSlotWidget.setWidgetValues(AbstractSlotWidget.java:506)
	at edu.stanford.smi.protege.widget.AbstractSlotWidget.loadValues(AbstractSlotWidget.java:357)
	at edu.stanford.smi.protege.widget.AbstractSlotWidget.setInstance(AbstractSlotWidget.java:417)
	at edu.stanford.smi.protegex.owl.ui.widget.AbstractPropertyValuesWidget.setInstance(AbstractPropertyValuesWidget.java:99)
	at edu.stanford.smi.protege.widget.FormWidget.propagateSetInstanceToWidgets(FormWidget.java:789)
	at edu.stanford.smi.protege.widget.FormWidget.setInstance(FormWidget.java:1006)
	at edu.stanford.smi.protege.ui.InstanceDisplay.setInstance(InstanceDisplay.java:759)
	at edu.stanford.smi.protegex.owl.ui.resourcedisplay.ResourceDisplay.setInstance(ResourceDisplay.java:667)
	at edu.stanford.smi.protege.ui.InstanceDisplay.setInstance(InstanceDisplay.java:744)
	at edu.stanford.smi.protegex.owl.ui.resourcedisplay.ResourceDisplay.setInstance(ResourceDisplay.java:651)
	at edu.stanford.smi.protegex.owl.ui.resourcedisplay.ResourceDisplay.setResource(ResourceDisplay.java:673)
	at edu.stanford.smi.protegex.owl.ui.individuals.OWLIndividualsTab$1.selectionChanged(OWLIndividualsTab.java:120)
	at edu.stanford.smi.protege.util.SelectionEventDispatcher.postEvent(SelectionEventDispatcher.java:19)
	at edu.stanford.smi.protege.util.ListenerCollection.postEvent(ListenerCollection.java:72)
	at edu.stanford.smi.protege.util.ListenerCollection.postEvent(ListenerCollection.java:55)
	at edu.stanford.smi.protege.util.SelectableContainer.notifySelectionListeners(SelectableContainer.java:76)
	at edu.stanford.smi.protege.util.SelectableContainer$1.selectionChanged(SelectableContainer.java:22)
	at edu.stanford.smi.protege.util.SelectionEventDispatcher.postEvent(SelectionEventDispatcher.java:19)
	at edu.stanford.smi.protege.util.ListenerCollection.postEvent(ListenerCollection.java:72)
	at edu.stanford.smi.protege.util.ListenerCollection.postEvent(ListenerCollection.java:55)
	at edu.stanford.smi.protege.util.SelectableList.notifySelectionListeners(SelectableList.java:54)
	at edu.stanford.smi.protege.util.SelectableList$1.valueChanged(SelectableList.java:30)
	at javax.swing.JList.fireSelectionValueChanged(JList.java:1796)
	at javax.swing.JList$ListSelectionHandler.valueChanged(JList.java:1810)
	at javax.swing.DefaultListSelectionModel.fireValueChanged(DefaultListSelectionModel.java:184)
	at javax.swing.DefaultListSelectionModel.fireValueChanged(DefaultListSelectionModel.java:154)
	at javax.swing.DefaultListSelectionModel.setValueIsAdjusting(DefaultListSelectionModel.java:685)
	at javax.swing.JList.setValueIsAdjusting(JList.java:2140)
	at javax.swing.plaf.basic.BasicListUI$Handler.mouseReleased(BasicListUI.java:2796)
	at java.awt.AWTEventMulticaster.mouseReleased(AWTEventMulticaster.java:289)
	at java.awt.AWTEventMulticaster.mouseReleased(AWTEventMulticaster.java:289)
	at java.awt.AWTEventMulticaster.mouseReleased(AWTEventMulticaster.java:289)
	at java.awt.AWTEventMulticaster.mouseReleased(AWTEventMulticaster.java:289)
	at java.awt.AWTEventMulticaster.mouseReleased(AWTEventMulticaster.java:289)
	at java.awt.Component.processMouseEvent(Component.java:6535)
	at javax.swing.JComponent.processMouseEvent(JComponent.java:3324)
	at edu.stanford.smi.protege.util.SelectableList.processMouseEvent(SelectableList.java:76)
	at java.awt.Component.processEvent(Component.java:6300)
	at java.awt.Container.processEvent(Container.java:2236)
	at java.awt.Component.dispatchEventImpl(Component.java:4891)
	at java.awt.Container.dispatchEventImpl(Container.java:2294)
	at java.awt.Component.dispatchEvent(Component.java:4713)
	at java.awt.LightweightDispatcher.retargetMouseEvent(Container.java:4888)
	at java.awt.LightweightDispatcher.processMouseEvent(Container.java:4525)
	at java.awt.LightweightDispatcher.dispatchEvent(Container.java:4466)
	at java.awt.Container.dispatchEventImpl(Container.java:2280)
	at java.awt.Window.dispatchEventImpl(Window.java:2750)
	at java.awt.Component.dispatchEvent(Component.java:4713)
	at java.awt.EventQueue.dispatchEventImpl(EventQueue.java:758)
	at java.awt.EventQueue.access$500(EventQueue.java:97)
	at java.awt.EventQueue$3.run(EventQueue.java:709)
	at java.awt.EventQueue$3.run(EventQueue.java:703)
	at java.security.AccessController.doPrivileged(Native Method)
	at java.security.ProtectionDomain$JavaSecurityAccessImpl.doIntersectionPrivilege(ProtectionDomain.java:76)
	at java.security.ProtectionDomain$JavaSecurityAccessImpl.doIntersectionPrivilege(ProtectionDomain.java:86)
	at java.awt.EventQueue$4.run(EventQueue.java:731)
	at java.awt.EventQueue$4.run(EventQueue.java:729)
	at java.security.AccessController.doPrivileged(Native Method)
	at java.security.ProtectionDomain$JavaSecurityAccessImpl.doIntersectionPrivilege(ProtectionDomain.java:76)
	at java.awt.EventQueue.dispatchEvent(EventQueue.java:728)
	at java.awt.EventDispatchThread.pumpOneEventForFilters(EventDispatchThread.java:201)
	at java.awt.EventDispatchThread.pumpEventsForFilter(EventDispatchThread.java:116)
	at java.awt.EventDispatchThread.pumpEventsForHierarchy(EventDispatchThread.java:105)
	at java.awt.EventDispatchThread.pumpEvents(EventDispatchThread.java:101)
	at java.awt.EventDispatchThread.pumpEvents(EventDispatchThread.java:93)
	at java.awt.EventDispatchThread.run(EventDispatchThread.java:82)

2017.03.28 14:22:41.338 CEST WARNING: Exception caught by default exception handler -- java.lang.IllegalArgumentException: null class
	at edu.stanford.smi.protege.model.framestore.ArgumentCheckingFrameStore.assertNotNull(ArgumentCheckingFrameStore.java:25)
	at edu.stanford.smi.protege.model.framestore.ArgumentCheckingFrameStore.checkCls(ArgumentCheckingFrameStore.java:38)
	at edu.stanford.smi.protege.model.framestore.ArgumentCheckingFrameStore.getTemplateFacetValues(ArgumentCheckingFrameStore.java:302)
	at edu.stanford.smi.protege.model.framestore.ModificationFrameStore.getTemplateFacetValues(ModificationFrameStore.java:162)
	at edu.stanford.smi.protege.model.framestore.FrameStoreAdapter.getTemplateFacetValues(FrameStoreAdapter.java:228)
	at edu.stanford.smi.protege.model.framestore.FrameStoreAdapter.getTemplateFacetValues(FrameStoreAdapter.java:228)
	at edu.stanford.smi.protege.model.framestore.FrameStoreAdapter.getTemplateFacetValues(FrameStoreAdapter.java:228)
	at edu.stanford.smi.protege.model.framestore.FrameStoreAdapter.getTemplateFacetValues(FrameStoreAdapter.java:228)
	at edu.stanford.smi.protege.model.framestore.FrameStoreAdapter.getTemplateFacetValues(FrameStoreAdapter.java:228)
	at edu.stanford.smi.protege.model.framestore.FrameStoreAdapter.getTemplateFacetValues(FrameStoreAdapter.java:228)
	at edu.stanford.smi.protege.model.framestore.FrameStoreAdapter.getTemplateFacetValues(FrameStoreAdapter.java:228)
	at edu.stanford.smi.protege.model.framestore.FrameStoreAdapter.getTemplateFacetValues(FrameStoreAdapter.java:228)
	at edu.stanford.smi.protege.model.framestore.FrameStoreAdapter.getTemplateFacetValues(FrameStoreAdapter.java:228)
	at edu.stanford.smi.protege.model.framestore.FrameStoreAdapter.getTemplateFacetValues(FrameStoreAdapter.java:228)
	at edu.stanford.smi.protege.model.DefaultKnowledgeBase.getTemplateFacetValues(DefaultKnowledgeBase.java:1307)
	at edu.stanford.smi.protege.model.DefaultKnowledgeBase.getTemplateFacetValue(DefaultKnowledgeBase.java:1302)
	at edu.stanford.smi.protege.model.DefaultKnowledgeBase.getTemplateSlotMaximumCardinality2(DefaultKnowledgeBase.java:1344)
	at edu.stanford.smi.protege.model.DefaultKnowledgeBase.getTemplateSlotAllowsMultipleValues(DefaultKnowledgeBase.java:1326)
	at edu.stanford.smi.protege.model.DefaultKnowledgeBase.getOwnSlotAllowsMultipleValues(DefaultKnowledgeBase.java:1100)
	at edu.stanford.smi.protege.model.DefaultFrame.getOwnSlotAllowsMultipleValues(DefaultFrame.java:258)
	at edu.stanford.smi.protege.widget.AbstractSlotWidget.setWidgetValues(AbstractSlotWidget.java:506)
	at edu.stanford.smi.protege.widget.AbstractSlotWidget.loadValues(AbstractSlotWidget.java:357)
	at edu.stanford.smi.protege.widget.AbstractSlotWidget.setInstance(AbstractSlotWidget.java:417)
	at edu.stanford.smi.protegex.owl.ui.widget.AbstractPropertyValuesWidget.setInstance(AbstractPropertyValuesWidget.java:99)
	at edu.stanford.smi.protege.widget.FormWidget.propagateSetInstanceToWidgets(FormWidget.java:789)
	at edu.stanford.smi.protege.widget.FormWidget.setInstance(FormWidget.java:1006)
	at edu.stanford.smi.protege.ui.InstanceDisplay.setInstance(InstanceDisplay.java:759)
	at edu.stanford.smi.protegex.owl.ui.resourcedisplay.ResourceDisplay.setInstance(ResourceDisplay.java:667)
	at edu.stanford.smi.protege.ui.InstanceDisplay.setInstance(InstanceDisplay.java:744)
	at edu.stanford.smi.protegex.owl.ui.resourcedisplay.ResourceDisplay.setInstance(ResourceDisplay.java:651)
	at edu.stanford.smi.protegex.owl.ui.resourcedisplay.ResourceDisplay.setResource(ResourceDisplay.java:673)
	at edu.stanford.smi.protegex.owl.ui.individuals.OWLIndividualsTab$1.selectionChanged(OWLIndividualsTab.java:120)
	at edu.stanford.smi.protege.util.SelectionEventDispatcher.postEvent(SelectionEventDispatcher.java:19)
	at edu.stanford.smi.protege.util.ListenerCollection.postEvent(ListenerCollection.java:72)
	at edu.stanford.smi.protege.util.ListenerCollection.postEvent(ListenerCollection.java:55)
	at edu.stanford.smi.protege.util.SelectableContainer.notifySelectionListeners(SelectableContainer.java:76)
	at edu.stanford.smi.protege.util.SelectableContainer$1.selectionChanged(SelectableContainer.java:22)
	at edu.stanford.smi.protege.util.SelectionEventDispatcher.postEvent(SelectionEventDispatcher.java:19)
	at edu.stanford.smi.protege.util.ListenerCollection.postEvent(ListenerCollection.java:72)
	at edu.stanford.smi.protege.util.ListenerCollection.postEvent(ListenerCollection.java:55)
	at edu.stanford.smi.protege.util.SelectableList.notifySelectionListeners(SelectableList.java:54)
	at edu.stanford.smi.protege.util.SelectableList$1.valueChanged(SelectableList.java:30)
	at javax.swing.JList.fireSelectionValueChanged(JList.java:1796)
	at javax.swing.JList$ListSelectionHandler.valueChanged(JList.java:1810)
	at javax.swing.DefaultListSelectionModel.fireValueChanged(DefaultListSelectionModel.java:184)
	at javax.swing.DefaultListSelectionModel.fireValueChanged(DefaultListSelectionModel.java:154)
	at javax.swing.DefaultListSelectionModel.setValueIsAdjusting(DefaultListSelectionModel.java:685)
	at javax.swing.JList.setValueIsAdjusting(JList.java:2140)
	at javax.swing.plaf.basic.BasicListUI$Handler.mouseReleased(BasicListUI.java:2796)
	at java.awt.AWTEventMulticaster.mouseReleased(AWTEventMulticaster.java:289)
	at java.awt.AWTEventMulticaster.mouseReleased(AWTEventMulticaster.java:289)
	at java.awt.AWTEventMulticaster.mouseReleased(AWTEventMulticaster.java:289)
	at java.awt.AWTEventMulticaster.mouseReleased(AWTEventMulticaster.java:289)
	at java.awt.AWTEventMulticaster.mouseReleased(AWTEventMulticaster.java:289)
	at java.awt.Component.processMouseEvent(Component.java:6535)
	at javax.swing.JComponent.processMouseEvent(JComponent.java:3324)
	at edu.stanford.smi.protege.util.SelectableList.processMouseEvent(SelectableList.java:76)
	at java.awt.Component.processEvent(Component.java:6300)
	at java.awt.Container.processEvent(Container.java:2236)
	at java.awt.Component.dispatchEventImpl(Component.java:4891)
	at java.awt.Container.dispatchEventImpl(Container.java:2294)
	at java.awt.Component.dispatchEvent(Component.java:4713)
	at java.awt.LightweightDispatcher.retargetMouseEvent(Container.java:4888)
	at java.awt.LightweightDispatcher.processMouseEvent(Container.java:4525)
	at java.awt.LightweightDispatcher.dispatchEvent(Container.java:4466)
	at java.awt.Container.dispatchEventImpl(Container.java:2280)
	at java.awt.Window.dispatchEventImpl(Window.java:2750)
	at java.awt.Component.dispatchEvent(Component.java:4713)
	at java.awt.EventQueue.dispatchEventImpl(EventQueue.java:758)
	at java.awt.EventQueue.access$500(EventQueue.java:97)
	at java.awt.EventQueue$3.run(EventQueue.java:709)
	at java.awt.EventQueue$3.run(EventQueue.java:703)
	at java.security.AccessController.doPrivileged(Native Method)
	at java.security.ProtectionDomain$JavaSecurityAccessImpl.doIntersectionPrivilege(ProtectionDomain.java:76)
	at java.security.ProtectionDomain$JavaSecurityAccessImpl.doIntersectionPrivilege(ProtectionDomain.java:86)
	at java.awt.EventQueue$4.run(EventQueue.java:731)
	at java.awt.EventQueue$4.run(EventQueue.java:729)
	at java.security.AccessController.doPrivileged(Native Method)
	at java.security.ProtectionDomain$JavaSecurityAccessImpl.doIntersectionPrivilege(ProtectionDomain.java:76)
	at java.awt.EventQueue.dispatchEvent(EventQueue.java:728)
	at java.awt.EventDispatchThread.pumpOneEventForFilters(EventDispatchThread.java:201)
	at java.awt.EventDispatchThread.pumpEventsForFilter(EventDispatchThread.java:116)
	at java.awt.EventDispatchThread.pumpEventsForHierarchy(EventDispatchThread.java:105)
	at java.awt.EventDispatchThread.pumpEvents(EventDispatchThread.java:101)
	at java.awt.EventDispatchThread.pumpEvents(EventDispatchThread.java:93)
	at java.awt.EventDispatchThread.run(EventDispatchThread.java:82)

2017.03.28 14:22:52.723 CEST WARNING: Exception caught by default exception handler -- java.lang.IllegalArgumentException: null class
	at edu.stanford.smi.protege.model.framestore.ArgumentCheckingFrameStore.assertNotNull(ArgumentCheckingFrameStore.java:25)
	at edu.stanford.smi.protege.model.framestore.ArgumentCheckingFrameStore.checkCls(ArgumentCheckingFrameStore.java:38)
	at edu.stanford.smi.protege.model.framestore.ArgumentCheckingFrameStore.getTemplateFacetValues(ArgumentCheckingFrameStore.java:302)
	at edu.stanford.smi.protege.model.framestore.ModificationFrameStore.getTemplateFacetValues(ModificationFrameStore.java:162)
	at edu.stanford.smi.protege.model.framestore.FrameStoreAdapter.getTemplateFacetValues(FrameStoreAdapter.java:228)
	at edu.stanford.smi.protege.model.framestore.FrameStoreAdapter.getTemplateFacetValues(FrameStoreAdapter.java:228)
	at edu.stanford.smi.protege.model.framestore.FrameStoreAdapter.getTemplateFacetValues(FrameStoreAdapter.java:228)
	at edu.stanford.smi.protege.model.framestore.FrameStoreAdapter.getTemplateFacetValues(FrameStoreAdapter.java:228)
	at edu.stanford.smi.protege.model.framestore.FrameStoreAdapter.getTemplateFacetValues(FrameStoreAdapter.java:228)
	at edu.stanford.smi.protege.model.framestore.FrameStoreAdapter.getTemplateFacetValues(FrameStoreAdapter.java:228)
	at edu.stanford.smi.protege.model.framestore.FrameStoreAdapter.getTemplateFacetValues(FrameStoreAdapter.java:228)
	at edu.stanford.smi.protege.model.framestore.FrameStoreAdapter.getTemplateFacetValues(FrameStoreAdapter.java:228)
	at edu.stanford.smi.protege.model.framestore.FrameStoreAdapter.getTemplateFacetValues(FrameStoreAdapter.java:228)
	at edu.stanford.smi.protege.model.framestore.FrameStoreAdapter.getTemplateFacetValues(FrameStoreAdapter.java:228)
	at edu.stanford.smi.protege.model.DefaultKnowledgeBase.getTemplateFacetValues(DefaultKnowledgeBase.java:1307)
	at edu.stanford.smi.protege.model.DefaultKnowledgeBase.getTemplateFacetValue(DefaultKnowledgeBase.java:1302)
	at edu.stanford.smi.protege.model.DefaultKnowledgeBase.getTemplateSlotMaximumCardinality2(DefaultKnowledgeBase.java:1344)
	at edu.stanford.smi.protege.model.DefaultKnowledgeBase.getTemplateSlotAllowsMultipleValues(DefaultKnowledgeBase.java:1326)
	at edu.stanford.smi.protege.model.DefaultKnowledgeBase.getOwnSlotAllowsMultipleValues(DefaultKnowledgeBase.java:1100)
	at edu.stanford.smi.protege.model.DefaultFrame.getOwnSlotAllowsMultipleValues(DefaultFrame.java:258)
	at edu.stanford.smi.protege.widget.AbstractSlotWidget.setWidgetValues(AbstractSlotWidget.java:506)
	at edu.stanford.smi.protege.widget.AbstractSlotWidget.loadValues(AbstractSlotWidget.java:357)
	at edu.stanford.smi.protege.widget.AbstractSlotWidget.setInstance(AbstractSlotWidget.java:417)
	at edu.stanford.smi.protegex.owl.ui.widget.AbstractPropertyValuesWidget.setInstance(AbstractPropertyValuesWidget.java:99)
	at edu.stanford.smi.protege.widget.FormWidget.propagateSetInstanceToWidgets(FormWidget.java:789)
	at edu.stanford.smi.protege.widget.FormWidget.setInstance(FormWidget.java:1006)
	at edu.stanford.smi.protege.ui.InstanceDisplay.setInstance(InstanceDisplay.java:759)
	at edu.stanford.smi.protegex.owl.ui.resourcedisplay.ResourceDisplay.setInstance(ResourceDisplay.java:667)
	at edu.stanford.smi.protege.ui.InstanceDisplay.setInstance(InstanceDisplay.java:744)
	at edu.stanford.smi.protegex.owl.ui.resourcedisplay.ResourceDisplay.setInstance(ResourceDisplay.java:651)
	at edu.stanford.smi.protegex.owl.ui.resourcedisplay.ResourceDisplay.setResource(ResourceDisplay.java:673)
	at edu.stanford.smi.protegex.owl.ui.individuals.OWLIndividualsTab$1.selectionChanged(OWLIndividualsTab.java:120)
	at edu.stanford.smi.protege.util.SelectionEventDispatcher.postEvent(SelectionEventDispatcher.java:19)
	at edu.stanford.smi.protege.util.ListenerCollection.postEvent(ListenerCollection.java:72)
	at edu.stanford.smi.protege.util.ListenerCollection.postEvent(ListenerCollection.java:55)
	at edu.stanford.smi.protege.util.SelectableContainer.notifySelectionListeners(SelectableContainer.java:76)
	at edu.stanford.smi.protege.util.SelectableContainer$1.selectionChanged(SelectableContainer.java:22)
	at edu.stanford.smi.protege.util.SelectionEventDispatcher.postEvent(SelectionEventDispatcher.java:19)
	at edu.stanford.smi.protege.util.ListenerCollection.postEvent(ListenerCollection.java:72)
	at edu.stanford.smi.protege.util.ListenerCollection.postEvent(ListenerCollection.java:55)
	at edu.stanford.smi.protege.util.SelectableList.notifySelectionListeners(SelectableList.java:54)
	at edu.stanford.smi.protege.util.SelectableList$1.valueChanged(SelectableList.java:30)
	at javax.swing.JList.fireSelectionValueChanged(JList.java:1796)
	at javax.swing.JList$ListSelectionHandler.valueChanged(JList.java:1810)
	at javax.swing.DefaultListSelectionModel.fireValueChanged(DefaultListSelectionModel.java:184)
	at javax.swing.DefaultListSelectionModel.fireValueChanged(DefaultListSelectionModel.java:154)
	at javax.swing.DefaultListSelectionModel.setValueIsAdjusting(DefaultListSelectionModel.java:685)
	at javax.swing.JList.setValueIsAdjusting(JList.java:2140)
	at javax.swing.plaf.basic.BasicListUI$Handler.mouseReleased(BasicListUI.java:2796)
	at java.awt.AWTEventMulticaster.mouseReleased(AWTEventMulticaster.java:289)
	at java.awt.AWTEventMulticaster.mouseReleased(AWTEventMulticaster.java:289)
	at java.awt.AWTEventMulticaster.mouseReleased(AWTEventMulticaster.java:289)
	at java.awt.AWTEventMulticaster.mouseReleased(AWTEventMulticaster.java:289)
	at java.awt.AWTEventMulticaster.mouseReleased(AWTEventMulticaster.java:289)
	at java.awt.Component.processMouseEvent(Component.java:6535)
	at javax.swing.JComponent.processMouseEvent(JComponent.java:3324)
	at edu.stanford.smi.protege.util.SelectableList.processMouseEvent(SelectableList.java:76)
	at java.awt.Component.processEvent(Component.java:6300)
	at java.awt.Container.processEvent(Container.java:2236)
	at java.awt.Component.dispatchEventImpl(Component.java:4891)
	at java.awt.Container.dispatchEventImpl(Container.java:2294)
	at java.awt.Component.dispatchEvent(Component.java:4713)
	at java.awt.LightweightDispatcher.retargetMouseEvent(Container.java:4888)
	at java.awt.LightweightDispatcher.processMouseEvent(Container.java:4525)
	at java.awt.LightweightDispatcher.dispatchEvent(Container.java:4466)
	at java.awt.Container.dispatchEventImpl(Container.java:2280)
	at java.awt.Window.dispatchEventImpl(Window.java:2750)
	at java.awt.Component.dispatchEvent(Component.java:4713)
	at java.awt.EventQueue.dispatchEventImpl(EventQueue.java:758)
	at java.awt.EventQueue.access$500(EventQueue.java:97)
	at java.awt.EventQueue$3.run(EventQueue.java:709)
	at java.awt.EventQueue$3.run(EventQueue.java:703)
	at java.security.AccessController.doPrivileged(Native Method)
	at java.security.ProtectionDomain$JavaSecurityAccessImpl.doIntersectionPrivilege(ProtectionDomain.java:76)
	at java.security.ProtectionDomain$JavaSecurityAccessImpl.doIntersectionPrivilege(ProtectionDomain.java:86)
	at java.awt.EventQueue$4.run(EventQueue.java:731)
	at java.awt.EventQueue$4.run(EventQueue.java:729)
	at java.security.AccessController.doPrivileged(Native Method)
	at java.security.ProtectionDomain$JavaSecurityAccessImpl.doIntersectionPrivilege(ProtectionDomain.java:76)
	at java.awt.EventQueue.dispatchEvent(EventQueue.java:728)
	at java.awt.EventDispatchThread.pumpOneEventForFilters(EventDispatchThread.java:201)
	at java.awt.EventDispatchThread.pumpEventsForFilter(EventDispatchThread.java:116)
	at java.awt.EventDispatchThread.pumpEventsForHierarchy(EventDispatchThread.java:105)
	at java.awt.EventDispatchThread.pumpEvents(EventDispatchThread.java:101)
	at java.awt.EventDispatchThread.pumpEvents(EventDispatchThread.java:93)
	at java.awt.EventDispatchThread.run(EventDispatchThread.java:82)

2017.03.28 14:22:53.459 CEST WARNING: Exception caught by default exception handler -- java.lang.IllegalArgumentException: null class
	at edu.stanford.smi.protege.model.framestore.ArgumentCheckingFrameStore.assertNotNull(ArgumentCheckingFrameStore.java:25)
	at edu.stanford.smi.protege.model.framestore.ArgumentCheckingFrameStore.checkCls(ArgumentCheckingFrameStore.java:38)
	at edu.stanford.smi.protege.model.framestore.ArgumentCheckingFrameStore.getTemplateFacetValues(ArgumentCheckingFrameStore.java:302)
	at edu.stanford.smi.protege.model.framestore.ModificationFrameStore.getTemplateFacetValues(ModificationFrameStore.java:162)
	at edu.stanford.smi.protege.model.framestore.FrameStoreAdapter.getTemplateFacetValues(FrameStoreAdapter.java:228)
	at edu.stanford.smi.protege.model.framestore.FrameStoreAdapter.getTemplateFacetValues(FrameStoreAdapter.java:228)
	at edu.stanford.smi.protege.model.framestore.FrameStoreAdapter.getTemplateFacetValues(FrameStoreAdapter.java:228)
	at edu.stanford.smi.protege.model.framestore.FrameStoreAdapter.getTemplateFacetValues(FrameStoreAdapter.java:228)
	at edu.stanford.smi.protege.model.framestore.FrameStoreAdapter.getTemplateFacetValues(FrameStoreAdapter.java:228)
	at edu.stanford.smi.protege.model.framestore.FrameStoreAdapter.getTemplateFacetValues(FrameStoreAdapter.java:228)
	at edu.stanford.smi.protege.model.framestore.FrameStoreAdapter.getTemplateFacetValues(FrameStoreAdapter.java:228)
	at edu.stanford.smi.protege.model.framestore.FrameStoreAdapter.getTemplateFacetValues(FrameStoreAdapter.java:228)
	at edu.stanford.smi.protege.model.framestore.FrameStoreAdapter.getTemplateFacetValues(FrameStoreAdapter.java:228)
	at edu.stanford.smi.protege.model.framestore.FrameStoreAdapter.getTemplateFacetValues(FrameStoreAdapter.java:228)
	at edu.stanford.smi.protege.model.DefaultKnowledgeBase.getTemplateFacetValues(DefaultKnowledgeBase.java:1307)
	at edu.stanford.smi.protege.model.DefaultKnowledgeBase.getTemplateFacetValue(DefaultKnowledgeBase.java:1302)
	at edu.stanford.smi.protege.model.DefaultKnowledgeBase.getTemplateSlotMaximumCardinality2(DefaultKnowledgeBase.java:1344)
	at edu.stanford.smi.protege.model.DefaultKnowledgeBase.getTemplateSlotAllowsMultipleValues(DefaultKnowledgeBase.java:1326)
	at edu.stanford.smi.protege.model.DefaultKnowledgeBase.getOwnSlotAllowsMultipleValues(DefaultKnowledgeBase.java:1100)
	at edu.stanford.smi.protege.model.DefaultFrame.getOwnSlotAllowsMultipleValues(DefaultFrame.java:258)
	at edu.stanford.smi.protege.widget.AbstractSlotWidget.setWidgetValues(AbstractSlotWidget.java:506)
	at edu.stanford.smi.protege.widget.AbstractSlotWidget.loadValues(AbstractSlotWidget.java:357)
	at edu.stanford.smi.protege.widget.AbstractSlotWidget.setInstance(AbstractSlotWidget.java:417)
	at edu.stanford.smi.protegex.owl.ui.widget.AbstractPropertyValuesWidget.setInstance(AbstractPropertyValuesWidget.java:99)
	at edu.stanford.smi.protege.widget.FormWidget.propagateSetInstanceToWidgets(FormWidget.java:789)
	at edu.stanford.smi.protege.widget.FormWidget.setInstance(FormWidget.java:1006)
	at edu.stanford.smi.protege.ui.InstanceDisplay.setInstance(InstanceDisplay.java:759)
	at edu.stanford.smi.protegex.owl.ui.resourcedisplay.ResourceDisplay.setInstance(ResourceDisplay.java:667)
	at edu.stanford.smi.protege.ui.InstanceDisplay.setInstance(InstanceDisplay.java:744)
	at edu.stanford.smi.protegex.owl.ui.resourcedisplay.ResourceDisplay.setInstance(ResourceDisplay.java:651)
	at edu.stanford.smi.protegex.owl.ui.resourcedisplay.ResourceDisplay.setResource(ResourceDisplay.java:673)
	at edu.stanford.smi.protegex.owl.ui.individuals.OWLIndividualsTab$1.selectionChanged(OWLIndividualsTab.java:120)
	at edu.stanford.smi.protege.util.SelectionEventDispatcher.postEvent(SelectionEventDispatcher.java:19)
	at edu.stanford.smi.protege.util.ListenerCollection.postEvent(ListenerCollection.java:72)
	at edu.stanford.smi.protege.util.ListenerCollection.postEvent(ListenerCollection.java:55)
	at edu.stanford.smi.protege.util.SelectableContainer.notifySelectionListeners(SelectableContainer.java:76)
	at edu.stanford.smi.protege.util.SelectableContainer$1.selectionChanged(SelectableContainer.java:22)
	at edu.stanford.smi.protege.util.SelectionEventDispatcher.postEvent(SelectionEventDispatcher.java:19)
	at edu.stanford.smi.protege.util.ListenerCollection.postEvent(ListenerCollection.java:72)
	at edu.stanford.smi.protege.util.ListenerCollection.postEvent(ListenerCollection.java:55)
	at edu.stanford.smi.protege.util.SelectableList.notifySelectionListeners(SelectableList.java:54)
	at edu.stanford.smi.protege.util.SelectableList$1.valueChanged(SelectableList.java:30)
	at javax.swing.JList.fireSelectionValueChanged(JList.java:1796)
	at javax.swing.JList$ListSelectionHandler.valueChanged(JList.java:1810)
	at javax.swing.DefaultListSelectionModel.fireValueChanged(DefaultListSelectionModel.java:184)
	at javax.swing.DefaultListSelectionModel.fireValueChanged(DefaultListSelectionModel.java:154)
	at javax.swing.DefaultListSelectionModel.setValueIsAdjusting(DefaultListSelectionModel.java:685)
	at javax.swing.JList.setValueIsAdjusting(JList.java:2140)
	at javax.swing.plaf.basic.BasicListUI$Handler.mouseReleased(BasicListUI.java:2796)
	at java.awt.AWTEventMulticaster.mouseReleased(AWTEventMulticaster.java:289)
	at java.awt.AWTEventMulticaster.mouseReleased(AWTEventMulticaster.java:289)
	at java.awt.AWTEventMulticaster.mouseReleased(AWTEventMulticaster.java:289)
	at java.awt.AWTEventMulticaster.mouseReleased(AWTEventMulticaster.java:289)
	at java.awt.AWTEventMulticaster.mouseReleased(AWTEventMulticaster.java:289)
	at java.awt.Component.processMouseEvent(Component.java:6535)
	at javax.swing.JComponent.processMouseEvent(JComponent.java:3324)
	at edu.stanford.smi.protege.util.SelectableList.processMouseEvent(SelectableList.java:76)
	at java.awt.Component.processEvent(Component.java:6300)
	at java.awt.Container.processEvent(Container.java:2236)
	at java.awt.Component.dispatchEventImpl(Component.java:4891)
	at java.awt.Container.dispatchEventImpl(Container.java:2294)
	at java.awt.Component.dispatchEvent(Component.java:4713)
	at java.awt.LightweightDispatcher.retargetMouseEvent(Container.java:4888)
	at java.awt.LightweightDispatcher.processMouseEvent(Container.java:4525)
	at java.awt.LightweightDispatcher.dispatchEvent(Container.java:4466)
	at java.awt.Container.dispatchEventImpl(Container.java:2280)
	at java.awt.Window.dispatchEventImpl(Window.java:2750)
	at java.awt.Component.dispatchEvent(Component.java:4713)
	at java.awt.EventQueue.dispatchEventImpl(EventQueue.java:758)
	at java.awt.EventQueue.access$500(EventQueue.java:97)
	at java.awt.EventQueue$3.run(EventQueue.java:709)
	at java.awt.EventQueue$3.run(EventQueue.java:703)
	at java.security.AccessController.doPrivileged(Native Method)
	at java.security.ProtectionDomain$JavaSecurityAccessImpl.doIntersectionPrivilege(ProtectionDomain.java:76)
	at java.security.ProtectionDomain$JavaSecurityAccessImpl.doIntersectionPrivilege(ProtectionDomain.java:86)
	at java.awt.EventQueue$4.run(EventQueue.java:731)
	at java.awt.EventQueue$4.run(EventQueue.java:729)
	at java.security.AccessController.doPrivileged(Native Method)
	at java.security.ProtectionDomain$JavaSecurityAccessImpl.doIntersectionPrivilege(ProtectionDomain.java:76)
	at java.awt.EventQueue.dispatchEvent(EventQueue.java:728)
	at java.awt.EventDispatchThread.pumpOneEventForFilters(EventDispatchThread.java:201)
	at java.awt.EventDispatchThread.pumpEventsForFilter(EventDispatchThread.java:116)
	at java.awt.EventDispatchThread.pumpEventsForHierarchy(EventDispatchThread.java:105)
	at java.awt.EventDispatchThread.pumpEvents(EventDispatchThread.java:101)
	at java.awt.EventDispatchThread.pumpEvents(EventDispatchThread.java:93)
	at java.awt.EventDispatchThread.run(EventDispatchThread.java:82)

