2017.03.28 15:01:13.978 CEST INFO: *** SYSTEM START *** -- SystemUtilities.logSystemInfo()
2017.03.28 15:01:13.989 CEST CONFIG: Protege 3.5 Build 663, JVM 1.8.0_91-b14, memory=3817M, Mac OS X, encoding=UTF-8, language=en, country=US -- SystemUtilities.logSystemInfo()
2017.03.28 15:01:14.072 CEST CONFIG: Loaded plugin edu.stanford.smi.protegex.owl - OWL Plugin -- PluginUtilities.logClassLoaderInformation()
2017.03.28 15:01:14.568 CEST CONFIG: Loaded plugin ca.uvic.cs.chisel.jambalaya - Jambalaya -- PluginUtilities.logClassLoaderInformation()
2017.03.28 15:01:14.578 CEST CONFIG: Loaded plugin com.clarkparsia.protege3.database - Clark Parsia Database Backend -- PluginUtilities.logClassLoaderInformation()
2017.03.28 15:01:14.591 CEST WARNING: java.lang.ClassNotFoundException: com.clarkparsia.protege3.storage.database.owl.CreateCPOWLDatabaseProjectPlugin -- PluginUtilities.isLoadableClass()
2017.03.28 15:01:14.591 CEST CONFIG: Loaded plugin dfki.protege.ontoviz -- PluginUtilities.logClassLoaderInformation()
2017.03.28 15:01:14.596 CEST CONFIG: Loaded plugin edu.stanford.smi.protegex.standard_extensions - Graph Widget, Table Widget -- PluginUtilities.logClassLoaderInformation()
2017.03.28 15:01:14.693 CEST CONFIG: Loaded plugin edu.stanford.bmir.protegex.bp.ref - BioPortal Reference Plugin, BioPortal Import Plugin -- PluginUtilities.logClassLoaderInformation()
2017.03.28 15:01:14.709 CEST CONFIG: Loaded plugin edu.stanford.smi.protegex.rdf_backend - RDF Backend -- PluginUtilities.logClassLoaderInformation()
2017.03.28 15:01:14.721 CEST CONFIG: Loaded plugin edu.stanford.smi.protegex.changes - Changes tab -- PluginUtilities.logClassLoaderInformation()
2017.03.28 15:01:14.742 CEST CONFIG: Loaded plugin edu.stanford.smi.protegex.chatPlugin - Chat -- PluginUtilities.logClassLoaderInformation()
2017.03.28 15:01:14.747 CEST CONFIG: Loaded plugin edu.stanford.smi.protege.collab - Collaborative Protege -- PluginUtilities.logClassLoaderInformation()
2017.03.28 15:01:14.774 CEST CONFIG: Loaded plugin edu.stanford.smi.protege.script - Script Plugin -- PluginUtilities.logClassLoaderInformation()
2017.03.28 15:01:14.807 CEST CONFIG: Loaded plugin edu.stanford.smi.protege.stringsearch - String Search Tab -- PluginUtilities.logClassLoaderInformation()
2017.03.28 15:01:14.820 CEST CONFIG: Loaded plugin edu.stanford.smi.protegex.changeanalysis - Change Analysis Tab -- PluginUtilities.logClassLoaderInformation()
2017.03.28 15:01:14.863 CEST CONFIG: Loaded plugin edu.stanford.smi.protegex.datamaster - DataMaster Tab -- PluginUtilities.logClassLoaderInformation()
2017.03.28 15:01:14.867 CEST CONFIG: Loaded plugin edu.stanford.smi.protegex.pal_tabs - PAL Tabs -- PluginUtilities.logClassLoaderInformation()
2017.03.28 15:01:14.875 CEST CONFIG: Loaded plugin edu.stanford.smi.protegex.ezpal - EZPal Tab -- PluginUtilities.logClassLoaderInformation()
2017.03.28 15:01:14.877 CEST CONFIG: Loaded plugin edu.stanford.smi.protegex.facets_tab -- PluginUtilities.logClassLoaderInformation()
2017.03.28 15:01:14.880 CEST CONFIG: Loaded plugin edu.stanford.smi.protegex.instance_tree -- PluginUtilities.logClassLoaderInformation()
2017.03.28 15:01:14.893 CEST CONFIG: Loaded plugin edu.stanford.smi.protegex.prompt - PROMPT Tab -- PluginUtilities.logClassLoaderInformation()
2017.03.28 15:01:15.044 CEST CONFIG: Loaded plugin edu.stanford.smi.protegex.metaanalysis - MetaAnalysis Tab -- PluginUtilities.logClassLoaderInformation()
2017.03.28 15:01:15.068 CEST CONFIG: Loaded plugin edu.stanford.smi.protegex.owl.inference.pellet - Protege Pellet Reasoner -- PluginUtilities.logClassLoaderInformation()
2017.03.28 15:01:15.084 CEST CONFIG: Loaded plugin edu.stanford.smi.protegex.query.lucene - LuceneQueryTab -- PluginUtilities.logClassLoaderInformation()
2017.03.28 15:01:15.101 CEST CONFIG: Loaded plugin edu.stanford.smi.protegex.xml_tab - XML Tab -- PluginUtilities.logClassLoaderInformation()
2017.03.28 15:01:15.104 CEST CONFIG: Loaded plugin org.protege.owl.axiome - Axiome Plugin -- PluginUtilities.logClassLoaderInformation()
2017.03.28 15:01:15.114 CEST CONFIG: Loaded plugin org.protege.owl.mappingmaster - MappingMaster Plugin -- PluginUtilities.logClassLoaderInformation()
2017.03.28 15:01:15.121 CEST CONFIG: Loaded plugin se.liu.ida.JessTab - JessTab Plugin -- PluginUtilities.logClassLoaderInformation()
2017.03.28 15:01:15.127 CEST CONFIG: Loaded plugin UBBgYearWidget - UBBgYearWidget -- PluginUtilities.logClassLoaderInformation()
2017.03.28 15:01:15.128 CEST CONFIG: Loaded plugin ubbIdGeneratorSlotWidget - UBBIdGeneratorSlotWidget -- PluginUtilities.logClassLoaderInformation()
2017.03.28 15:01:15.130 CEST CONFIG: Loaded plugin uk.ac.iam.soton.akt.tgviztab - TGVizTab -- PluginUtilities.logClassLoaderInformation()
2017.03.28 15:01:15.134 CEST CONFIG: Loaded plugin uk.ac.man.cs.mig.coode.debugger -- PluginUtilities.logClassLoaderInformation()
2017.03.28 15:01:15.137 CEST CONFIG: Loaded plugin uk.ac.man.cs.mig.coode.manchesterowlsyntaxeditor -- PluginUtilities.logClassLoaderInformation()
2017.03.28 15:01:15.140 CEST CONFIG: Loaded plugin uk.ac.man.cs.mig.coode.owldoc -- PluginUtilities.logClassLoaderInformation()
2017.03.28 15:01:15.142 CEST CONFIG: Loaded plugin uk.ac.man.cs.mig.coode.owlindividualstab -- PluginUtilities.logClassLoaderInformation()
2017.03.28 15:01:15.146 CEST CONFIG: Loaded plugin uk.ac.man.cs.mig.coode.owlviz -- PluginUtilities.logClassLoaderInformation()
2017.03.28 15:01:15.152 CEST CONFIG: Loaded plugin uk.ac.man.cs.mig.coode.protege.wizard - Basic Wizards -- PluginUtilities.logClassLoaderInformation()
2017.03.28 15:01:15.154 CEST CONFIG: Loaded plugin uk.ac.man.cs.mig.coode.protege.wizard.owl - OWL Wizards -- PluginUtilities.logClassLoaderInformation()
2017.03.28 15:01:19.453 CEST INFO: Loading triples for: file:/Volumes/HEMED/SVNRepos/dst/projects/protege-projects/skeivt-arkiv/skeivt-arkiv-test.rdf-xml.owl -- ProtegeOWLParser.loadTriples()
2017.03.28 15:01:19.647 CEST INFO:     Completed triple loading after 193 ms -- ProtegeOWLParser.loadTriples()
2017.03.28 15:01:19.648 CEST INFO: Importing http://data.ub.uib.no/ontology/ubbont.owl from location: http://data.ub.uib.no/ontology/ubbont.owl -- AbstractOWLModel.loadImportedAssertions()
2017.03.28 15:01:19.656 CEST INFO: Loading triples for: http://data.ub.uib.no/ontology/ubbont.owl -- ProtegeOWLParser.loadTriples()
2017.03.28 15:01:19.752 CEST INFO:     Completed triple loading after 96 ms -- ProtegeOWLParser.loadTriples()
2017.03.28 15:01:19.752 CEST INFO: http://data.ub.uib.no/ontology/ubbont.owl already imported as triple store http://data.ub.uib.no/ontology/ubbont.owl -- AbstractOWLModel.loadImportedAssertions()
2017.03.28 15:01:19.755 CEST INFO: Postprocess: Process entities with incorrect Java type (28 entities) ...  -- TriplePostProcessor.processFramesWithWrongJavaType()
2017.03.28 15:01:19.756 CEST INFO: 0 ms
 -- TriplePostProcessor.processFramesWithWrongJavaType()
2017.03.28 15:01:19.756 CEST INFO: Postprocess: Process metaclasses (3 metaclasses) ...  -- TriplePostProcessor.processMetaclasses()
2017.03.28 15:01:19.756 CEST INFO: 0 ms
 -- TriplePostProcessor.processMetaclasses()
2017.03.28 15:01:19.756 CEST INFO: Postprocess: Process subclasses of rdf:List (1 classes) ...  -- TriplePostProcessor.processSubclassesOfRdfList()
2017.03.28 15:01:19.756 CEST INFO: 0 ms
 -- TriplePostProcessor.processSubclassesOfRdfList()
2017.03.28 15:01:19.756 CEST INFO: Postprocess: Instances with multiple types (113 instances) ...  -- TriplePostProcessor.processInstancesWithMultipleTypes()
2017.03.28 15:01:19.759 CEST INFO: 3 ms
 -- TriplePostProcessor.processInstancesWithMultipleTypes()
2017.03.28 15:01:19.760 CEST INFO: Postprocess: Add inferred superclasses ...  -- TriplePostProcessor.processInferredSuperclasses()
2017.03.28 15:01:19.760 CEST INFO: 0 ms
 -- TriplePostProcessor.processInferredSuperclasses()
2017.03.28 15:01:19.762 CEST INFO: Postprocess: Process orphan classes (144 classes) ...  -- TriplePostProcessor.processOrphanClses()
2017.03.28 15:01:19.764 CEST INFO: 2 ms
 -- TriplePostProcessor.processOrphanClses()
2017.03.28 15:01:19.764 CEST INFO: Postprocess: Generalized Concept Inclusion (0 axioms) ...  -- TriplePostProcessor.processGeneralizedConceptInclusions()
2017.03.28 15:01:19.765 CEST INFO: 1 ms
 -- TriplePostProcessor.processGeneralizedConceptInclusions()
2017.03.28 15:01:19.765 CEST INFO: Postprocess: Abstract classes...  -- TriplePostProcessor.processAbstractClasses()
2017.03.28 15:01:19.765 CEST INFO: 0 ms
 -- TriplePostProcessor.processAbstractClasses()
2017.03.28 15:01:19.765 CEST INFO: Postprocess: Domain and range of properties...  -- TriplePostProcessor.processDomainAndRange()
2017.03.28 15:01:19.780 CEST INFO: 15 ms
 -- TriplePostProcessor.processDomainAndRange()
2017.03.28 15:01:19.780 CEST INFO: Postprocess: Possibly typed entities (6 resources) ...  -- TriplePostProcessor.processPossiblyTypedResources()
2017.03.28 15:01:19.780 CEST INFO: 0 ms
 -- TriplePostProcessor.processPossiblyTypedResources()
2017.03.28 15:01:19.781 CEST INFO: Updating underlying frames model in 0 ms -- ProtegeOWLParser.doFinalPostProcessing()
2017.03.28 15:01:21.815 CEST INFO: Load time for file:/Volumes/HEMED/SVNRepos/dst/projects/protege-projects/skeivt-arkiv/skeivt-arkiv-test.rdf-xml.pprj = 1 sec (project) + 2 sec (ui) -- ProjectManager$3.run()
